#
# There is insufficient memory for the Java Runtime Environment to continue.
# Native memory allocation (mmap) failed to map 65536 bytes for Failed to commit metaspace.
# Possible reasons:
#   The system is out of physical RAM or swap space
#   The process is running with CompressedOops enabled, and the Java Heap may be blocking the growth of the native heap
# Possible solutions:
#   Reduce memory load on the system
#   Increase physical memory or swap space
#   Check if swap backing store is full
#   Decrease Java heap size (-Xmx/-Xms)
#   Decrease number of Java threads
#   Decrease Java thread stack sizes (-Xss)
#   Set larger code cache with -XX:ReservedCodeCacheSize=
#   JVM is running with Unscaled Compressed Oops mode in which the Java heap is
#     placed in the first 4GB address space. The Java Heap base address is the
#     maximum limit for the native heap growth. Please use -XX:HeapBaseMinAddress
#     to set the Java Heap base and to place the Java Heap above 4GB virtual address.
# This output file may be truncated or incomplete.
#
#  Out of Memory Error (virtualSpaceNode.cpp:110), pid=6048, tid=6868
#
# JRE version: Java(TM) SE Runtime Environment (17.0.5+9) (build 17.0.5+9-LTS-191)
# Java VM: Java HotSpot(TM) 64-Bit Server VM (17.0.5+9-LTS-191, mixed mode, emulated-client, sharing, tiered, compressed oops, compressed class ptrs, g1 gc, windows-amd64)
# No core dump will be written. Minidumps are not enabled by default on client versions of Windows
#

---------------  S U M M A R Y ------------

Command Line: -XX:TieredStopAtLevel=1 -Dspring.output.ansi.enabled=always -Dcom.sun.management.jmxremote -Dspring.jmx.enabled=true -Dspring.liveBeansView.mbeanDomain -Dspring.application.admin.enabled=true -Dmanagement.endpoints.jmx.exposure.include=* -javaagent:C:\Program Files\JetBrains\IntelliJ IDEA 2023.2.1\lib\idea_rt.jar=50456:C:\Program Files\JetBrains\IntelliJ IDEA 2023.2.1\bin -Dfile.encoding=UTF-8 com.shohab.CreateApi.CreateApiApplication

Host: Intel(R) Core(TM) i5-9400 CPU @ 2.90GHz, 6 cores, 7G,  Windows 10 , 64 bit Build 19041 (10.0.19041.3031)
Time: Sat Feb 10 13:07:48 2024 Bangladesh Standard Time elapsed time: 1.213028 seconds (0d 0h 0m 1s)

---------------  T H R E A D  ---------------

Current thread (0x0000019ddba827f0):  JavaThread "background-preinit" [_thread_in_vm, id=6868, stack(0x0000008a51f00000,0x0000008a52000000)]

Stack: [0x0000008a51f00000,0x0000008a52000000]
Native frames: (J=compiled Java code, j=interpreted, Vv=VM code, C=native code)
V  [jvm.dll+0x672eea]
V  [jvm.dll+0x7d2a04]
V  [jvm.dll+0x7d41ae]
V  [jvm.dll+0x7d4813]
V  [jvm.dll+0x242c15]
V  [jvm.dll+0x7ce9ab]
V  [jvm.dll+0x618bb6]
V  [jvm.dll+0x1be37e]
V  [jvm.dll+0x61b4f1]
V  [jvm.dll+0x619556]
V  [jvm.dll+0x238720]
V  [jvm.dll+0x1e885d]
V  [jvm.dll+0x1de2a1]
V  [jvm.dll+0x5393e0]
V  [jvm.dll+0x74d4f8]
V  [jvm.dll+0x74d5e4]
V  [jvm.dll+0x408fe5]
V  [jvm.dll+0x40f038]
C  [java.dll+0x17ec]

Java frames: (J=compiled Java code, j=interpreted, Vv=VM code)
J 1105  java.lang.ClassLoader.defineClass1(Ljava/lang/ClassLoader;Ljava/lang/String;[BIILjava/security/ProtectionDomain;Ljava/lang/String;)Ljava/lang/Class; java.base@17.0.5 (0 bytes) @ 0x0000019dd0775a63 [0x0000019dd07759a0+0x00000000000000c3]
J 1257 c1 java.lang.ClassLoader.defineClass(Ljava/lang/String;[BIILjava/security/ProtectionDomain;)Ljava/lang/Class; java.base@17.0.5 (43 bytes) @ 0x0000019dd07b1e5c [0x0000019dd07b1d60+0x00000000000000fc]
J 1112 c1 jdk.internal.loader.BuiltinClassLoader.defineClass(Ljava/lang/String;Ljdk/internal/loader/Resource;)Ljava/lang/Class; java.base@17.0.5 (121 bytes) @ 0x0000019dd077c064 [0x0000019dd077bba0+0x00000000000004c4]
J 1107 c1 jdk.internal.loader.BuiltinClassLoader.findClassOnClassPathOrNull(Ljava/lang/String;)Ljava/lang/Class; java.base@17.0.5 (64 bytes) @ 0x0000019dd0779ab4 [0x0000019dd0779800+0x00000000000002b4]
J 885 c1 jdk.internal.loader.BuiltinClassLoader.loadClassOrNull(Ljava/lang/String;Z)Ljava/lang/Class; java.base@17.0.5 (143 bytes) @ 0x0000019dd071745c [0x0000019dd0717000+0x000000000000045c]
J 1006 c1 jdk.internal.loader.ClassLoaders$AppClassLoader.loadClass(Ljava/lang/String;Z)Ljava/lang/Class; java.base@17.0.5 (40 bytes) @ 0x0000019dd07513a4 [0x0000019dd0751260+0x0000000000000144]
J 1005 c1 java.lang.ClassLoader.loadClass(Ljava/lang/String;)Ljava/lang/Class; java.base@17.0.5 (7 bytes) @ 0x0000019dd07507e4 [0x0000019dd07507a0+0x0000000000000044]
v  ~StubRoutines::call_stub
j  com.fasterxml.jackson.databind.ObjectMapper.<init>(Lcom/fasterxml/jackson/core/JsonFactory;Lcom/fasterxml/jackson/databind/ser/DefaultSerializerProvider;Lcom/fasterxml/jackson/databind/deser/DefaultDeserializationContext;)V+237
j  com.fasterxml.jackson.databind.ObjectMapper.<init>()V+4
j  org.springframework.http.converter.json.Jackson2ObjectMapperBuilder.build()Lcom/fasterxml/jackson/databind/ObjectMapper;+81
j  org.springframework.http.converter.json.MappingJackson2HttpMessageConverter.<init>()V+4
j  org.springframework.http.converter.support.AllEncompassingFormHttpMessageConverter.<init>()V+55
j  org.springframework.boot.autoconfigure.BackgroundPreinitializer$MessageConverterInitializer.run()V+4
j  org.springframework.boot.autoconfigure.BackgroundPreinitializer$1.runSafely(Ljava/lang/Runnable;)Z+1
j  org.springframework.boot.autoconfigure.BackgroundPreinitializer$1.run()V+32
j  java.lang.Thread.run()V+11 java.base@17.0.5
v  ~StubRoutines::call_stub

---------------  P R O C E S S  ---------------

Threads class SMR info:
_java_thread_list=0x0000019ddbaa4480, length=18, elements={
0x0000019dc8b4aac0, 0x0000019dda599030, 0x0000019dda599ea0, 0x0000019dda5aaaa0,
0x0000019dda5ab820, 0x0000019dda5af5f0, 0x0000019dda5affa0, 0x0000019dda5b1a10,
0x0000019dda5b2400, 0x0000019dda5835d0, 0x0000019dda583d20, 0x0000019dda62df30,
0x0000019ddb4123c0, 0x0000019ddb3fca00, 0x0000019ddb5294e0, 0x0000019ddb921fe0,
0x0000019ddb93af40, 0x0000019ddba827f0
}

Java Threads: ( => current thread )
  0x0000019dc8b4aac0 JavaThread "main" [_thread_blocked, id=1116, stack(0x0000008a50100000,0x0000008a50200000)]
  0x0000019dda599030 JavaThread "Reference Handler" daemon [_thread_blocked, id=11876, stack(0x0000008a50800000,0x0000008a50900000)]
  0x0000019dda599ea0 JavaThread "Finalizer" daemon [_thread_blocked, id=9400, stack(0x0000008a50900000,0x0000008a50a00000)]
  0x0000019dda5aaaa0 JavaThread "Signal Dispatcher" daemon [_thread_blocked, id=7336, stack(0x0000008a50a00000,0x0000008a50b00000)]
  0x0000019dda5ab820 JavaThread "Attach Listener" daemon [_thread_blocked, id=9700, stack(0x0000008a50b00000,0x0000008a50c00000)]
  0x0000019dda5af5f0 JavaThread "Service Thread" daemon [_thread_blocked, id=12260, stack(0x0000008a50c00000,0x0000008a50d00000)]
  0x0000019dda5affa0 JavaThread "Monitor Deflation Thread" daemon [_thread_blocked, id=8472, stack(0x0000008a50d00000,0x0000008a50e00000)]
  0x0000019dda5b1a10 JavaThread "C1 CompilerThread0" daemon [_thread_blocked, id=9600, stack(0x0000008a50e00000,0x0000008a50f00000)]
  0x0000019dda5b2400 JavaThread "Sweeper thread" daemon [_thread_blocked, id=7324, stack(0x0000008a50f00000,0x0000008a51000000)]
  0x0000019dda5835d0 JavaThread "Common-Cleaner" daemon [_thread_blocked, id=1236, stack(0x0000008a51000000,0x0000008a51100000)]
  0x0000019dda583d20 JavaThread "C1 CompilerThread1" daemon [_thread_blocked, id=9708, stack(0x0000008a51100000,0x0000008a51200000)]
  0x0000019dda62df30 JavaThread "C1 CompilerThread2" daemon [_thread_blocked, id=10384, stack(0x0000008a51200000,0x0000008a51300000)]
  0x0000019ddb4123c0 JavaThread "Monitor Ctrl-Break" daemon [_thread_in_native, id=10772, stack(0x0000008a51300000,0x0000008a51400000)]
  0x0000019ddb3fca00 JavaThread "Notification Thread" daemon [_thread_blocked, id=10228, stack(0x0000008a51400000,0x0000008a51500000)]
  0x0000019ddb5294e0 JavaThread "RMI TCP Accept-0" daemon [_thread_in_native, id=972, stack(0x0000008a51500000,0x0000008a51600000)]
  0x0000019ddb921fe0 JavaThread "Thread-0" [_thread_blocked, id=2704, stack(0x0000008a51d00000,0x0000008a51e00000)]
  0x0000019ddb93af40 JavaThread "restartedMain" [_thread_in_vm, id=1264, stack(0x0000008a51e00000,0x0000008a51f00000)]
=>0x0000019ddba827f0 JavaThread "background-preinit" [_thread_in_vm, id=6868, stack(0x0000008a51f00000,0x0000008a52000000)]

Other Threads:
  0x0000019dda595440 VMThread "VM Thread" [stack: 0x0000008a50700000,0x0000008a50800000] [id=4268]
  0x0000019dc8bbca40 WatcherThread [stack: 0x0000008a51600000,0x0000008a51700000] [id=1348]
  0x0000019dc8ba4900 GCTaskThread "GC Thread#0" [stack: 0x0000008a50200000,0x0000008a50300000] [id=11920]
  0x0000019ddb910030 GCTaskThread "GC Thread#1" [stack: 0x0000008a51700000,0x0000008a51800000] [id=10560]
  0x0000019ddb9102e0 GCTaskThread "GC Thread#2" [stack: 0x0000008a51800000,0x0000008a51900000] [id=4276]
  0x0000019ddb937200 GCTaskThread "GC Thread#3" [stack: 0x0000008a51900000,0x0000008a51a00000] [id=10388]
  0x0000019ddb9374b0 GCTaskThread "GC Thread#4" [stack: 0x0000008a51a00000,0x0000008a51b00000] [id=268]
  0x0000019ddb937760 GCTaskThread "GC Thread#5" [stack: 0x0000008a51b00000,0x0000008a51c00000] [id=8272]
  0x0000019dc8bb5480 ConcurrentGCThread "G1 Main Marker" [stack: 0x0000008a50300000,0x0000008a50400000] [id=2104]
  0x0000019dc8bb6630 ConcurrentGCThread "G1 Conc#0" [stack: 0x0000008a50400000,0x0000008a50500000] [id=2776]
  0x0000019dc8c169e0 ConcurrentGCThread "G1 Refine#0" [stack: 0x0000008a50500000,0x0000008a50600000] [id=6592]
  0x0000019ddb8f43d0 ConcurrentGCThread "G1 Refine#1" [stack: 0x0000008a51c00000,0x0000008a51d00000] [id=1484]
  0x0000019dda4505f0 ConcurrentGCThread "G1 Service" [stack: 0x0000008a50600000,0x0000008a50700000] [id=11324]

Threads with active compile tasks:

VM state: not at safepoint (normal execution)

VM Mutex/Monitor currently owned by a thread:  ([mutex/lock_event])
[0x0000019dc8b45070] Metaspace_lock - owner thread: 0x0000019ddba827f0

Heap address: 0x0000000081e00000, size: 2018 MB, Compressed Oops mode: 32-bit

CDS archive(s) mapped at: [0x0000000800000000-0x0000000800bd0000-0x0000000800bd0000), size 12386304, SharedBaseAddress: 0x0000000800000000, ArchiveRelocationMode: 0.
Compressed class space mapped at: 0x0000000800c00000-0x0000000840c00000, reserved size: 1073741824
Narrow klass base: 0x0000000800000000, Narrow klass shift: 0, Narrow klass range: 0x100000000

GC Precious Log:
 CPUs: 6 total, 6 available
 Memory: 8064M
 Large Page Support: Disabled
 NUMA Support: Disabled
 Compressed Oops: Enabled (32-bit)
 Heap Region Size: 1M
 Heap Min Capacity: 8M
 Heap Initial Capacity: 128M
 Heap Max Capacity: 2018M
 Pre-touch: Disabled
 Parallel Workers: 6
 Concurrent Workers: 2
 Concurrent Refinement Workers: 6
 Periodic GC: Disabled

Heap:
 garbage-first heap   total 131072K, used 28123K [0x0000000081e00000, 0x0000000100000000)
  region size 1024K, 22 young (22528K), 2 survivors (2048K)
 Metaspace       used 15123K, committed 15360K, reserved 1064960K
  class space    used 1987K, committed 2112K, reserved 1048576K

Heap Regions: E=young(eden), S=young(survivor), O=old, HS=humongous(starts), HC=humongous(continues), CS=collection set, F=free, OA=open archive, CA=closed archive, TAMS=top-at-mark-start (previous, next)
|   0|0x0000000081e00000, 0x0000000081f00000, 0x0000000081f00000|100%|HS|  |TAMS 0x0000000081e00000, 0x0000000081e00000| Complete 
|   1|0x0000000081f00000, 0x0000000082000000, 0x0000000082000000|100%| O|  |TAMS 0x0000000081f00000, 0x0000000081f00000| Untracked 
|   2|0x0000000082000000, 0x0000000082100000, 0x0000000082100000|100%| O|  |TAMS 0x0000000082000000, 0x0000000082000000| Untracked 
|   3|0x0000000082100000, 0x0000000082200000, 0x0000000082200000|100%| O|  |TAMS 0x0000000082100000, 0x0000000082100000| Untracked 
|   4|0x0000000082200000, 0x0000000082300000, 0x0000000082300000|100%| O|  |TAMS 0x0000000082200000, 0x0000000082200000| Untracked 
|   5|0x0000000082300000, 0x0000000082400000, 0x0000000082400000|100%| O|  |TAMS 0x0000000082300000, 0x0000000082300000| Untracked 
|   6|0x0000000082400000, 0x0000000082500000, 0x0000000082500000|100%| O|  |TAMS 0x0000000082400000, 0x0000000082400000| Untracked 
|   7|0x0000000082500000, 0x0000000082500000, 0x0000000082600000|  0%| F|  |TAMS 0x0000000082500000, 0x0000000082500000| Untracked 
|   8|0x0000000082600000, 0x0000000082600000, 0x0000000082700000|  0%| F|  |TAMS 0x0000000082600000, 0x0000000082600000| Untracked 
|   9|0x0000000082700000, 0x0000000082700000, 0x0000000082800000|  0%| F|  |TAMS 0x0000000082700000, 0x0000000082700000| Untracked 
|  10|0x0000000082800000, 0x0000000082800000, 0x0000000082900000|  0%| F|  |TAMS 0x0000000082800000, 0x0000000082800000| Untracked 
|  11|0x0000000082900000, 0x0000000082900000, 0x0000000082a00000|  0%| F|  |TAMS 0x0000000082900000, 0x0000000082900000| Untracked 
|  12|0x0000000082a00000, 0x0000000082a00000, 0x0000000082b00000|  0%| F|  |TAMS 0x0000000082a00000, 0x0000000082a00000| Untracked 
|  13|0x0000000082b00000, 0x0000000082b00000, 0x0000000082c00000|  0%| F|  |TAMS 0x0000000082b00000, 0x0000000082b00000| Untracked 
|  14|0x0000000082c00000, 0x0000000082c00000, 0x0000000082d00000|  0%| F|  |TAMS 0x0000000082c00000, 0x0000000082c00000| Untracked 
|  15|0x0000000082d00000, 0x0000000082d00000, 0x0000000082e00000|  0%| F|  |TAMS 0x0000000082d00000, 0x0000000082d00000| Untracked 
|  16|0x0000000082e00000, 0x0000000082e00000, 0x0000000082f00000|  0%| F|  |TAMS 0x0000000082e00000, 0x0000000082e00000| Untracked 
|  17|0x0000000082f00000, 0x0000000082f00000, 0x0000000083000000|  0%| F|  |TAMS 0x0000000082f00000, 0x0000000082f00000| Untracked 
|  18|0x0000000083000000, 0x0000000083000000, 0x0000000083100000|  0%| F|  |TAMS 0x0000000083000000, 0x0000000083000000| Untracked 
|  19|0x0000000083100000, 0x0000000083100000, 0x0000000083200000|  0%| F|  |TAMS 0x0000000083100000, 0x0000000083100000| Untracked 
|  20|0x0000000083200000, 0x0000000083200000, 0x0000000083300000|  0%| F|  |TAMS 0x0000000083200000, 0x0000000083200000| Untracked 
|  21|0x0000000083300000, 0x0000000083300000, 0x0000000083400000|  0%| F|  |TAMS 0x0000000083300000, 0x0000000083300000| Untracked 
|  22|0x0000000083400000, 0x0000000083400000, 0x0000000083500000|  0%| F|  |TAMS 0x0000000083400000, 0x0000000083400000| Untracked 
|  23|0x0000000083500000, 0x0000000083500000, 0x0000000083600000|  0%| F|  |TAMS 0x0000000083500000, 0x0000000083500000| Untracked 
|  24|0x0000000083600000, 0x0000000083600000, 0x0000000083700000|  0%| F|  |TAMS 0x0000000083600000, 0x0000000083600000| Untracked 
|  25|0x0000000083700000, 0x0000000083700000, 0x0000000083800000|  0%| F|  |TAMS 0x0000000083700000, 0x0000000083700000| Untracked 
|  26|0x0000000083800000, 0x0000000083800000, 0x0000000083900000|  0%| F|  |TAMS 0x0000000083800000, 0x0000000083800000| Untracked 
|  27|0x0000000083900000, 0x0000000083900000, 0x0000000083a00000|  0%| F|  |TAMS 0x0000000083900000, 0x0000000083900000| Untracked 
|  28|0x0000000083a00000, 0x0000000083a00000, 0x0000000083b00000|  0%| F|  |TAMS 0x0000000083a00000, 0x0000000083a00000| Untracked 
|  29|0x0000000083b00000, 0x0000000083b00000, 0x0000000083c00000|  0%| F|  |TAMS 0x0000000083b00000, 0x0000000083b00000| Untracked 
|  30|0x0000000083c00000, 0x0000000083c00000, 0x0000000083d00000|  0%| F|  |TAMS 0x0000000083c00000, 0x0000000083c00000| Untracked 
|  31|0x0000000083d00000, 0x0000000083d00000, 0x0000000083e00000|  0%| F|  |TAMS 0x0000000083d00000, 0x0000000083d00000| Untracked 
|  32|0x0000000083e00000, 0x0000000083e00000, 0x0000000083f00000|  0%| F|  |TAMS 0x0000000083e00000, 0x0000000083e00000| Untracked 
|  33|0x0000000083f00000, 0x0000000083f00000, 0x0000000084000000|  0%| F|  |TAMS 0x0000000083f00000, 0x0000000083f00000| Untracked 
|  34|0x0000000084000000, 0x0000000084000000, 0x0000000084100000|  0%| F|  |TAMS 0x0000000084000000, 0x0000000084000000| Untracked 
|  35|0x0000000084100000, 0x0000000084100000, 0x0000000084200000|  0%| F|  |TAMS 0x0000000084100000, 0x0000000084100000| Untracked 
|  36|0x0000000084200000, 0x0000000084200000, 0x0000000084300000|  0%| F|  |TAMS 0x0000000084200000, 0x0000000084200000| Untracked 
|  37|0x0000000084300000, 0x0000000084300000, 0x0000000084400000|  0%| F|  |TAMS 0x0000000084300000, 0x0000000084300000| Untracked 
|  38|0x0000000084400000, 0x0000000084400000, 0x0000000084500000|  0%| F|  |TAMS 0x0000000084400000, 0x0000000084400000| Untracked 
|  39|0x0000000084500000, 0x0000000084500000, 0x0000000084600000|  0%| F|  |TAMS 0x0000000084500000, 0x0000000084500000| Untracked 
|  40|0x0000000084600000, 0x0000000084600000, 0x0000000084700000|  0%| F|  |TAMS 0x0000000084600000, 0x0000000084600000| Untracked 
|  41|0x0000000084700000, 0x0000000084700000, 0x0000000084800000|  0%| F|  |TAMS 0x0000000084700000, 0x0000000084700000| Untracked 
|  42|0x0000000084800000, 0x0000000084800000, 0x0000000084900000|  0%| F|  |TAMS 0x0000000084800000, 0x0000000084800000| Untracked 
|  43|0x0000000084900000, 0x0000000084900000, 0x0000000084a00000|  0%| F|  |TAMS 0x0000000084900000, 0x0000000084900000| Untracked 
|  44|0x0000000084a00000, 0x0000000084a00000, 0x0000000084b00000|  0%| F|  |TAMS 0x0000000084a00000, 0x0000000084a00000| Untracked 
|  45|0x0000000084b00000, 0x0000000084b00000, 0x0000000084c00000|  0%| F|  |TAMS 0x0000000084b00000, 0x0000000084b00000| Untracked 
|  46|0x0000000084c00000, 0x0000000084c00000, 0x0000000084d00000|  0%| F|  |TAMS 0x0000000084c00000, 0x0000000084c00000| Untracked 
|  47|0x0000000084d00000, 0x0000000084d00000, 0x0000000084e00000|  0%| F|  |TAMS 0x0000000084d00000, 0x0000000084d00000| Untracked 
|  48|0x0000000084e00000, 0x0000000084e00000, 0x0000000084f00000|  0%| F|  |TAMS 0x0000000084e00000, 0x0000000084e00000| Untracked 
|  49|0x0000000084f00000, 0x0000000084f00000, 0x0000000085000000|  0%| F|  |TAMS 0x0000000084f00000, 0x0000000084f00000| Untracked 
|  50|0x0000000085000000, 0x0000000085000000, 0x0000000085100000|  0%| F|  |TAMS 0x0000000085000000, 0x0000000085000000| Untracked 
|  51|0x0000000085100000, 0x0000000085100000, 0x0000000085200000|  0%| F|  |TAMS 0x0000000085100000, 0x0000000085100000| Untracked 
|  52|0x0000000085200000, 0x0000000085200000, 0x0000000085300000|  0%| F|  |TAMS 0x0000000085200000, 0x0000000085200000| Untracked 
|  53|0x0000000085300000, 0x0000000085300000, 0x0000000085400000|  0%| F|  |TAMS 0x0000000085300000, 0x0000000085300000| Untracked 
|  54|0x0000000085400000, 0x0000000085400000, 0x0000000085500000|  0%| F|  |TAMS 0x0000000085400000, 0x0000000085400000| Untracked 
|  55|0x0000000085500000, 0x0000000085500000, 0x0000000085600000|  0%| F|  |TAMS 0x0000000085500000, 0x0000000085500000| Untracked 
|  56|0x0000000085600000, 0x0000000085600000, 0x0000000085700000|  0%| F|  |TAMS 0x0000000085600000, 0x0000000085600000| Untracked 
|  57|0x0000000085700000, 0x0000000085700000, 0x0000000085800000|  0%| F|  |TAMS 0x0000000085700000, 0x0000000085700000| Untracked 
|  58|0x0000000085800000, 0x0000000085800000, 0x0000000085900000|  0%| F|  |TAMS 0x0000000085800000, 0x0000000085800000| Untracked 
|  59|0x0000000085900000, 0x0000000085900000, 0x0000000085a00000|  0%| F|  |TAMS 0x0000000085900000, 0x0000000085900000| Untracked 
|  60|0x0000000085a00000, 0x0000000085a00000, 0x0000000085b00000|  0%| F|  |TAMS 0x0000000085a00000, 0x0000000085a00000| Untracked 
|  61|0x0000000085b00000, 0x0000000085b00000, 0x0000000085c00000|  0%| F|  |TAMS 0x0000000085b00000, 0x0000000085b00000| Untracked 
|  62|0x0000000085c00000, 0x0000000085c00000, 0x0000000085d00000|  0%| F|  |TAMS 0x0000000085c00000, 0x0000000085c00000| Untracked 
|  63|0x0000000085d00000, 0x0000000085d00000, 0x0000000085e00000|  0%| F|  |TAMS 0x0000000085d00000, 0x0000000085d00000| Untracked 
|  64|0x0000000085e00000, 0x0000000085e00000, 0x0000000085f00000|  0%| F|  |TAMS 0x0000000085e00000, 0x0000000085e00000| Untracked 
|  65|0x0000000085f00000, 0x0000000085f00000, 0x0000000086000000|  0%| F|  |TAMS 0x0000000085f00000, 0x0000000085f00000| Untracked 
|  66|0x0000000086000000, 0x0000000086000000, 0x0000000086100000|  0%| F|  |TAMS 0x0000000086000000, 0x0000000086000000| Untracked 
|  67|0x0000000086100000, 0x0000000086100000, 0x0000000086200000|  0%| F|  |TAMS 0x0000000086100000, 0x0000000086100000| Untracked 
|  68|0x0000000086200000, 0x0000000086200000, 0x0000000086300000|  0%| F|  |TAMS 0x0000000086200000, 0x0000000086200000| Untracked 
|  69|0x0000000086300000, 0x0000000086300000, 0x0000000086400000|  0%| F|  |TAMS 0x0000000086300000, 0x0000000086300000| Untracked 
|  70|0x0000000086400000, 0x0000000086400000, 0x0000000086500000|  0%| F|  |TAMS 0x0000000086400000, 0x0000000086400000| Untracked 
|  71|0x0000000086500000, 0x0000000086500000, 0x0000000086600000|  0%| F|  |TAMS 0x0000000086500000, 0x0000000086500000| Untracked 
|  72|0x0000000086600000, 0x0000000086600000, 0x0000000086700000|  0%| F|  |TAMS 0x0000000086600000, 0x0000000086600000| Untracked 
|  73|0x0000000086700000, 0x0000000086700000, 0x0000000086800000|  0%| F|  |TAMS 0x0000000086700000, 0x0000000086700000| Untracked 
|  74|0x0000000086800000, 0x0000000086800000, 0x0000000086900000|  0%| F|  |TAMS 0x0000000086800000, 0x0000000086800000| Untracked 
|  75|0x0000000086900000, 0x0000000086900000, 0x0000000086a00000|  0%| F|  |TAMS 0x0000000086900000, 0x0000000086900000| Untracked 
|  76|0x0000000086a00000, 0x0000000086a00000, 0x0000000086b00000|  0%| F|  |TAMS 0x0000000086a00000, 0x0000000086a00000| Untracked 
|  77|0x0000000086b00000, 0x0000000086b00000, 0x0000000086c00000|  0%| F|  |TAMS 0x0000000086b00000, 0x0000000086b00000| Untracked 
|  78|0x0000000086c00000, 0x0000000086c00000, 0x0000000086d00000|  0%| F|  |TAMS 0x0000000086c00000, 0x0000000086c00000| Untracked 
|  79|0x0000000086d00000, 0x0000000086d00000, 0x0000000086e00000|  0%| F|  |TAMS 0x0000000086d00000, 0x0000000086d00000| Untracked 
|  80|0x0000000086e00000, 0x0000000086e00000, 0x0000000086f00000|  0%| F|  |TAMS 0x0000000086e00000, 0x0000000086e00000| Untracked 
|  81|0x0000000086f00000, 0x0000000086f00000, 0x0000000087000000|  0%| F|  |TAMS 0x0000000086f00000, 0x0000000086f00000| Untracked 
|  82|0x0000000087000000, 0x0000000087000000, 0x0000000087100000|  0%| F|  |TAMS 0x0000000087000000, 0x0000000087000000| Untracked 
|  83|0x0000000087100000, 0x0000000087100000, 0x0000000087200000|  0%| F|  |TAMS 0x0000000087100000, 0x0000000087100000| Untracked 
|  84|0x0000000087200000, 0x0000000087200000, 0x0000000087300000|  0%| F|  |TAMS 0x0000000087200000, 0x0000000087200000| Untracked 
|  85|0x0000000087300000, 0x0000000087300000, 0x0000000087400000|  0%| F|  |TAMS 0x0000000087300000, 0x0000000087300000| Untracked 
|  86|0x0000000087400000, 0x0000000087400000, 0x0000000087500000|  0%| F|  |TAMS 0x0000000087400000, 0x0000000087400000| Untracked 
|  87|0x0000000087500000, 0x0000000087500000, 0x0000000087600000|  0%| F|  |TAMS 0x0000000087500000, 0x0000000087500000| Untracked 
|  88|0x0000000087600000, 0x0000000087600000, 0x0000000087700000|  0%| F|  |TAMS 0x0000000087600000, 0x0000000087600000| Untracked 
|  89|0x0000000087700000, 0x0000000087700000, 0x0000000087800000|  0%| F|  |TAMS 0x0000000087700000, 0x0000000087700000| Untracked 
|  90|0x0000000087800000, 0x0000000087800000, 0x0000000087900000|  0%| F|  |TAMS 0x0000000087800000, 0x0000000087800000| Untracked 
|  91|0x0000000087900000, 0x0000000087900000, 0x0000000087a00000|  0%| F|  |TAMS 0x0000000087900000, 0x0000000087900000| Untracked 
|  92|0x0000000087a00000, 0x0000000087a00000, 0x0000000087b00000|  0%| F|  |TAMS 0x0000000087a00000, 0x0000000087a00000| Untracked 
|  93|0x0000000087b00000, 0x0000000087b00000, 0x0000000087c00000|  0%| F|  |TAMS 0x0000000087b00000, 0x0000000087b00000| Untracked 
|  94|0x0000000087c00000, 0x0000000087c00000, 0x0000000087d00000|  0%| F|  |TAMS 0x0000000087c00000, 0x0000000087c00000| Untracked 
|  95|0x0000000087d00000, 0x0000000087d00000, 0x0000000087e00000|  0%| F|  |TAMS 0x0000000087d00000, 0x0000000087d00000| Untracked 
|  96|0x0000000087e00000, 0x0000000087e00000, 0x0000000087f00000|  0%| F|  |TAMS 0x0000000087e00000, 0x0000000087e00000| Untracked 
|  97|0x0000000087f00000, 0x0000000087f00000, 0x0000000088000000|  0%| F|  |TAMS 0x0000000087f00000, 0x0000000087f00000| Untracked 
|  98|0x0000000088000000, 0x0000000088000000, 0x0000000088100000|  0%| F|  |TAMS 0x0000000088000000, 0x0000000088000000| Untracked 
|  99|0x0000000088100000, 0x0000000088100000, 0x0000000088200000|  0%| F|  |TAMS 0x0000000088100000, 0x0000000088100000| Untracked 
| 100|0x0000000088200000, 0x0000000088200000, 0x0000000088300000|  0%| F|  |TAMS 0x0000000088200000, 0x0000000088200000| Untracked 
| 101|0x0000000088300000, 0x0000000088300000, 0x0000000088400000|  0%| F|  |TAMS 0x0000000088300000, 0x0000000088300000| Untracked 
| 102|0x0000000088400000, 0x0000000088400000, 0x0000000088500000|  0%| F|  |TAMS 0x0000000088400000, 0x0000000088400000| Untracked 
| 103|0x0000000088500000, 0x0000000088500000, 0x0000000088600000|  0%| F|  |TAMS 0x0000000088500000, 0x0000000088500000| Untracked 
| 104|0x0000000088600000, 0x0000000088600000, 0x0000000088700000|  0%| F|  |TAMS 0x0000000088600000, 0x0000000088600000| Untracked 
| 105|0x0000000088700000, 0x0000000088700000, 0x0000000088800000|  0%| F|  |TAMS 0x0000000088700000, 0x0000000088700000| Untracked 
| 106|0x0000000088800000, 0x00000000888e7788, 0x0000000088900000| 90%| E|  |TAMS 0x0000000088800000, 0x0000000088800000| Complete 
| 107|0x0000000088900000, 0x0000000088976ec0, 0x0000000088a00000| 46%| S|CS|TAMS 0x0000000088900000, 0x0000000088900000| Complete 
| 108|0x0000000088a00000, 0x0000000088b00000, 0x0000000088b00000|100%| S|CS|TAMS 0x0000000088a00000, 0x0000000088a00000| Complete 
| 109|0x0000000088b00000, 0x0000000088c00000, 0x0000000088c00000|100%| E|CS|TAMS 0x0000000088b00000, 0x0000000088b00000| Complete 
| 110|0x0000000088c00000, 0x0000000088d00000, 0x0000000088d00000|100%| E|CS|TAMS 0x0000000088c00000, 0x0000000088c00000| Complete 
| 111|0x0000000088d00000, 0x0000000088e00000, 0x0000000088e00000|100%| E|CS|TAMS 0x0000000088d00000, 0x0000000088d00000| Complete 
| 112|0x0000000088e00000, 0x0000000088f00000, 0x0000000088f00000|100%| E|CS|TAMS 0x0000000088e00000, 0x0000000088e00000| Complete 
| 113|0x0000000088f00000, 0x0000000089000000, 0x0000000089000000|100%| E|CS|TAMS 0x0000000088f00000, 0x0000000088f00000| Complete 
| 114|0x0000000089000000, 0x0000000089100000, 0x0000000089100000|100%| E|CS|TAMS 0x0000000089000000, 0x0000000089000000| Complete 
| 115|0x0000000089100000, 0x0000000089200000, 0x0000000089200000|100%| E|CS|TAMS 0x0000000089100000, 0x0000000089100000| Complete 
| 116|0x0000000089200000, 0x0000000089300000, 0x0000000089300000|100%| E|CS|TAMS 0x0000000089200000, 0x0000000089200000| Complete 
| 117|0x0000000089300000, 0x0000000089400000, 0x0000000089400000|100%| E|CS|TAMS 0x0000000089300000, 0x0000000089300000| Complete 
| 118|0x0000000089400000, 0x0000000089500000, 0x0000000089500000|100%| E|CS|TAMS 0x0000000089400000, 0x0000000089400000| Complete 
| 119|0x0000000089500000, 0x0000000089600000, 0x0000000089600000|100%| E|CS|TAMS 0x0000000089500000, 0x0000000089500000| Complete 
| 120|0x0000000089600000, 0x0000000089700000, 0x0000000089700000|100%| E|CS|TAMS 0x0000000089600000, 0x0000000089600000| Complete 
| 121|0x0000000089700000, 0x0000000089800000, 0x0000000089800000|100%| E|CS|TAMS 0x0000000089700000, 0x0000000089700000| Complete 
| 122|0x0000000089800000, 0x0000000089900000, 0x0000000089900000|100%| E|CS|TAMS 0x0000000089800000, 0x0000000089800000| Complete 
| 123|0x0000000089900000, 0x0000000089a00000, 0x0000000089a00000|100%| E|CS|TAMS 0x0000000089900000, 0x0000000089900000| Complete 
| 124|0x0000000089a00000, 0x0000000089b00000, 0x0000000089b00000|100%| E|CS|TAMS 0x0000000089a00000, 0x0000000089a00000| Complete 
| 125|0x0000000089b00000, 0x0000000089c00000, 0x0000000089c00000|100%| E|CS|TAMS 0x0000000089b00000, 0x0000000089b00000| Complete 
| 126|0x0000000089c00000, 0x0000000089d00000, 0x0000000089d00000|100%| E|CS|TAMS 0x0000000089c00000, 0x0000000089c00000| Complete 
| 127|0x0000000089d00000, 0x0000000089e00000, 0x0000000089e00000|100%| E|CS|TAMS 0x0000000089d00000, 0x0000000089d00000| Complete 

Card table byte_map: [0x0000019dd37c0000,0x0000019dd3bc0000] _byte_map_base: 0x0000019dd33b1000

Marking Bits (Prev, Next): (CMBitMap*) 0x0000019dc8ba4f10, (CMBitMap*) 0x0000019dc8ba4f50
 Prev Bits: [0x0000019dd3fc0000, 0x0000019dd5f48000)
 Next Bits: [0x0000019dd5f50000, 0x0000019dd7ed8000)

Polling page: 0x0000019dc6ab0000

Metaspace:

Usage:
  Non-class:     12.83 MB used.
      Class:      1.94 MB used.
       Both:     14.77 MB used.

Virtual space:
  Non-class space:       16.00 MB reserved,      12.94 MB ( 81%) committed,  2 nodes.
      Class space:        1.00 GB reserved,       2.06 MB ( <1%) committed,  1 nodes.
             Both:        1.02 GB reserved,      15.00 MB (  1%) committed. 

Chunk freelists:
   Non-Class:  2.23 MB
       Class:  1.94 MB
        Both:  4.17 MB

MaxMetaspaceSize: unlimited
CompressedClassSpaceSize: 1.00 GB
Initial GC threshold: 21.00 MB
Current GC threshold: 21.00 MB
CDS: on
MetaspaceReclaimPolicy: balanced
 - commit_granule_bytes: 65536.
 - commit_granule_words: 8192.
 - virtual_space_node_default_size: 1048576.
 - enlarge_chunks_in_place: 1.
 - new_chunks_are_fully_committed: 0.
 - uncommit_free_chunks: 1.
 - use_allocation_guard: 0.
 - handle_deallocations: 1.


Internal statistics:

num_allocs_failed_limit: 0.
num_arena_births: 216.
num_arena_deaths: 0.
num_vsnodes_births: 3.
num_vsnodes_deaths: 0.
num_space_committed: 240.
num_space_uncommitted: 0.
num_chunks_returned_to_freelist: 0.
num_chunks_taken_from_freelist: 628.
num_chunk_merges: 0.
num_chunk_splits: 434.
num_chunks_enlarged: 337.
num_purges: 0.
num_inconsistent_stats: 0.

CodeCache: size=49152Kb used=5312Kb max_used=5312Kb free=43839Kb
 bounds [0x0000019dd03c0000, 0x0000019dd0900000, 0x0000019dd33c0000]
 total_blobs=2540 nmethods=2044 adapters=421
 compilation: enabled
              stopped_count=0, restarted_count=0
 full_count=0

Compilation events (20 events):
Event: 1.192 Thread 0x0000019dda5b1a10 2035       1       java.util.LinkedHashMap::<init> (10 bytes)
Event: 1.192 Thread 0x0000019dda5b1a10 nmethod 2035 0x0000019dd08e9810 code [0x0000019dd08e99a0, 0x0000019dd08e9a78]
Event: 1.194 Thread 0x0000019dda5b1a10 2036       1       java.lang.reflect.Constructor::getSharedParameterTypes (5 bytes)
Event: 1.194 Thread 0x0000019dda583d20 2037       1       java.lang.reflect.Constructor::setAccessible (21 bytes)
Event: 1.194 Thread 0x0000019dda62df30 2038       1       java.lang.reflect.Constructor::checkCanSetAccessible (29 bytes)
Event: 1.194 Thread 0x0000019dda5b1a10 nmethod 2036 0x0000019dd08e9b10 code [0x0000019dd08e9ca0, 0x0000019dd08e9d78]
Event: 1.194 Thread 0x0000019dda62df30 nmethod 2038 0x0000019dd08e9e10 code [0x0000019dd08e9fc0, 0x0000019dd08ea158]
Event: 1.195 Thread 0x0000019dda583d20 nmethod 2037 0x0000019dd08ea210 code [0x0000019dd08ea3e0, 0x0000019dd08ea618]
Event: 1.199 Thread 0x0000019dda583d20 2039   !   1       java.util.concurrent.ConcurrentHashMap::transfer (849 bytes)
Event: 1.199 Thread 0x0000019dda5b1a10 2040       1       java.nio.Buffer::limit (65 bytes)
Event: 1.199 Thread 0x0000019dda5b1a10 nmethod 2040 0x0000019dd08eaa90 code [0x0000019dd08eac20, 0x0000019dd08ead68]
Event: 1.199 Thread 0x0000019dda5b1a10 2041       1       java.util.concurrent.ConcurrentHashMap$EntryIterator::next (5 bytes)
Event: 1.199 Thread 0x0000019dda62df30 2042       1       java.util.concurrent.ConcurrentHashMap$EntryIterator::next (51 bytes)
Event: 1.199 Thread 0x0000019dda5b1a10 nmethod 2041 0x0000019dd08eae10 code [0x0000019dd08eafa0, 0x0000019dd08eb088]
Event: 1.199 Thread 0x0000019dda5b1a10 2044       1       java.util.Properties::saveConvert (383 bytes)
Event: 1.200 Thread 0x0000019dda62df30 nmethod 2042 0x0000019dd08eb110 code [0x0000019dd08eb2c0, 0x0000019dd08eb658]
Event: 1.200 Thread 0x0000019dda62df30 2043       1       java.util.concurrent.ConcurrentHashMap$MapEntry::<init> (20 bytes)
Event: 1.200 Thread 0x0000019dda62df30 nmethod 2043 0x0000019dd08eb790 code [0x0000019dd08eb920, 0x0000019dd08ebaf8]
Event: 1.200 Thread 0x0000019dda5b1a10 nmethod 2044 0x0000019dd08ebb90 code [0x0000019dd08ebe80, 0x0000019dd08ec7e8]
Event: 1.201 Thread 0x0000019dda583d20 nmethod 2039 0x0000019dd08ece90 code [0x0000019dd08ed180, 0x0000019dd08eebc8]

GC Heap History (4 events):
Event: 0.704 GC heap before
{Heap before GC invocations=0 (full 0):
 garbage-first heap   total 131072K, used 21504K [0x0000000081e00000, 0x0000000100000000)
  region size 1024K, 21 young (21504K), 0 survivors (0K)
 Metaspace       used 6918K, committed 7104K, reserved 1056768K
  class space    used 876K, committed 960K, reserved 1048576K
}
Event: 0.709 GC heap after
{Heap after GC invocations=1 (full 0):
 garbage-first heap   total 131072K, used 7317K [0x0000000081e00000, 0x0000000100000000)
  region size 1024K, 3 young (3072K), 3 survivors (3072K)
 Metaspace       used 6918K, committed 7104K, reserved 1056768K
  class space    used 876K, committed 960K, reserved 1048576K
}
Event: 1.021 GC heap before
{Heap before GC invocations=1 (full 0):
 garbage-first heap   total 131072K, used 26773K [0x0000000081e00000, 0x0000000100000000)
  region size 1024K, 22 young (22528K), 3 survivors (3072K)
 Metaspace       used 10404K, committed 10688K, reserved 1064960K
  class space    used 1431K, committed 1600K, reserved 1048576K
}
Event: 1.024 GC heap after
{Heap after GC invocations=2 (full 0):
 garbage-first heap   total 131072K, used 8667K [0x0000000081e00000, 0x0000000100000000)
  region size 1024K, 2 young (2048K), 2 survivors (2048K)
 Metaspace       used 10404K, committed 10688K, reserved 1064960K
  class space    used 1431K, committed 1600K, reserved 1048576K
}

Deoptimization events (2 events):
Event: 1.134 Thread 0x0000019ddb93af40 DEOPT PACKING pc=0x0000019dd08ac819 sp=0x0000008a51efc7b0
Event: 1.134 Thread 0x0000019ddb93af40 DEOPT UNPACKING pc=0x0000019dd0412b43 sp=0x0000008a51efbc90 mode 3

Classes unloaded (0 events):
No events

Classes redefined (0 events):
No events

Internal exceptions (20 events):
Event: 0.889 Thread 0x0000019ddb93af40 Exception <a 'java/lang/NoSuchMethodError'{0x00000000893f68f8}: 'java.lang.Object java.lang.invoke.DirectMethodHandle$Holder.newInvokeSpecial(java.lang.Object, java.lang.Object, java.lang.Object, java.lang.Object, java.lang.Object, java.lang.Object, int)'> (0x00000000893f68f8) 
thrown [s\open\src\hotspot\share\interpreter\linkResolver.cpp, line 759]
Event: 0.889 Thread 0x0000019ddb93af40 Exception <a 'java/lang/NoSuchMethodError'{0x00000000893fb938}: 'java.lang.Object java.lang.invoke.DirectMethodHandle$Holder.invokeSpecial(java.lang.Object, java.lang.Object, java.lang.Object, java.lang.Object, java.lang.Object, java.lang.Object, java.lang.Object, int)'> (0x00000000893fb938) 
thrown [s\open\src\hotspot\share\interpreter\linkResolver.cpp, line 759]
Event: 0.934 Thread 0x0000019ddb93af40 Exception <a 'java/lang/NoSuchMethodError'{0x0000000089070020}: 'java.lang.Object java.lang.invoke.DirectMethodHandle$Holder.invokeSpecial(java.lang.Object, java.lang.Object, java.lang.Object, int, java.lang.Object)'> (0x0000000089070020) 
thrown [s\open\src\hotspot\share\interpreter\linkResolver.cpp, line 759]
Event: 0.935 Thread 0x0000019ddb93af40 Exception <a 'java/lang/NoSuchMethodError'{0x00000000890786a8}: 'java.lang.Object java.lang.invoke.DirectMethodHandle$Holder.newInvokeSpecial(java.lang.Object, java.lang.Object, java.lang.Object, int, java.lang.Object)'> (0x00000000890786a8) 
thrown [s\open\src\hotspot\share\interpreter\linkResolver.cpp, line 759]
Event: 0.935 Thread 0x0000019ddb93af40 Exception <a 'java/lang/NoSuchMethodError'{0x0000000089080078}: 'java.lang.Object java.lang.invoke.Invokers$Holder.linkToTargetMethod(java.lang.Object, java.lang.Object, int, java.lang.Object, java.lang.Object)'> (0x0000000089080078) 
thrown [s\open\src\hotspot\share\interpreter\linkResolver.cpp, line 759]
Event: 0.936 Thread 0x0000019ddb93af40 Exception <a 'java/lang/NoSuchMethodError'{0x0000000089090350}: 'java.lang.Object java.lang.invoke.DirectMethodHandle$Holder.newInvokeSpecial(java.lang.Object, int, java.lang.Object)'> (0x0000000089090350) 
thrown [s\open\src\hotspot\share\interpreter\linkResolver.cpp, line 759]
Event: 0.936 Thread 0x0000019ddb93af40 Exception <a 'java/lang/NoSuchMethodError'{0x0000000089094d90}: 'int java.lang.invoke.DirectMethodHandle$Holder.invokeSpecialIFC(java.lang.Object, java.lang.Object, java.lang.Object, java.lang.Object)'> (0x0000000089094d90) 
thrown [s\open\src\hotspot\share\interpreter\linkResolver.cpp, line 759]
Event: 0.946 Thread 0x0000019ddb93af40 Exception <a 'java/lang/NoSuchMethodError'{0x0000000088f6a7d8}: 'void java.lang.invoke.DirectMethodHandle$Holder.invokeInterface(java.lang.Object, java.lang.Object, java.lang.Object)'> (0x0000000088f6a7d8) 
thrown [s\open\src\hotspot\share\interpreter\linkResolver.cpp, line 759]
Event: 0.957 Thread 0x0000019ddb93af40 Exception <a 'java/lang/NoSuchMethodError'{0x0000000088e16318}: 'java.lang.Object java.lang.invoke.DirectMethodHandle$Holder.invokeVirtual(java.lang.Object, java.lang.Object, java.lang.Object)'> (0x0000000088e16318) 
thrown [s\open\src\hotspot\share\interpreter\linkResolver.cpp, line 759]
Event: 0.970 Thread 0x0000019ddb93af40 Exception <a 'java/lang/NoSuchMethodError'{0x0000000088eedf08}: 'void java.lang.invoke.DirectMethodHandle$Holder.invokeStatic(java.lang.Object, java.lang.Object, int)'> (0x0000000088eedf08) 
thrown [s\open\src\hotspot\share\interpreter\linkResolver.cpp, line 759]
Event: 0.972 Thread 0x0000019ddb93af40 Exception <a 'java/lang/NoSuchMethodError'{0x0000000088d06fc0}: 'void java.lang.invoke.DirectMethodHandle$Holder.invokeStaticInit(java.lang.Object, java.lang.Object, java.lang.Object)'> (0x0000000088d06fc0) 
thrown [s\open\src\hotspot\share\interpreter\linkResolver.cpp, line 759]
Event: 0.977 Thread 0x0000019ddb93af40 Exception <a 'java/lang/NoSuchMethodError'{0x0000000088d4dcb8}: 'java.lang.Object java.lang.invoke.DirectMethodHandle$Holder.invokeStatic(java.lang.Object, java.lang.Object, long, java.lang.Object)'> (0x0000000088d4dcb8) 
thrown [s\open\src\hotspot\share\interpreter\linkResolver.cpp, line 759]
Event: 0.977 Thread 0x0000019ddb93af40 Exception <a 'java/lang/NoSuchMethodError'{0x0000000088d51750}: 'java.lang.Object java.lang.invoke.DirectMethodHandle$Holder.invokeStaticInit(java.lang.Object, java.lang.Object, long, java.lang.Object)'> (0x0000000088d51750) 
thrown [s\open\src\hotspot\share\interpreter\linkResolver.cpp, line 759]
Event: 0.977 Thread 0x0000019ddb93af40 Exception <a 'java/lang/NoSuchMethodError'{0x0000000088d57df8}: 'java.lang.Object java.lang.invoke.DirectMethodHandle$Holder.newInvokeSpecial(java.lang.Object, java.lang.Object, long)'> (0x0000000088d57df8) 
thrown [s\open\src\hotspot\share\interpreter\linkResolver.cpp, line 759]
Event: 0.977 Thread 0x0000019ddb93af40 Exception <a 'java/lang/NoSuchMethodError'{0x0000000088d5b968}: 'java.lang.Object java.lang.invoke.Invokers$Holder.linkToTargetMethod(java.lang.Object, long, java.lang.Object)'> (0x0000000088d5b968) 
thrown [s\open\src\hotspot\share\interpreter\linkResolver.cpp, line 759]
Event: 0.985 Thread 0x0000019ddb93af40 Exception <a 'java/lang/NoSuchMethodError'{0x0000000088db7390}: 'void java.lang.invoke.DirectMethodHandle$Holder.invokeSpecial(java.lang.Object, java.lang.Object, java.lang.Object, java.lang.Object, java.lang.Object)'> (0x0000000088db7390) 
thrown [s\open\src\hotspot\share\interpreter\linkResolver.cpp, line 759]
Event: 0.986 Thread 0x0000019ddb93af40 Exception <a 'java/lang/NoSuchMethodError'{0x0000000088dbf920}: 'void java.lang.invoke.DirectMethodHandle$Holder.invokeVirtual(java.lang.Object, java.lang.Object, java.lang.Object, java.lang.Object)'> (0x0000000088dbf920) 
thrown [s\open\src\hotspot\share\interpreter\linkResolver.cpp, line 759]
Event: 1.010 Thread 0x0000019ddb93af40 Exception <a 'java/lang/NoSuchMethodError'{0x0000000088b2b548}: 'void java.lang.invoke.DirectMethodHandle$Holder.invokeSpecial(java.lang.Object, java.lang.Object, java.lang.Object)'> (0x0000000088b2b548) 
thrown [s\open\src\hotspot\share\interpreter\linkResolver.cpp, line 759]
Event: 1.014 Thread 0x0000019ddb93af40 Exception <a 'java/lang/IncompatibleClassChangeError'{0x0000000088b75e88}: Found class java.lang.Object, but interface was expected> (0x0000000088b75e88) 
thrown [s\open\src\hotspot\share\interpreter\linkResolver.cpp, line 826]
Event: 1.014 Thread 0x0000019ddba827f0 Exception <a 'java/lang/NoClassDefFoundError'{0x0000000088b91560}: jakarta/validation/Validation> (0x0000000088b91560) 
thrown [s\open\src\hotspot\share\classfile\systemDictionary.cpp, line 245]

VM Operations (20 events):
Event: 0.512 Executing VM operation: HandshakeAllThreads
Event: 0.512 Executing VM operation: HandshakeAllThreads done
Event: 0.515 Executing VM operation: HandshakeAllThreads
Event: 0.515 Executing VM operation: HandshakeAllThreads done
Event: 0.704 Executing VM operation: G1CollectForAllocation
Event: 0.709 Executing VM operation: G1CollectForAllocation done
Event: 0.787 Executing VM operation: HandshakeAllThreads
Event: 0.787 Executing VM operation: HandshakeAllThreads done
Event: 0.915 Executing VM operation: HandshakeAllThreads
Event: 0.915 Executing VM operation: HandshakeAllThreads done
Event: 0.994 Executing VM operation: ICBufferFull
Event: 0.994 Executing VM operation: ICBufferFull done
Event: 1.007 Executing VM operation: HandshakeAllThreads
Event: 1.007 Executing VM operation: HandshakeAllThreads done
Event: 1.009 Executing VM operation: HandshakeAllThreads
Event: 1.009 Executing VM operation: HandshakeAllThreads done
Event: 1.021 Executing VM operation: G1CollectForAllocation
Event: 1.024 Executing VM operation: G1CollectForAllocation done
Event: 1.191 Executing VM operation: HandshakeAllThreads
Event: 1.191 Executing VM operation: HandshakeAllThreads done

Events (20 events):
Event: 1.191 loading class sun/util/cldr/CLDRTimeZoneNameProviderImpl done
Event: 1.192 loading class sun/util/locale/provider/BaseLocaleDataMetaInfo
Event: 1.192 loading class sun/util/locale/provider/BaseLocaleDataMetaInfo done
Event: 1.193 loading class sun/util/resources/cldr/TimeZoneNames
Event: 1.193 loading class sun/util/resources/TimeZoneNamesBundle
Event: 1.193 loading class sun/util/resources/OpenListResourceBundle
Event: 1.193 loading class sun/util/resources/OpenListResourceBundle done
Event: 1.193 loading class sun/util/resources/TimeZoneNamesBundle done
Event: 1.193 loading class sun/util/resources/cldr/TimeZoneNames done
Event: 1.193 loading class sun/util/resources/cldr/TimeZoneNames_en
Event: 1.194 loading class sun/util/resources/cldr/TimeZoneNames_en done
Event: 1.194 loading class sun/util/resources/cldr/TimeZoneNames_en_US
Event: 1.194 loading class sun/util/resources/cldr/TimeZoneNames_en_US done
Event: 1.195 loading class sun/util/resources/TimeZoneNames
Event: 1.196 loading class sun/util/resources/TimeZoneNames done
Event: 1.196 loading class sun/util/resources/TimeZoneNames_en
Event: 1.196 loading class sun/util/resources/TimeZoneNames_en done
Event: 1.210 loading class java/util/concurrent/ExecutionException
Event: 1.210 loading class java/util/concurrent/ExecutionException done
Event: 1.212 loading class java/beans/IntrospectionException


Dynamic libraries:
0x00007ff77e830000 - 0x00007ff77e840000 	C:\Program Files\Java\jdk-17.0.5\bin\java.exe
0x00007fff82b30000 - 0x00007fff82d28000 	C:\WINDOWS\SYSTEM32\ntdll.dll
0x00007fff80ea0000 - 0x00007fff80f5f000 	C:\WINDOWS\System32\KERNEL32.DLL
0x00007fff80640000 - 0x00007fff80936000 	C:\WINDOWS\System32\KERNELBASE.dll
0x00007fff80360000 - 0x00007fff80460000 	C:\WINDOWS\System32\ucrtbase.dll
0x00007fff6c490000 - 0x00007fff6c4a8000 	C:\Program Files\Java\jdk-17.0.5\bin\jli.dll
0x00007fff6c840000 - 0x00007fff6c85a000 	C:\Program Files\Java\jdk-17.0.5\bin\VCRUNTIME140.dll
0x00007fff81d30000 - 0x00007fff81ddf000 	C:\WINDOWS\System32\ADVAPI32.dll
0x00007fff82510000 - 0x00007fff825ae000 	C:\WINDOWS\System32\msvcrt.dll
0x00007fff80e00000 - 0x00007fff80e9c000 	C:\WINDOWS\System32\sechost.dll
0x00007fff825b0000 - 0x00007fff826d6000 	C:\WINDOWS\System32\RPCRT4.dll
0x00007fff822c0000 - 0x00007fff8245d000 	C:\WINDOWS\System32\USER32.dll
0x00007fff80460000 - 0x00007fff80482000 	C:\WINDOWS\System32\win32u.dll
0x00007fff6fd60000 - 0x00007fff6fffa000 	C:\WINDOWS\WinSxS\amd64_microsoft.windows.common-controls_6595b64144ccf1df_6.0.19041.1110_none_60b5254171f9507e\COMCTL32.dll
0x00007fff81f80000 - 0x00007fff81fac000 	C:\WINDOWS\System32\GDI32.dll
0x00007fff80490000 - 0x00007fff805a5000 	C:\WINDOWS\System32\gdi32full.dll
0x00007fff802c0000 - 0x00007fff8035d000 	C:\WINDOWS\System32\msvcp_win.dll
0x00007fff7aa10000 - 0x00007fff7aa1a000 	C:\WINDOWS\SYSTEM32\VERSION.dll
0x00007fff82150000 - 0x00007fff82180000 	C:\WINDOWS\System32\IMM32.DLL
0x00007fff6c870000 - 0x00007fff6c87c000 	C:\Program Files\Java\jdk-17.0.5\bin\vcruntime140_1.dll
0x00007fff66d80000 - 0x00007fff66e0d000 	C:\Program Files\Java\jdk-17.0.5\bin\msvcp140.dll
0x00007fff43ff0000 - 0x00007fff44bb2000 	C:\Program Files\Java\jdk-17.0.5\bin\server\jvm.dll
0x00007fff81fb0000 - 0x00007fff81fb8000 	C:\WINDOWS\System32\PSAPI.DLL
0x00007fff6a670000 - 0x00007fff6a679000 	C:\WINDOWS\SYSTEM32\WSOCK32.dll
0x00007fff70d90000 - 0x00007fff70db7000 	C:\WINDOWS\SYSTEM32\WINMM.dll
0x00007fff81de0000 - 0x00007fff81e4b000 	C:\WINDOWS\System32\WS2_32.dll
0x00007fff7e0e0000 - 0x00007fff7e0f2000 	C:\WINDOWS\SYSTEM32\kernel.appcore.dll
0x00007fff6c470000 - 0x00007fff6c47a000 	C:\Program Files\Java\jdk-17.0.5\bin\jimage.dll
0x00007fff72440000 - 0x00007fff72624000 	C:\WINDOWS\SYSTEM32\DBGHELP.DLL
0x00007fff721d0000 - 0x00007fff72204000 	C:\WINDOWS\SYSTEM32\dbgcore.DLL
0x00007fff805b0000 - 0x00007fff80632000 	C:\WINDOWS\System32\bcryptPrimitives.dll
0x00007fff6c0c0000 - 0x00007fff6c0ce000 	C:\Program Files\Java\jdk-17.0.5\bin\instrument.dll
0x00007fff66d50000 - 0x00007fff66d75000 	C:\Program Files\Java\jdk-17.0.5\bin\java.dll
0x00007fff61e10000 - 0x00007fff61ee6000 	C:\Program Files\Java\jdk-17.0.5\bin\jsvml.dll
0x00007fff81000000 - 0x00007fff81744000 	C:\WINDOWS\System32\SHELL32.dll
0x00007fff7e2e0000 - 0x00007fff7ea73000 	C:\WINDOWS\SYSTEM32\windows.storage.dll
0x00007fff826e0000 - 0x00007fff82a34000 	C:\WINDOWS\System32\combase.dll
0x00007fff7fb80000 - 0x00007fff7fbae000 	C:\WINDOWS\SYSTEM32\Wldp.dll
0x00007fff82460000 - 0x00007fff8250d000 	C:\WINDOWS\System32\SHCORE.dll
0x00007fff81fc0000 - 0x00007fff82015000 	C:\WINDOWS\System32\shlwapi.dll
0x00007fff80150000 - 0x00007fff8016f000 	C:\WINDOWS\SYSTEM32\profapi.dll
0x00007fff63a60000 - 0x00007fff63a78000 	C:\Program Files\Java\jdk-17.0.5\bin\zip.dll
0x00007fff6b9d0000 - 0x00007fff6b9e9000 	C:\Program Files\Java\jdk-17.0.5\bin\net.dll
0x00007fff798a0000 - 0x00007fff799aa000 	C:\WINDOWS\SYSTEM32\WINHTTP.dll
0x00007fff7f8e0000 - 0x00007fff7f94a000 	C:\WINDOWS\system32\mswsock.dll
0x00007fff63fb0000 - 0x00007fff63fc6000 	C:\Program Files\Java\jdk-17.0.5\bin\nio.dll
0x00007fff63720000 - 0x00007fff6373a000 	C:\Program Files\JetBrains\IntelliJ IDEA 2023.2.1\bin\breakgen64.dll
0x00007fff7f610000 - 0x00007fff7f6da000 	C:\WINDOWS\SYSTEM32\DNSAPI.dll
0x00007fff7f5d0000 - 0x00007fff7f60c000 	C:\WINDOWS\SYSTEM32\IPHLPAPI.DLL
0x00007fff80f60000 - 0x00007fff80f68000 	C:\WINDOWS\System32\NSI.dll
0x00007fff71fa0000 - 0x00007fff71faa000 	C:\Windows\System32\rasadhlp.dll
0x00007fff72870000 - 0x00007fff728f2000 	C:\WINDOWS\System32\fwpuclnt.dll
0x00007fff80940000 - 0x00007fff80967000 	C:\WINDOWS\System32\bcrypt.dll
0x00007fff66d40000 - 0x00007fff66d49000 	C:\Program Files\Java\jdk-17.0.5\bin\management.dll
0x00007fff65880000 - 0x00007fff6588b000 	C:\Program Files\Java\jdk-17.0.5\bin\management_ext.dll
0x00007fff7fad0000 - 0x00007fff7fae8000 	C:\WINDOWS\SYSTEM32\CRYPTSP.dll
0x00007fff7f200000 - 0x00007fff7f234000 	C:\WINDOWS\system32\rsaenh.dll
0x00007fff80110000 - 0x00007fff8013e000 	C:\WINDOWS\SYSTEM32\USERENV.dll
0x00007fff7faf0000 - 0x00007fff7fafc000 	C:\WINDOWS\SYSTEM32\CRYPTBASE.dll
0x00007fff79e40000 - 0x00007fff79e57000 	C:\WINDOWS\SYSTEM32\dhcpcsvc6.DLL
0x00007fff7a6f0000 - 0x00007fff7a70d000 	C:\WINDOWS\SYSTEM32\dhcpcsvc.DLL
0x00007fff62c80000 - 0x00007fff62c97000 	C:\WINDOWS\system32\napinsp.dll
0x00007fff62c60000 - 0x00007fff62c7b000 	C:\WINDOWS\system32\pnrpnsp.dll
0x00007fff62ad0000 - 0x00007fff62ae5000 	C:\WINDOWS\system32\wshbth.dll
0x00007fff7baf0000 - 0x00007fff7bb0d000 	C:\WINDOWS\system32\NLAapi.dll
0x00007fff62a00000 - 0x00007fff62a12000 	C:\WINDOWS\System32\winrnr.dll

dbghelp: loaded successfully - version: 4.0.5 - missing functions: none
symbol engine: initialized successfully - sym options: 0x614 - pdb path: .;C:\Program Files\Java\jdk-17.0.5\bin;C:\WINDOWS\SYSTEM32;C:\WINDOWS\WinSxS\amd64_microsoft.windows.common-controls_6595b64144ccf1df_6.0.19041.1110_none_60b5254171f9507e;C:\Program Files\Java\jdk-17.0.5\bin\server;C:\Program Files\JetBrains\IntelliJ IDEA 2023.2.1\bin

VM Arguments:
jvm_args: -XX:TieredStopAtLevel=1 -Dspring.output.ansi.enabled=always -Dcom.sun.management.jmxremote -Dspring.jmx.enabled=true -Dspring.liveBeansView.mbeanDomain -Dspring.application.admin.enabled=true -Dmanagement.endpoints.jmx.exposure.include=* -javaagent:C:\Program Files\JetBrains\IntelliJ IDEA 2023.2.1\lib\idea_rt.jar=50456:C:\Program Files\JetBrains\IntelliJ IDEA 2023.2.1\bin -Dfile.encoding=UTF-8 
java_command: com.shohab.CreateApi.CreateApiApplication
java_class_path (initial): F:\SpringBoot-main\CreateApi\target\classes;C:\Users\user\.m2\repository\org\springframework\boot\spring-boot-starter-data-jpa\3.2.2\spring-boot-starter-data-jpa-3.2.2.jar;C:\Users\user\.m2\repository\org\springframework\boot\spring-boot-starter-aop\3.2.2\spring-boot-starter-aop-3.2.2.jar;C:\Users\user\.m2\repository\org\springframework\spring-aop\6.1.3\spring-aop-6.1.3.jar;C:\Users\user\.m2\repository\org\aspectj\aspectjweaver\1.9.21\aspectjweaver-1.9.21.jar;C:\Users\user\.m2\repository\org\springframework\boot\spring-boot-starter-jdbc\3.2.2\spring-boot-starter-jdbc-3.2.2.jar;C:\Users\user\.m2\repository\com\zaxxer\HikariCP\5.0.1\HikariCP-5.0.1.jar;C:\Users\user\.m2\repository\org\springframework\spring-jdbc\6.1.3\spring-jdbc-6.1.3.jar;C:\Users\user\.m2\repository\org\hibernate\orm\hibernate-core\6.4.1.Final\hibernate-core-6.4.1.Final.jar;C:\Users\user\.m2\repository\jakarta\persistence\jakarta.persistence-api\3.1.0\jakarta.persistence-api-3.1.0.jar;C:\Users\user\.m2\repository\jakarta\transaction\jakarta.transaction-api\2.0.1\jakarta.transaction-api-2.0.1.jar;C:\Users\user\.m2\repository\org\jboss\logging\jboss-logging\3.5.3.Final\jboss-logging-3.5.3.Final.jar;C:\Users\user\.m2\repository\org\hibernate\common\hibernate-commons-annotations\6.0.6.Final\hibernate-commons-annotations-6.0.6.Final.jar;C:\Users\user\.m2\repository\io\smallrye\jandex\3.1.2\jandex-3.1.2.jar;C:\Users\user\.m2\repository\com\fasterxml\classmate\1.6.0\classmate-1.6.0.jar;C:\Users\user\.m2\repository\net\bytebuddy\byte-buddy\1.14.11\byte-buddy-1.14.11.jar;C:\Users\user\.m2\repository\org\glassfish\jaxb\jaxb-runtime\4.0.4\jaxb-runtime-4.0.4.jar;C:\Users\user\.m2\repository\org\glassfish\jaxb\jaxb-core\4.0.4\jaxb-core-4.0.4.jar;C:\Users\user\.m2\repository\org\eclipse\angus\angus-activation\2.0.1\angus-activation-2.0.1.jar;C:\Users\user\.m2\repository\org\glassfish\jaxb\txw2\4.0.4\txw2-4.0.4.jar;C:\Users\user\.m2\repository\com\sun\istack\istack-commons-runtime\4.1.2
Launcher Type: SUN_STANDARD

[Global flags]
     intx CICompilerCount                          = 3                                         {product} {ergonomic}
     uint ConcGCThreads                            = 2                                         {product} {ergonomic}
     uint G1ConcRefinementThreads                  = 6                                         {product} {ergonomic}
   size_t G1HeapRegionSize                         = 1048576                                   {product} {ergonomic}
    uintx GCDrainStackTargetSize                   = 64                                        {product} {ergonomic}
   size_t InitialHeapSize                          = 134217728                                 {product} {ergonomic}
     bool ManagementServer                         = true                                      {product} {command line}
   size_t MarkStackSize                            = 4194304                                   {product} {ergonomic}
   size_t MaxHeapSize                              = 2116026368                                {product} {ergonomic}
   size_t MaxNewSize                               = 1268776960                                {product} {ergonomic}
   size_t MinHeapDeltaBytes                        = 1048576                                   {product} {ergonomic}
   size_t MinHeapSize                              = 8388608                                   {product} {ergonomic}
    uintx NonProfiledCodeHeapSize                  = 0                                      {pd product} {ergonomic}
     bool ProfileInterpreter                       = false                                  {pd product} {command line}
    uintx ProfiledCodeHeapSize                     = 0                                      {pd product} {ergonomic}
   size_t SoftMaxHeapSize                          = 2116026368                             {manageable} {ergonomic}
     intx TieredStopAtLevel                        = 1                                         {product} {command line}
     bool UseCompressedClassPointers               = true                           {product lp64_product} {ergonomic}
     bool UseCompressedOops                        = true                           {product lp64_product} {ergonomic}
     bool UseG1GC                                  = true                                      {product} {ergonomic}
     bool UseLargePagesIndividualAllocation        = false                                  {pd product} {ergonomic}

Logging:
Log output configuration:
 #0: stdout all=warning uptime,level,tags
 #1: stderr all=off uptime,level,tags

Environment Variables:
PATH=C:\Program Files\Common Files\Oracle\Java\javapath;C:\Program Files (x86)\Common Files\Oracle\Java\javapath;C:\App\db_home\bin;C:\WINDOWS\system32;C:\WINDOWS;C:\WINDOWS\System32\Wbem;C:\WINDOWS\System32\WindowsPowerShell\v1.0\;C:\WINDOWS\System32\OpenSSH\;C:\Program Files\Git\cmd;C:\Program Files\nodejs\;C:\Program Files\dotnet\;C:\Program Files\MySQL\MySQL Shell 8.0\bin\;C:\Users\user\AppData\Local\Microsoft\WindowsApps;C:\Users\user\AppData\Local\Programs\Microsoft VS Code\bin;C:\Users\user\AppData\Local\GitHubDesktop\bin;C:\Users\user\AppData\Roaming\npm;C:\Program Files\JetBrains\IntelliJ IDEA 2023.2.1\bin;
USERNAME=user
OS=Windows_NT
PROCESSOR_IDENTIFIER=Intel64 Family 6 Model 158 Stepping 10, GenuineIntel



---------------  S Y S T E M  ---------------

OS:
 Windows 10 , 64 bit Build 19041 (10.0.19041.3031)
OS uptime: 0 days 0:27 hours

CPU: total 6 (initial active 6) (6 cores per cpu, 1 threads per core) family 6 model 158 stepping 10 microcode 0xb4, cx8, cmov, fxsr, mmx, 3dnowpref, sse, sse2, sse3, ssse3, sse4.1, sse4.2, popcnt, lzcnt, tsc, tscinvbit, avx, avx2, aes, erms, clmul, bmi1, bmi2, adx, fma, vzeroupper, clflush, clflushopt

Memory: 4k page, system-wide physical 8064M (548M free)
TotalPageFile size 10112M (AvailPageFile size 5M)
current process WorkingSet (physical memory assigned to process): 93M, peak: 93M
current process commit charge ("private bytes"): 231M, peak: 231M

vm_info: Java HotSpot(TM) 64-Bit Server VM (17.0.5+9-LTS-191) for windows-amd64 JRE (17.0.5+9-LTS-191), built on Sep 13 2022 17:31:43 by "mach5one" with MS VC++ 16.8 / 16.9 (VS2019)

END.
