#
# There is insufficient memory for the Java Runtime Environment to continue.
# Native memory allocation (malloc) failed to allocate 2097152 bytes for AllocateHeap
# Possible reasons:
#   The system is out of physical RAM or swap space
#   The process is running with CompressedOops enabled, and the Java Heap may be blocking the growth of the native heap
# Possible solutions:
#   Reduce memory load on the system
#   Increase physical memory or swap space
#   Check if swap backing store is full
#   Decrease Java heap size (-Xmx/-Xms)
#   Decrease number of Java threads
#   Decrease Java thread stack sizes (-Xss)
#   Set larger code cache with -XX:ReservedCodeCacheSize=
#   JVM is running with Unscaled Compressed Oops mode in which the Java heap is
#     placed in the first 4GB address space. The Java Heap base address is the
#     maximum limit for the native heap growth. Please use -XX:HeapBaseMinAddress
#     to set the Java Heap base and to place the Java Heap above 4GB virtual address.
# This output file may be truncated or incomplete.
#
#  Out of Memory Error (allocation.cpp:44), pid=1332, tid=1232
#
# JRE version: Java(TM) SE Runtime Environment (17.0.5+9) (build 17.0.5+9-LTS-191)
# Java VM: Java HotSpot(TM) 64-Bit Server VM (17.0.5+9-LTS-191, mixed mode, emulated-client, sharing, tiered, compressed oops, compressed class ptrs, g1 gc, windows-amd64)
# No core dump will be written. Minidumps are not enabled by default on client versions of Windows
#

---------------  S U M M A R Y ------------

Command Line: -XX:TieredStopAtLevel=1 -Dspring.output.ansi.enabled=always -Dcom.sun.management.jmxremote -Dspring.jmx.enabled=true -Dspring.liveBeansView.mbeanDomain -Dspring.application.admin.enabled=true -Dmanagement.endpoints.jmx.exposure.include=* -javaagent:C:\Program Files\JetBrains\IntelliJ IDEA 2023.2.1\lib\idea_rt.jar=50997:C:\Program Files\JetBrains\IntelliJ IDEA 2023.2.1\bin -Dfile.encoding=UTF-8 com.shohab.CreateApi.CreateApiApplication

Host: Intel(R) Core(TM) i5-9400 CPU @ 2.90GHz, 6 cores, 7G,  Windows 10 , 64 bit Build 19041 (10.0.19041.3031)
Time: Sun Feb 11 10:15:53 2024 Bangladesh Standard Time elapsed time: 21.228271 seconds (0d 0h 0m 21s)

---------------  T H R E A D  ---------------

Current thread (0x00000192f87bd8f0):  VMThread "VM Thread" [stack: 0x0000006421300000,0x0000006421400000] [id=1232]

Stack: [0x0000006421300000,0x0000006421400000]
Native frames: (J=compiled Java code, j=interpreted, Vv=VM code, C=native code)
V  [jvm.dll+0x672eea]
V  [jvm.dll+0x7d2a04]
V  [jvm.dll+0x7d41ae]
V  [jvm.dll+0x7d4813]
V  [jvm.dll+0x242c15]
V  [jvm.dll+0xa4b93]
V  [jvm.dll+0x2f2261]
V  [jvm.dll+0x2ee080]
V  [jvm.dll+0x2d6817]
V  [jvm.dll+0x319487]
V  [jvm.dll+0x7d8ceb]
V  [jvm.dll+0x7d9a24]
V  [jvm.dll+0x7d9f3c]
V  [jvm.dll+0x7da314]
V  [jvm.dll+0x7da3e0]
V  [jvm.dll+0x782b4a]
V  [jvm.dll+0x671d75]
C  [ucrtbase.dll+0x21bb2]
C  [KERNEL32.DLL+0x17614]
C  [ntdll.dll+0x526f1]

VM_Operation (0x0000006421dfef10): G1CollectFull, mode: safepoint, requested by thread 0x00000192fdc00a20


---------------  P R O C E S S  ---------------

Threads class SMR info:
_java_thread_list=0x00000192fdb66060, length=22, elements={
0x00000192f87c1da0, 0x00000192f87c2c10, 0x00000192f87d3c40, 0x00000192f87d49c0,
0x00000192f87d8390, 0x00000192f87d8d40, 0x00000192f87d97a0, 0x00000192f87e66b0,
0x00000192f87ad6c0, 0x00000192f97d9570, 0x00000192f97dd8f0, 0x00000192f9c7b680,
0x00000192fad1ccb0, 0x00000192fad23650, 0x00000192fad21970, 0x00000192fad21e40,
0x00000192fdc04d80, 0x00000192fdc05250, 0x00000192fdc4b870, 0x00000192fdc06a60,
0x00000192fdc048b0, 0x00000192fdc00a20
}

Java Threads: ( => current thread )
  0x00000192f87c1da0 JavaThread "Reference Handler" daemon [_thread_blocked, id=11524, stack(0x0000006421400000,0x0000006421500000)]
  0x00000192f87c2c10 JavaThread "Finalizer" daemon [_thread_blocked, id=11960, stack(0x0000006421500000,0x0000006421600000)]
  0x00000192f87d3c40 JavaThread "Signal Dispatcher" daemon [_thread_blocked, id=10004, stack(0x0000006421600000,0x0000006421700000)]
  0x00000192f87d49c0 JavaThread "Attach Listener" daemon [_thread_blocked, id=11984, stack(0x0000006421700000,0x0000006421800000)]
  0x00000192f87d8390 JavaThread "Service Thread" daemon [_thread_blocked, id=2792, stack(0x0000006421800000,0x0000006421900000)]
  0x00000192f87d8d40 JavaThread "Monitor Deflation Thread" daemon [_thread_blocked, id=2728, stack(0x0000006421900000,0x0000006421a00000)]
  0x00000192f87d97a0 JavaThread "C1 CompilerThread0" daemon [_thread_blocked, id=2660, stack(0x0000006421a00000,0x0000006421b00000)]
  0x00000192f87e66b0 JavaThread "Sweeper thread" daemon [_thread_blocked, id=9404, stack(0x0000006421b00000,0x0000006421c00000)]
  0x00000192f87ad6c0 JavaThread "Common-Cleaner" daemon [_thread_blocked, id=10160, stack(0x0000006421c00000,0x0000006421d00000)]
  0x00000192f97d9570 JavaThread "Monitor Ctrl-Break" daemon [_thread_in_native, id=2040, stack(0x0000006421f00000,0x0000006422000000)]
  0x00000192f97dd8f0 JavaThread "Notification Thread" daemon [_thread_blocked, id=7652, stack(0x0000006422000000,0x0000006422100000)]
  0x00000192f9c7b680 JavaThread "RMI TCP Accept-0" daemon [_thread_in_native, id=2512, stack(0x0000006422100000,0x0000006422200000)]
  0x00000192fad1ccb0 JavaThread "RMI TCP Connection(idle)" daemon [_thread_blocked, id=11316, stack(0x0000006422b00000,0x0000006422c00000)]
  0x00000192fad23650 JavaThread "RMI Scheduler(0)" daemon [_thread_blocked, id=6496, stack(0x0000006422d00000,0x0000006422e00000)]
  0x00000192fad21970 JavaThread "mysql-cj-abandoned-connection-cleanup" daemon [_thread_blocked, id=6876, stack(0x0000006423100000,0x0000006423200000)]
  0x00000192fad21e40 JavaThread "Live Reload Server" daemon [_thread_in_native, id=8712, stack(0x0000006423700000,0x0000006423800000)]
  0x00000192fdc04d80 JavaThread "DestroyJavaVM" [_thread_blocked, id=4316, stack(0x0000006420d00000,0x0000006420e00000)]
  0x00000192fdc05250 JavaThread "RMI TCP Connection(3)-192.168.88.247" daemon [_thread_in_native, id=7016, stack(0x0000006422900000,0x0000006422a00000)]
  0x00000192fdc4b870 JavaThread "C1 CompilerThread1" daemon [_thread_blocked, id=4392, stack(0x0000006422a00000,0x0000006422b00000)]
  0x00000192fdc06a60 JavaThread "Catalina-utility-1" [_thread_blocked, id=10696, stack(0x0000006422f00000,0x0000006423000000)]
  0x00000192fdc048b0 JavaThread "Catalina-utility-2" [_thread_blocked, id=1384, stack(0x0000006423000000,0x0000006423100000)]
  0x00000192fdc00a20 JavaThread "Thread-7" [_thread_blocked, id=7704, stack(0x0000006421d00000,0x0000006421e00000)]

Other Threads:
=>0x00000192f87bd8f0 VMThread "VM Thread" [stack: 0x0000006421300000,0x0000006421400000] [id=1232]
  0x00000192f9c90610 WatcherThread [stack: 0x0000006422200000,0x0000006422300000] [id=5352]
  0x00000192e6cc33e0 GCTaskThread "GC Thread#0" [stack: 0x0000006420e00000,0x0000006420f00000] [id=11820]
  0x00000192f9facbb0 GCTaskThread "GC Thread#1" [stack: 0x0000006422300000,0x0000006422400000] [id=9788]
  0x00000192fa0213a0 GCTaskThread "GC Thread#2" [stack: 0x0000006422400000,0x0000006422500000] [id=4240]
  0x00000192fa0674f0 GCTaskThread "GC Thread#3" [stack: 0x0000006422500000,0x0000006422600000] [id=8464]
  0x00000192f9fc2ed0 GCTaskThread "GC Thread#4" [stack: 0x0000006422600000,0x0000006422700000] [id=11864]
  0x00000192f9fc3180 GCTaskThread "GC Thread#5" [stack: 0x0000006422700000,0x0000006422800000] [id=3036]
  0x00000192e6cd3f60 ConcurrentGCThread "G1 Main Marker" [stack: 0x0000006420f00000,0x0000006421000000] [id=2848]
  0x00000192e6cd4970 ConcurrentGCThread "G1 Conc#0" [stack: 0x0000006421000000,0x0000006421100000] [id=4352]
  0x00000192fb074ba0 ConcurrentGCThread "G1 Conc#1" [stack: 0x0000006422c00000,0x0000006422d00000] [id=1100]
  0x00000192e6d31e50 ConcurrentGCThread "G1 Refine#0" [stack: 0x0000006421100000,0x0000006421200000] [id=6088]
  0x00000192fa04a3c0 ConcurrentGCThread "G1 Refine#1" [stack: 0x0000006422800000,0x0000006422900000] [id=10476]
  0x00000192e6d32870 ConcurrentGCThread "G1 Service" [stack: 0x0000006421200000,0x0000006421300000] [id=5900]

Threads with active compile tasks:
C1 CompilerThread0    21250 6405       1       java.lang.reflect.Field::getFieldAccessor (35 bytes)

VM state: at safepoint (normal execution)

VM Mutex/Monitor currently owned by a thread:  ([mutex/lock_event])
[0x00000192e6c66450] Threads_lock - owner thread: 0x00000192f87bd8f0
[0x00000192e6c65d00] Heap_lock - owner thread: 0x00000192fdc00a20

Heap address: 0x0000000081e00000, size: 2018 MB, Compressed Oops mode: 32-bit

CDS archive(s) mapped at: [0x0000000800000000-0x0000000800bd0000-0x0000000800bd0000), size 12386304, SharedBaseAddress: 0x0000000800000000, ArchiveRelocationMode: 0.
Compressed class space mapped at: 0x0000000800c00000-0x0000000840c00000, reserved size: 1073741824
Narrow klass base: 0x0000000800000000, Narrow klass shift: 0, Narrow klass range: 0x100000000

GC Precious Log:
 CPUs: 6 total, 6 available
 Memory: 8064M
 Large Page Support: Disabled
 NUMA Support: Disabled
 Compressed Oops: Enabled (32-bit)
 Heap Region Size: 1M
 Heap Min Capacity: 8M
 Heap Initial Capacity: 128M
 Heap Max Capacity: 2018M
 Pre-touch: Disabled
 Parallel Workers: 6
 Concurrent Workers: 2
 Concurrent Refinement Workers: 6
 Periodic GC: Disabled

Heap:
 garbage-first heap   total 75776K, used 53723K [0x0000000081e00000, 0x0000000100000000)
  region size 1024K, 30 young (30720K), 3 survivors (3072K)
 Metaspace       used 62614K, committed 63232K, reserved 1105920K
  class space    used 8947K, committed 9216K, reserved 1048576K

Heap Regions: E=young(eden), S=young(survivor), O=old, HS=humongous(starts), HC=humongous(continues), CS=collection set, F=free, OA=open archive, CA=closed archive, TAMS=top-at-mark-start (previous, next)
|   0|0x0000000081e00000, 0x0000000081f00000, 0x0000000081f00000|100%|HS|  |TAMS 0x0000000081f00000, 0x0000000081e00000| Untracked 
|   1|0x0000000081f00000, 0x0000000082000000, 0x0000000082000000|100%| O|  |TAMS 0x0000000082000000, 0x0000000081f00000| Untracked 
|   2|0x0000000082000000, 0x0000000082100000, 0x0000000082100000|100%| O|  |TAMS 0x0000000082100000, 0x0000000082000000| Untracked 
|   3|0x0000000082100000, 0x0000000082200000, 0x0000000082200000|100%| O|  |TAMS 0x0000000082200000, 0x0000000082100000| Untracked 
|   4|0x0000000082200000, 0x0000000082300000, 0x0000000082300000|100%| O|  |TAMS 0x0000000082200000, 0x0000000082200000| Untracked 
|   5|0x0000000082300000, 0x00000000823fe760, 0x0000000082400000| 99%| O|  |TAMS 0x0000000082300000, 0x0000000082300000| Untracked 
|   6|0x0000000082400000, 0x00000000824fffe8, 0x0000000082500000| 99%| O|  |TAMS 0x0000000082400000, 0x0000000082400000| Untracked 
|   7|0x0000000082500000, 0x00000000825ffff8, 0x0000000082600000| 99%| O|  |TAMS 0x0000000082500000, 0x0000000082500000| Untracked 
|   8|0x0000000082600000, 0x00000000826ffff8, 0x0000000082700000| 99%| O|  |TAMS 0x0000000082600000, 0x0000000082600000| Untracked 
|   9|0x0000000082700000, 0x0000000082800000, 0x0000000082800000|100%| O|  |TAMS 0x0000000082800000, 0x0000000082700000| Untracked 
|  10|0x0000000082800000, 0x00000000828fffd8, 0x0000000082900000| 99%| O|  |TAMS 0x0000000082800000, 0x0000000082800000| Untracked 
|  11|0x0000000082900000, 0x0000000082a00000, 0x0000000082a00000|100%| O|  |TAMS 0x0000000082900000, 0x0000000082900000| Untracked 
|  12|0x0000000082a00000, 0x0000000082affff8, 0x0000000082b00000| 99%| O|  |TAMS 0x0000000082a00000, 0x0000000082a00000| Untracked 
|  13|0x0000000082b00000, 0x0000000082bf9be0, 0x0000000082c00000| 97%| O|  |TAMS 0x0000000082b00000, 0x0000000082b00000| Untracked 
|  14|0x0000000082c00000, 0x0000000082cfffe8, 0x0000000082d00000| 99%| O|  |TAMS 0x0000000082c00000, 0x0000000082c00000| Untracked 
|  15|0x0000000082d00000, 0x0000000082dffde8, 0x0000000082e00000| 99%| O|  |TAMS 0x0000000082d00000, 0x0000000082d00000| Untracked 
|  16|0x0000000082e00000, 0x0000000082effff0, 0x0000000082f00000| 99%| O|  |TAMS 0x0000000082e00000, 0x0000000082e00000| Untracked 
|  17|0x0000000082f00000, 0x0000000082ffffb0, 0x0000000083000000| 99%| O|  |TAMS 0x0000000082f00000, 0x0000000082f00000| Untracked 
|  18|0x0000000083000000, 0x0000000083100000, 0x0000000083100000|100%| O|  |TAMS 0x0000000083000000, 0x0000000083000000| Untracked 
|  19|0x0000000083100000, 0x00000000831fffd8, 0x0000000083200000| 99%| O|  |TAMS 0x0000000083100000, 0x0000000083100000| Untracked 
|  20|0x0000000083200000, 0x0000000083300000, 0x0000000083300000|100%| O|  |TAMS 0x0000000083300000, 0x0000000083200000| Untracked 
|  21|0x0000000083300000, 0x00000000833f4d80, 0x0000000083400000| 95%| O|  |TAMS 0x0000000083300000, 0x0000000083300000| Untracked 
|  22|0x0000000083400000, 0x00000000834ffff0, 0x0000000083500000| 99%| O|  |TAMS 0x0000000083400000, 0x0000000083400000| Untracked 
|  23|0x0000000083500000, 0x000000008356e820, 0x0000000083600000| 43%| O|  |TAMS 0x0000000083500000, 0x0000000083500000| Untracked 
|  24|0x0000000083600000, 0x000000008362d508, 0x0000000083700000| 17%| O|  |TAMS 0x0000000083600000, 0x0000000083600000| Untracked 
|  25|0x0000000083700000, 0x000000008370c660, 0x0000000083800000|  4%| O|  |TAMS 0x0000000083700000, 0x0000000083700000| Untracked 
|  26|0x0000000083800000, 0x0000000083800000, 0x0000000083900000|  0%| F|  |TAMS 0x0000000083800000, 0x0000000083800000| Untracked 
|  27|0x0000000083900000, 0x0000000083900000, 0x0000000083a00000|  0%| F|  |TAMS 0x0000000083900000, 0x0000000083900000| Untracked 
|  28|0x0000000083a00000, 0x0000000083a00000, 0x0000000083b00000|  0%| F|  |TAMS 0x0000000083a00000, 0x0000000083a00000| Untracked 
|  29|0x0000000083b00000, 0x0000000083b00000, 0x0000000083c00000|  0%| F|  |TAMS 0x0000000083b00000, 0x0000000083b00000| Untracked 
|  30|0x0000000083c00000, 0x0000000083c00000, 0x0000000083d00000|  0%| F|  |TAMS 0x0000000083c00000, 0x0000000083c00000| Untracked 
|  31|0x0000000083d00000, 0x0000000083d00000, 0x0000000083e00000|  0%| F|  |TAMS 0x0000000083d00000, 0x0000000083d00000| Untracked 
|  32|0x0000000083e00000, 0x0000000083e00000, 0x0000000083f00000|  0%| F|  |TAMS 0x0000000083e00000, 0x0000000083e00000| Untracked 
|  33|0x0000000083f00000, 0x0000000083f00000, 0x0000000084000000|  0%| F|  |TAMS 0x0000000083f00000, 0x0000000083f00000| Untracked 
|  34|0x0000000084000000, 0x0000000084000000, 0x0000000084100000|  0%| F|  |TAMS 0x0000000084000000, 0x0000000084000000| Untracked 
|  35|0x0000000084100000, 0x0000000084100000, 0x0000000084200000|  0%| F|  |TAMS 0x0000000084100000, 0x0000000084100000| Untracked 
|  36|0x0000000084200000, 0x0000000084200000, 0x0000000084300000|  0%| F|  |TAMS 0x0000000084200000, 0x0000000084200000| Untracked 
|  37|0x0000000084300000, 0x0000000084300000, 0x0000000084400000|  0%| F|  |TAMS 0x0000000084300000, 0x0000000084300000| Untracked 
|  38|0x0000000084400000, 0x0000000084400000, 0x0000000084500000|  0%| F|  |TAMS 0x0000000084400000, 0x0000000084400000| Untracked 
|  39|0x0000000084500000, 0x00000000845e1b20, 0x0000000084600000| 88%| S|CS|TAMS 0x0000000084500000, 0x0000000084500000| Complete 
|  40|0x0000000084600000, 0x0000000084700000, 0x0000000084700000|100%| S|CS|TAMS 0x0000000084600000, 0x0000000084600000| Complete 
|  41|0x0000000084700000, 0x0000000084800000, 0x0000000084800000|100%| S|CS|TAMS 0x0000000084700000, 0x0000000084700000| Complete 
|  42|0x0000000084800000, 0x0000000084800000, 0x0000000084900000|  0%| F|  |TAMS 0x0000000084800000, 0x0000000084800000| Untracked 
|  43|0x0000000084900000, 0x0000000084900000, 0x0000000084a00000|  0%| F|  |TAMS 0x0000000084900000, 0x0000000084900000| Untracked 
|  44|0x0000000084a00000, 0x0000000084a00000, 0x0000000084b00000|  0%| F|  |TAMS 0x0000000084a00000, 0x0000000084a00000| Untracked 
|  45|0x0000000084b00000, 0x0000000084b00000, 0x0000000084c00000|  0%| F|  |TAMS 0x0000000084b00000, 0x0000000084b00000| Untracked 
|  46|0x0000000084c00000, 0x0000000084c00000, 0x0000000084d00000|  0%| F|  |TAMS 0x0000000084c00000, 0x0000000084c00000| Untracked 
|  47|0x0000000084d00000, 0x0000000084d981e8, 0x0000000084e00000| 59%| E|  |TAMS 0x0000000084d00000, 0x0000000084d00000| Complete 
|  48|0x0000000084e00000, 0x0000000084f00000, 0x0000000084f00000|100%| E|CS|TAMS 0x0000000084e00000, 0x0000000084e00000| Complete 
|  49|0x0000000084f00000, 0x0000000085000000, 0x0000000085000000|100%| E|CS|TAMS 0x0000000084f00000, 0x0000000084f00000| Complete 
|  50|0x0000000085000000, 0x0000000085100000, 0x0000000085100000|100%| E|CS|TAMS 0x0000000085000000, 0x0000000085000000| Complete 
|  51|0x0000000085100000, 0x0000000085200000, 0x0000000085200000|100%| E|CS|TAMS 0x0000000085100000, 0x0000000085100000| Complete 
|  52|0x0000000085200000, 0x0000000085300000, 0x0000000085300000|100%| E|CS|TAMS 0x0000000085200000, 0x0000000085200000| Complete 
|  53|0x0000000085300000, 0x0000000085400000, 0x0000000085400000|100%| E|CS|TAMS 0x0000000085300000, 0x0000000085300000| Complete 
|  54|0x0000000085400000, 0x0000000085500000, 0x0000000085500000|100%| E|CS|TAMS 0x0000000085400000, 0x0000000085400000| Complete 
|  55|0x0000000085500000, 0x0000000085600000, 0x0000000085600000|100%| E|CS|TAMS 0x0000000085500000, 0x0000000085500000| Complete 
|  56|0x0000000085600000, 0x0000000085700000, 0x0000000085700000|100%| E|CS|TAMS 0x0000000085600000, 0x0000000085600000| Complete 
|  57|0x0000000085700000, 0x0000000085800000, 0x0000000085800000|100%| E|CS|TAMS 0x0000000085700000, 0x0000000085700000| Complete 
|  58|0x0000000085800000, 0x0000000085900000, 0x0000000085900000|100%| E|CS|TAMS 0x0000000085800000, 0x0000000085800000| Complete 
|  59|0x0000000085900000, 0x0000000085a00000, 0x0000000085a00000|100%| E|CS|TAMS 0x0000000085900000, 0x0000000085900000| Complete 
|  60|0x0000000085a00000, 0x0000000085b00000, 0x0000000085b00000|100%| E|CS|TAMS 0x0000000085a00000, 0x0000000085a00000| Complete 
|  61|0x0000000085b00000, 0x0000000085c00000, 0x0000000085c00000|100%| E|CS|TAMS 0x0000000085b00000, 0x0000000085b00000| Complete 
|  62|0x0000000085c00000, 0x0000000085d00000, 0x0000000085d00000|100%| E|CS|TAMS 0x0000000085c00000, 0x0000000085c00000| Complete 
|  63|0x0000000085d00000, 0x0000000085e00000, 0x0000000085e00000|100%| E|CS|TAMS 0x0000000085d00000, 0x0000000085d00000| Complete 
|  64|0x0000000085e00000, 0x0000000085f00000, 0x0000000085f00000|100%| E|CS|TAMS 0x0000000085e00000, 0x0000000085e00000| Complete 
|  65|0x0000000085f00000, 0x0000000086000000, 0x0000000086000000|100%| E|CS|TAMS 0x0000000085f00000, 0x0000000085f00000| Complete 
|  66|0x0000000086000000, 0x0000000086100000, 0x0000000086100000|100%| E|CS|TAMS 0x0000000086000000, 0x0000000086000000| Complete 
|  67|0x0000000086100000, 0x0000000086200000, 0x0000000086200000|100%| E|CS|TAMS 0x0000000086100000, 0x0000000086100000| Complete 
|  68|0x0000000086200000, 0x0000000086300000, 0x0000000086300000|100%| E|CS|TAMS 0x0000000086200000, 0x0000000086200000| Complete 
|  69|0x0000000086300000, 0x0000000086400000, 0x0000000086400000|100%| E|CS|TAMS 0x0000000086300000, 0x0000000086300000| Complete 
|  70|0x0000000086400000, 0x0000000086500000, 0x0000000086500000|100%| E|CS|TAMS 0x0000000086400000, 0x0000000086400000| Complete 
|  71|0x0000000086500000, 0x0000000086600000, 0x0000000086600000|100%| E|CS|TAMS 0x0000000086500000, 0x0000000086500000| Complete 
| 106|0x0000000088800000, 0x0000000088900000, 0x0000000088900000|100%| E|CS|TAMS 0x0000000088800000, 0x0000000088800000| Complete 
| 127|0x0000000089d00000, 0x0000000089e00000, 0x0000000089e00000|100%| E|CS|TAMS 0x0000000089d00000, 0x0000000089d00000| Complete 

Card table byte_map: [0x00000192f18e0000,0x00000192f1ce0000] _byte_map_base: 0x00000192f14d1000

Marking Bits (Prev, Next): (CMBitMap*) 0x00000192e6cc39f0, (CMBitMap*) 0x00000192e6cc3a30
 Prev Bits: [0x00000192f20e0000, 0x00000192f4068000)
 Next Bits: [0x00000192f4070000, 0x00000192f5ff8000)

Polling page: 0x00000192e6440000

Metaspace:

Usage:
  Non-class:     52.41 MB used.
      Class:      8.74 MB used.
       Both:     61.15 MB used.

Virtual space:
  Non-class space:       56.00 MB reserved,      52.75 MB ( 94%) committed,  7 nodes.
      Class space:        1.00 GB reserved,       9.00 MB ( <1%) committed,  1 nodes.
             Both:        1.05 GB reserved,      61.75 MB (  6%) committed. 

Chunk freelists:
   Non-Class:  3.04 MB
       Class:  3.00 MB
        Both:  6.04 MB

MaxMetaspaceSize: unlimited
CompressedClassSpaceSize: 1.00 GB
Initial GC threshold: 21.00 MB
Current GC threshold: 102.75 MB
CDS: on
MetaspaceReclaimPolicy: balanced
 - commit_granule_bytes: 65536.
 - commit_granule_words: 8192.
 - virtual_space_node_default_size: 1048576.
 - enlarge_chunks_in_place: 1.
 - new_chunks_are_fully_committed: 0.
 - uncommit_free_chunks: 1.
 - use_allocation_guard: 0.
 - handle_deallocations: 1.


Internal statistics:

num_allocs_failed_limit: 9.
num_arena_births: 814.
num_arena_deaths: 0.
num_vsnodes_births: 8.
num_vsnodes_deaths: 0.
num_space_committed: 988.
num_space_uncommitted: 0.
num_chunks_returned_to_freelist: 9.
num_chunks_taken_from_freelist: 3045.
num_chunk_merges: 9.
num_chunk_splits: 2177.
num_chunks_enlarged: 1666.
num_purges: 2.
num_inconsistent_stats: 0.

CodeCache: size=49152Kb used=12096Kb max_used=12620Kb free=37055Kb
 bounds [0x00000192ee4e0000, 0x00000192ef140000, 0x00000192f14e0000]
 total_blobs=7086 nmethods=6404 adapters=608
 compilation: enabled
              stopped_count=0, restarted_count=0
 full_count=0

Compilation events (20 events):
Event: 21.223 Thread 0x00000192fdc4b870 6396       1       com.sun.crypto.provider.GaloisCounterMode$GCMEncrypt::getOutputSize (40 bytes)
Event: 21.223 Thread 0x00000192fdc4b870 nmethod 6396 0x00000192ef107310 code [0x00000192ef1074c0, 0x00000192ef107728]
Event: 21.223 Thread 0x00000192fdc4b870 6397   !   1       sun.nio.ch.NioSocketImpl::write (90 bytes)
Event: 21.223 Thread 0x00000192f87d97a0 nmethod 6394 0x00000192ef106210 code [0x00000192ef106460, 0x00000192ef106d68]
Event: 21.223 Thread 0x00000192f87d97a0 6402   !   1       java.nio.ByteBuffer::putArray (122 bytes)
Event: 21.223 Thread 0x00000192fdc4b870 nmethod 6397 0x00000192ef105810 code [0x00000192ef105a20, 0x00000192ef105e68]
Event: 21.223 Thread 0x00000192fdc4b870 6398   !   1       sun.nio.ch.NioSocketImpl::implWrite (114 bytes)
Event: 21.224 Thread 0x00000192f87d97a0 nmethod 6402 0x00000192ef104e90 code [0x00000192ef105080, 0x00000192ef105498]
Event: 21.224 Thread 0x00000192f87d97a0 6399   !   1       sun.nio.ch.NioSocketImpl::beginWrite (30 bytes)
Event: 21.224 Thread 0x00000192f87d97a0 nmethod 6399 0x00000192ef104a10 code [0x00000192ef104ba0, 0x00000192ef104d88]
Event: 21.224 Thread 0x00000192f87d97a0 6400   !   1       sun.nio.ch.NioSocketImpl::tryWrite (78 bytes)
Event: 21.224 Thread 0x00000192fdc4b870 nmethod 6398 0x00000192ef103f10 code [0x00000192ef104120, 0x00000192ef104678]
Event: 21.224 Thread 0x00000192f87d97a0 nmethod 6400 0x00000192ef103890 code [0x00000192ef103a60, 0x00000192ef103cb8]
Event: 21.224 Thread 0x00000192fdc4b870 6401       1       java.nio.ByteBuffer::put (69 bytes)
Event: 21.224 Thread 0x00000192f87d97a0 6403   !   1       sun.nio.ch.NioSocketImpl::endWrite (58 bytes)
Event: 21.224 Thread 0x00000192f87d97a0 nmethod 6403 0x00000192ef103290 code [0x00000192ef103440, 0x00000192ef1036f8]
Event: 21.224 Thread 0x00000192fdc4b870 nmethod 6401 0x00000192ef102b90 code [0x00000192ef102d80, 0x00000192ef103098]
Event: 21.224 Thread 0x00000192f87d97a0 6404       1       java.math.BigDecimal::valueOf (46 bytes)
Event: 21.224 Thread 0x00000192f87d97a0 nmethod 6404 0x00000192ef102510 code [0x00000192ef1026e0, 0x00000192ef102a68]
Event: 21.227 Thread 0x00000192f87d97a0 6405       1       java.lang.reflect.Field::getFieldAccessor (35 bytes)

GC Heap History (20 events):
Event: 2.291 GC heap before
{Heap before GC invocations=5 (full 0):
 garbage-first heap   total 55296K, used 40449K [0x0000000081e00000, 0x0000000100000000)
  region size 1024K, 32 young (32768K), 6 survivors (6144K)
 Metaspace       used 24784K, committed 25216K, reserved 1073152K
  class space    used 3449K, committed 3648K, reserved 1048576K
}
Event: 2.297 GC heap after
{Heap after GC invocations=6 (full 0):
 garbage-first heap   total 55296K, used 16291K [0x0000000081e00000, 0x0000000100000000)
  region size 1024K, 4 young (4096K), 4 survivors (4096K)
 Metaspace       used 24784K, committed 25216K, reserved 1073152K
  class space    used 3449K, committed 3648K, reserved 1048576K
}
Event: 2.315 GC heap before
{Heap before GC invocations=6 (full 0):
 garbage-first heap   total 55296K, used 16291K [0x0000000081e00000, 0x0000000100000000)
  region size 1024K, 5 young (5120K), 4 survivors (4096K)
 Metaspace       used 25026K, committed 25408K, reserved 1073152K
  class space    used 3472K, committed 3648K, reserved 1048576K
}
Event: 2.319 GC heap after
{Heap after GC invocations=7 (full 0):
 garbage-first heap   total 55296K, used 16597K [0x0000000081e00000, 0x0000000100000000)
  region size 1024K, 1 young (1024K), 1 survivors (1024K)
 Metaspace       used 25026K, committed 25408K, reserved 1073152K
  class space    used 3472K, committed 3648K, reserved 1048576K
}
Event: 2.600 GC heap before
{Heap before GC invocations=7 (full 0):
 garbage-first heap   total 55296K, used 38101K [0x0000000081e00000, 0x0000000100000000)
  region size 1024K, 22 young (22528K), 1 survivors (1024K)
 Metaspace       used 27845K, committed 28224K, reserved 1073152K
  class space    used 3865K, committed 4032K, reserved 1048576K
}
Event: 2.603 GC heap after
{Heap after GC invocations=8 (full 0):
 garbage-first heap   total 87040K, used 17862K [0x0000000081e00000, 0x0000000100000000)
  region size 1024K, 2 young (2048K), 2 survivors (2048K)
 Metaspace       used 27845K, committed 28224K, reserved 1073152K
  class space    used 3865K, committed 4032K, reserved 1048576K
}
Event: 3.167 GC heap before
{Heap before GC invocations=8 (full 0):
 garbage-first heap   total 87040K, used 51654K [0x0000000081e00000, 0x0000000100000000)
  region size 1024K, 36 young (36864K), 2 survivors (2048K)
 Metaspace       used 35459K, committed 35968K, reserved 1081344K
  class space    used 4986K, committed 5248K, reserved 1048576K
}
Event: 3.171 GC heap after
{Heap after GC invocations=9 (full 0):
 garbage-first heap   total 87040K, used 19901K [0x0000000081e00000, 0x0000000100000000)
  region size 1024K, 4 young (4096K), 4 survivors (4096K)
 Metaspace       used 35459K, committed 35968K, reserved 1081344K
  class space    used 4986K, committed 5248K, reserved 1048576K
}
Event: 3.896 GC heap before
{Heap before GC invocations=10 (full 0):
 garbage-first heap   total 75776K, used 60861K [0x0000000081e00000, 0x0000000100000000)
  region size 1024K, 44 young (45056K), 4 survivors (4096K)
 Metaspace       used 49662K, committed 50176K, reserved 1097728K
  class space    used 6914K, committed 7168K, reserved 1048576K
}
Event: 3.902 GC heap after
{Heap after GC invocations=11 (full 0):
 garbage-first heap   total 75776K, used 22835K [0x0000000081e00000, 0x0000000100000000)
  region size 1024K, 5 young (5120K), 5 survivors (5120K)
 Metaspace       used 49662K, committed 50176K, reserved 1097728K
  class space    used 6914K, committed 7168K, reserved 1048576K
}
Event: 4.462 GC heap before
{Heap before GC invocations=12 (full 0):
 garbage-first heap   total 75776K, used 57651K [0x0000000081e00000, 0x0000000100000000)
  region size 1024K, 39 young (39936K), 5 survivors (5120K)
 Metaspace       used 56395K, committed 57024K, reserved 1105920K
  class space    used 8023K, committed 8320K, reserved 1048576K
}
Event: 4.469 GC heap after
{Heap after GC invocations=13 (full 0):
 garbage-first heap   total 75776K, used 25018K [0x0000000081e00000, 0x0000000100000000)
  region size 1024K, 3 young (3072K), 3 survivors (3072K)
 Metaspace       used 56395K, committed 57024K, reserved 1105920K
  class space    used 8023K, committed 8320K, reserved 1048576K
}
Event: 4.737 GC heap before
{Heap before GC invocations=13 (full 0):
 garbage-first heap   total 75776K, used 57786K [0x0000000081e00000, 0x0000000100000000)
  region size 1024K, 35 young (35840K), 3 survivors (3072K)
 Metaspace       used 59212K, committed 59712K, reserved 1105920K
  class space    used 8450K, committed 8704K, reserved 1048576K
}
Event: 4.741 GC heap after
{Heap after GC invocations=14 (full 0):
 garbage-first heap   total 75776K, used 26278K [0x0000000081e00000, 0x0000000100000000)
  region size 1024K, 4 young (4096K), 4 survivors (4096K)
 Metaspace       used 59212K, committed 59712K, reserved 1105920K
  class space    used 8450K, committed 8704K, reserved 1048576K
}
Event: 5.112 GC heap before
{Heap before GC invocations=14 (full 0):
 garbage-first heap   total 75776K, used 59046K [0x0000000081e00000, 0x0000000100000000)
  region size 1024K, 36 young (36864K), 4 survivors (4096K)
 Metaspace       used 62210K, committed 62784K, reserved 1105920K
  class space    used 8875K, committed 9152K, reserved 1048576K
}
Event: 5.117 GC heap after
{Heap after GC invocations=15 (full 0):
 garbage-first heap   total 75776K, used 29091K [0x0000000081e00000, 0x0000000100000000)
  region size 1024K, 5 young (5120K), 5 survivors (5120K)
 Metaspace       used 62210K, committed 62784K, reserved 1105920K
  class space    used 8875K, committed 9152K, reserved 1048576K
}
Event: 15.716 GC heap before
{Heap before GC invocations=15 (full 0):
 garbage-first heap   total 75776K, used 32163K [0x0000000081e00000, 0x0000000100000000)
  region size 1024K, 9 young (9216K), 5 survivors (5120K)
 Metaspace       used 62483K, committed 63104K, reserved 1105920K
  class space    used 8933K, committed 9216K, reserved 1048576K
}
Event: 15.764 GC heap after
{Heap after GC invocations=16 (full 1):
 garbage-first heap   total 75776K, used 24148K [0x0000000081e00000, 0x0000000100000000)
  region size 1024K, 0 young (0K), 0 survivors (0K)
 Metaspace       used 62483K, committed 63104K, reserved 1105920K
  class space    used 8933K, committed 9216K, reserved 1048576K
}
Event: 16.096 GC heap before
{Heap before GC invocations=16 (full 1):
 garbage-first heap   total 75776K, used 56916K [0x0000000081e00000, 0x0000000100000000)
  region size 1024K, 32 young (32768K), 0 survivors (0K)
 Metaspace       used 62489K, committed 63104K, reserved 1105920K
  class space    used 8936K, committed 9216K, reserved 1048576K
}
Event: 16.098 GC heap after
{Heap after GC invocations=17 (full 1):
 garbage-first heap   total 75776K, used 27099K [0x0000000081e00000, 0x0000000100000000)
  region size 1024K, 3 young (3072K), 3 survivors (3072K)
 Metaspace       used 62489K, committed 63104K, reserved 1105920K
  class space    used 8936K, committed 9216K, reserved 1048576K
}

Deoptimization events (18 events):
Event: 1.143 Thread 0x00000192fa07fcc0 DEOPT PACKING pc=0x00000192ee9e7919 sp=0x0000006422afcde0
Event: 1.143 Thread 0x00000192fa07fcc0 DEOPT UNPACKING pc=0x00000192ee532b43 sp=0x0000006422afc2c0 mode 3
Event: 1.277 Thread 0x00000192fa07fcc0 DEOPT PACKING pc=0x00000192eea51e55 sp=0x0000006422afd2c0
Event: 1.277 Thread 0x00000192fa07fcc0 DEOPT UNPACKING pc=0x00000192ee532b43 sp=0x0000006422afc768 mode 3
Event: 2.235 Thread 0x00000192fa07fcc0 DEOPT PACKING pc=0x00000192eeb9abec sp=0x0000006422afcc00
Event: 2.235 Thread 0x00000192fa07fcc0 DEOPT UNPACKING pc=0x00000192ee532b43 sp=0x0000006422afc0b8 mode 0
Event: 2.599 Thread 0x00000192fa07fcc0 DEOPT PACKING pc=0x00000192eeca4c9d sp=0x0000006422afc1d0
Event: 2.599 Thread 0x00000192fa07fcc0 DEOPT UNPACKING pc=0x00000192ee532b43 sp=0x0000006422afb738 mode 3
Event: 2.618 Thread 0x00000192fa07fcc0 DEOPT PACKING pc=0x00000192eea0b181 sp=0x0000006422afe2a0
Event: 2.618 Thread 0x00000192fa07fcc0 DEOPT UNPACKING pc=0x00000192ee532b43 sp=0x0000006422afd730 mode 3
Event: 2.618 Thread 0x00000192fad23ff0 DEOPT PACKING pc=0x00000192ee987097 sp=0x0000006422fff110
Event: 2.619 Thread 0x00000192fad23ff0 DEOPT UNPACKING pc=0x00000192ee532b43 sp=0x0000006422ffe568 mode 3
Event: 4.527 Thread 0x00000192fa07fcc0 DEOPT PACKING pc=0x00000192eea1f424 sp=0x0000006422afcb00
Event: 4.527 Thread 0x00000192fa07fcc0 DEOPT UNPACKING pc=0x00000192ee532b43 sp=0x0000006422afc058 mode 0
Event: 4.709 Thread 0x00000192fa07fcc0 DEOPT PACKING pc=0x00000192eea255a2 sp=0x0000006422afd8e0
Event: 4.709 Thread 0x00000192fa07fcc0 DEOPT UNPACKING pc=0x00000192ee532b43 sp=0x0000006422afcde8 mode 3
Event: 4.864 Thread 0x00000192fa07fcc0 DEOPT PACKING pc=0x00000192eea18815 sp=0x0000006422af9de0
Event: 4.864 Thread 0x00000192fa07fcc0 DEOPT UNPACKING pc=0x00000192ee532b43 sp=0x0000006422af9328 mode 3

Classes unloaded (0 events):
No events

Classes redefined (0 events):
No events

Internal exceptions (20 events):
Event: 16.072 Thread 0x00000192fdc02700 Exception <a 'java/io/FileNotFoundException'{0x0000000084817870}> (0x0000000084817870) 
thrown [s\open\src\hotspot\share\prims\jni.cpp, line 516]
Event: 21.220 Thread 0x00000192fdc00ef0 Exception <a 'java/net/SocketException'{0x0000000084d4ef90}: Connection reset by peer: shutdown> (0x0000000084d4ef90) 
thrown [s\open\src\hotspot\share\prims\jni.cpp, line 535]
Event: 21.220 Thread 0x00000192fdc00ef0 Exception <a 'java/io/IOException'{0x0000000084d509c8}> (0x0000000084d509c8) 
thrown [s\open\src\hotspot\share\prims\jni.cpp, line 516]
Event: 21.221 Thread 0x00000192fdc00ef0 Exception <a 'java/io/IOException'{0x0000000084d53250}> (0x0000000084d53250) 
thrown [s\open\src\hotspot\share\prims\jni.cpp, line 516]
Event: 21.221 Thread 0x00000192fdc00ef0 Exception <a 'java/io/IOException'{0x0000000084d53d90}> (0x0000000084d53d90) 
thrown [s\open\src\hotspot\share\prims\jni.cpp, line 516]
Event: 21.221 Thread 0x00000192fdc00ef0 Exception <a 'java/io/IOException'{0x0000000084d56618}> (0x0000000084d56618) 
thrown [s\open\src\hotspot\share\prims\jni.cpp, line 516]
Event: 21.221 Thread 0x00000192fdc00ef0 Exception <a 'java/io/IOException'{0x0000000084d57158}> (0x0000000084d57158) 
thrown [s\open\src\hotspot\share\prims\jni.cpp, line 516]
Event: 21.221 Thread 0x00000192fdc00ef0 Exception <a 'java/io/IOException'{0x0000000084d599e0}> (0x0000000084d599e0) 
thrown [s\open\src\hotspot\share\prims\jni.cpp, line 516]
Event: 21.221 Thread 0x00000192fdc00ef0 Exception <a 'java/io/IOException'{0x0000000084d5a520}> (0x0000000084d5a520) 
thrown [s\open\src\hotspot\share\prims\jni.cpp, line 516]
Event: 21.222 Thread 0x00000192fdc00ef0 Exception <a 'java/io/IOException'{0x0000000084d5cda8}> (0x0000000084d5cda8) 
thrown [s\open\src\hotspot\share\prims\jni.cpp, line 516]
Event: 21.222 Thread 0x00000192fdc00ef0 Exception <a 'java/io/IOException'{0x0000000084d5d8e8}> (0x0000000084d5d8e8) 
thrown [s\open\src\hotspot\share\prims\jni.cpp, line 516]
Event: 21.222 Thread 0x00000192fdc00ef0 Exception <a 'java/io/IOException'{0x0000000084d60170}> (0x0000000084d60170) 
thrown [s\open\src\hotspot\share\prims\jni.cpp, line 516]
Event: 21.222 Thread 0x00000192fdc00ef0 Exception <a 'java/io/IOException'{0x0000000084d60d08}> (0x0000000084d60d08) 
thrown [s\open\src\hotspot\share\prims\jni.cpp, line 516]
Event: 21.222 Thread 0x00000192fdc00ef0 Exception <a 'java/io/IOException'{0x0000000084d63590}> (0x0000000084d63590) 
thrown [s\open\src\hotspot\share\prims\jni.cpp, line 516]
Event: 21.222 Thread 0x00000192fdc00ef0 Exception <a 'java/io/IOException'{0x0000000084d640d0}> (0x0000000084d640d0) 
thrown [s\open\src\hotspot\share\prims\jni.cpp, line 516]
Event: 21.223 Thread 0x00000192fdc00ef0 Exception <a 'java/io/IOException'{0x0000000084d66958}> (0x0000000084d66958) 
thrown [s\open\src\hotspot\share\prims\jni.cpp, line 516]
Event: 21.223 Thread 0x00000192fdc00ef0 Exception <a 'java/io/IOException'{0x0000000084d67498}> (0x0000000084d67498) 
thrown [s\open\src\hotspot\share\prims\jni.cpp, line 516]
Event: 21.223 Thread 0x00000192fdc00ef0 Exception <a 'java/io/IOException'{0x0000000084d69d20}> (0x0000000084d69d20) 
thrown [s\open\src\hotspot\share\prims\jni.cpp, line 516]
Event: 21.223 Thread 0x00000192fdc00ef0 Exception <a 'java/io/IOException'{0x0000000084d6a860}> (0x0000000084d6a860) 
thrown [s\open\src\hotspot\share\prims\jni.cpp, line 516]
Event: 21.227 Thread 0x00000192fdc05720 Exception <a 'java/lang/InterruptedException'{0x0000000084d87108}: sleep interrupted> (0x0000000084d87108) 
thrown [s\open\src\hotspot\share\prims\jvm.cpp, line 3070]

VM Operations (20 events):
Event: 4.793 Executing VM operation: HandshakeAllThreads done
Event: 4.812 Executing VM operation: HandshakeAllThreads
Event: 4.812 Executing VM operation: HandshakeAllThreads done
Event: 4.914 Executing VM operation: HandshakeAllThreads
Event: 4.914 Executing VM operation: HandshakeAllThreads done
Event: 5.094 Executing VM operation: HandshakeAllThreads
Event: 5.094 Executing VM operation: HandshakeAllThreads done
Event: 5.112 Executing VM operation: G1CollectForAllocation
Event: 5.118 Executing VM operation: G1CollectForAllocation done
Event: 6.127 Executing VM operation: Cleanup
Event: 6.127 Executing VM operation: Cleanup done
Event: 15.715 Executing VM operation: G1CollectFull
Event: 15.764 Executing VM operation: G1CollectFull done
Event: 15.991 Executing VM operation: HandshakeAllThreads
Event: 15.991 Executing VM operation: HandshakeAllThreads done
Event: 16.079 Executing VM operation: G1CollectForAllocation
Event: 16.120 Executing VM operation: G1CollectForAllocation done
Event: 17.133 Executing VM operation: Cleanup
Event: 17.133 Executing VM operation: Cleanup done
Event: 21.227 Executing VM operation: G1CollectFull

Events (20 events):
Event: 19.984 Thread 0x00000192fa20e4a0 Thread exited: 0x00000192fa20e4a0
Event: 21.210 Thread 0x00000192fdc00a20 Thread added: 0x00000192fdc00a20
Event: 21.210 Thread 0x00000192fdc05bf0 Thread exited: 0x00000192fdc05bf0
Event: 21.215 Thread 0x00000192fdc078d0 Thread exited: 0x00000192fdc078d0
Event: 21.216 Thread 0x00000192fdc03f10 Thread exited: 0x00000192fdc03f10
Event: 21.216 Thread 0x00000192fdc00080 Thread exited: 0x00000192fdc00080
Event: 21.216 Thread 0x00000192fdc00550 Thread exited: 0x00000192fdc00550
Event: 21.216 Thread 0x00000192fdc043e0 Thread exited: 0x00000192fdc043e0
Event: 21.216 Thread 0x00000192fdc060c0 Thread exited: 0x00000192fdc060c0
Event: 21.216 Thread 0x00000192fdc01d60 Thread exited: 0x00000192fdc01d60
Event: 21.216 Thread 0x00000192fdc03a40 Thread exited: 0x00000192fdc03a40
Event: 21.216 Thread 0x00000192fdc06f30 Thread exited: 0x00000192fdc06f30
Event: 21.216 Thread 0x00000192fdc030a0 Thread exited: 0x00000192fdc030a0
Event: 21.216 Thread 0x00000192fdc06590 Thread exited: 0x00000192fdc06590
Event: 21.216 Thread 0x00000192fdc07400 Thread exited: 0x00000192fdc07400
Event: 21.218 Thread 0x00000192fdc00ef0 Thread added: 0x00000192fdc00ef0
Event: 21.218 Thread 0x00000192fdc02230 Thread exited: 0x00000192fdc02230
Event: 21.218 Thread 0x00000192fdc01890 Thread exited: 0x00000192fdc01890
Event: 21.224 Thread 0x00000192fdc00ef0 Thread exited: 0x00000192fdc00ef0
Event: 21.227 Thread 0x00000192fdc05720 Thread exited: 0x00000192fdc05720


Dynamic libraries:
0x00007ff7e2160000 - 0x00007ff7e2170000 	C:\Program Files\Java\jdk-17.0.5\bin\java.exe
0x00007ff96ffd0000 - 0x00007ff9701c8000 	C:\WINDOWS\SYSTEM32\ntdll.dll
0x00007ff96e830000 - 0x00007ff96e8ef000 	C:\WINDOWS\System32\KERNEL32.DLL
0x00007ff96dbc0000 - 0x00007ff96deb6000 	C:\WINDOWS\System32\KERNELBASE.dll
0x00007ff96dec0000 - 0x00007ff96dfc0000 	C:\WINDOWS\System32\ucrtbase.dll
0x00007ff94b560000 - 0x00007ff94b57a000 	C:\Program Files\Java\jdk-17.0.5\bin\VCRUNTIME140.dll
0x00007ff9576a0000 - 0x00007ff9576b8000 	C:\Program Files\Java\jdk-17.0.5\bin\jli.dll
0x00007ff96f850000 - 0x00007ff96f8ff000 	C:\WINDOWS\System32\ADVAPI32.dll
0x00007ff96eaf0000 - 0x00007ff96eb8e000 	C:\WINDOWS\System32\msvcrt.dll
0x00007ff96f050000 - 0x00007ff96f0ec000 	C:\WINDOWS\System32\sechost.dll
0x00007ff96e8f0000 - 0x00007ff96ea16000 	C:\WINDOWS\System32\RPCRT4.dll
0x00007ff96f3d0000 - 0x00007ff96f56d000 	C:\WINDOWS\System32\USER32.dll
0x00007ff96d760000 - 0x00007ff96d782000 	C:\WINDOWS\System32\win32u.dll
0x00007ff96e800000 - 0x00007ff96e82c000 	C:\WINDOWS\System32\GDI32.dll
0x00007ff96daa0000 - 0x00007ff96dbb5000 	C:\WINDOWS\System32\gdi32full.dll
0x00007ff956ff0000 - 0x00007ff95728a000 	C:\WINDOWS\WinSxS\amd64_microsoft.windows.common-controls_6595b64144ccf1df_6.0.19041.1110_none_60b5254171f9507e\COMCTL32.dll
0x00007ff96d850000 - 0x00007ff96d8ed000 	C:\WINDOWS\System32\msvcp_win.dll
0x00007ff9681c0000 - 0x00007ff9681ca000 	C:\WINDOWS\SYSTEM32\VERSION.dll
0x00007ff96f000000 - 0x00007ff96f030000 	C:\WINDOWS\System32\IMM32.DLL
0x00007ff95bf70000 - 0x00007ff95bf7c000 	C:\Program Files\Java\jdk-17.0.5\bin\vcruntime140_1.dll
0x00007ff938030000 - 0x00007ff9380bd000 	C:\Program Files\Java\jdk-17.0.5\bin\msvcp140.dll
0x00007ff92f300000 - 0x00007ff92fec2000 	C:\Program Files\Java\jdk-17.0.5\bin\server\jvm.dll
0x00007ff96fda0000 - 0x00007ff96fda8000 	C:\WINDOWS\System32\PSAPI.DLL
0x00007ff959820000 - 0x00007ff959847000 	C:\WINDOWS\SYSTEM32\WINMM.dll
0x00007ff958e90000 - 0x00007ff958e99000 	C:\WINDOWS\SYSTEM32\WSOCK32.dll
0x00007ff96ea80000 - 0x00007ff96eaeb000 	C:\WINDOWS\System32\WS2_32.dll
0x00007ff96b580000 - 0x00007ff96b592000 	C:\WINDOWS\SYSTEM32\kernel.appcore.dll
0x00007ff9593f0000 - 0x00007ff9593fa000 	C:\Program Files\Java\jdk-17.0.5\bin\jimage.dll
0x00007ff95a1a0000 - 0x00007ff95a384000 	C:\WINDOWS\SYSTEM32\DBGHELP.DLL
0x00007ff959420000 - 0x00007ff959454000 	C:\WINDOWS\SYSTEM32\dbgcore.DLL
0x00007ff96d790000 - 0x00007ff96d812000 	C:\WINDOWS\System32\bcryptPrimitives.dll
0x00007ff9692f0000 - 0x00007ff9692fe000 	C:\Program Files\Java\jdk-17.0.5\bin\instrument.dll
0x00007ff958840000 - 0x00007ff958865000 	C:\Program Files\Java\jdk-17.0.5\bin\java.dll
0x00007ff9383d0000 - 0x00007ff9384a6000 	C:\Program Files\Java\jdk-17.0.5\bin\jsvml.dll
0x00007ff96e0b0000 - 0x00007ff96e7f4000 	C:\WINDOWS\System32\SHELL32.dll
0x00007ff96b780000 - 0x00007ff96bf13000 	C:\WINDOWS\SYSTEM32\windows.storage.dll
0x00007ff96fa40000 - 0x00007ff96fd94000 	C:\WINDOWS\System32\combase.dll
0x00007ff96d020000 - 0x00007ff96d04e000 	C:\WINDOWS\SYSTEM32\Wldp.dll
0x00007ff96fe80000 - 0x00007ff96ff2d000 	C:\WINDOWS\System32\SHCORE.dll
0x00007ff96ff30000 - 0x00007ff96ff85000 	C:\WINDOWS\System32\shlwapi.dll
0x00007ff96d5f0000 - 0x00007ff96d60f000 	C:\WINDOWS\SYSTEM32\profapi.dll
0x00007ff94b1c0000 - 0x00007ff94b1d8000 	C:\Program Files\Java\jdk-17.0.5\bin\zip.dll
0x00007ff958fa0000 - 0x00007ff958fb9000 	C:\Program Files\Java\jdk-17.0.5\bin\net.dll
0x00007ff967480000 - 0x00007ff96758a000 	C:\WINDOWS\SYSTEM32\WINHTTP.dll
0x00007ff96cd80000 - 0x00007ff96cdea000 	C:\WINDOWS\system32\mswsock.dll
0x00007ff94e170000 - 0x00007ff94e186000 	C:\Program Files\Java\jdk-17.0.5\bin\nio.dll
0x00007ff965420000 - 0x00007ff96543a000 	C:\Program Files\JetBrains\IntelliJ IDEA 2023.2.1\bin\breakgen64.dll
0x00007ff96cab0000 - 0x00007ff96cb7a000 	C:\WINDOWS\SYSTEM32\DNSAPI.dll
0x00007ff96ca70000 - 0x00007ff96caac000 	C:\WINDOWS\SYSTEM32\IPHLPAPI.DLL
0x00007ff96fe70000 - 0x00007ff96fe78000 	C:\WINDOWS\System32\NSI.dll
0x00007ff966a60000 - 0x00007ff966a6a000 	C:\Windows\System32\rasadhlp.dll
0x00007ff964d60000 - 0x00007ff964de2000 	C:\WINDOWS\System32\fwpuclnt.dll
0x00007ff96d820000 - 0x00007ff96d847000 	C:\WINDOWS\System32\bcrypt.dll
0x00007ff965410000 - 0x00007ff965419000 	C:\Program Files\Java\jdk-17.0.5\bin\management.dll
0x00007ff965400000 - 0x00007ff96540b000 	C:\Program Files\Java\jdk-17.0.5\bin\management_ext.dll
0x00007ff96cf70000 - 0x00007ff96cf88000 	C:\WINDOWS\SYSTEM32\CRYPTSP.dll
0x00007ff96c6a0000 - 0x00007ff96c6d4000 	C:\WINDOWS\system32\rsaenh.dll
0x00007ff96d5b0000 - 0x00007ff96d5de000 	C:\WINDOWS\SYSTEM32\USERENV.dll
0x00007ff96cf90000 - 0x00007ff96cf9c000 	C:\WINDOWS\SYSTEM32\CRYPTBASE.dll
0x00007ff9678e0000 - 0x00007ff9678f7000 	C:\WINDOWS\SYSTEM32\dhcpcsvc6.DLL
0x00007ff967b10000 - 0x00007ff967b2d000 	C:\WINDOWS\SYSTEM32\dhcpcsvc.DLL
0x00007ff94cb30000 - 0x00007ff94cb47000 	C:\WINDOWS\system32\napinsp.dll
0x00007ff94cb10000 - 0x00007ff94cb2b000 	C:\WINDOWS\system32\pnrpnsp.dll
0x00007ff94d7d0000 - 0x00007ff94d7e5000 	C:\WINDOWS\system32\wshbth.dll
0x00007ff969060000 - 0x00007ff96907d000 	C:\WINDOWS\system32\NLAapi.dll
0x00007ff94d610000 - 0x00007ff94d622000 	C:\WINDOWS\System32\winrnr.dll
0x00007ff95b260000 - 0x00007ff95b26e000 	C:\Program Files\Java\jdk-17.0.5\bin\sunmscapi.dll
0x00007ff96d8f0000 - 0x00007ff96da4e000 	C:\WINDOWS\System32\CRYPT32.dll
0x00007ff96d090000 - 0x00007ff96d0b8000 	C:\WINDOWS\SYSTEM32\ncrypt.dll
0x00007ff96d050000 - 0x00007ff96d08b000 	C:\WINDOWS\SYSTEM32\NTASN1.dll
0x00007ff9562f0000 - 0x00007ff956300000 	C:\Program Files\Java\jdk-17.0.5\bin\verify.dll
0x00007ff95bf80000 - 0x00007ff95bf87000 	C:\WINDOWS\system32\wshunix.dll

dbghelp: loaded successfully - version: 4.0.5 - missing functions: none
symbol engine: initialized successfully - sym options: 0x614 - pdb path: .;C:\Program Files\Java\jdk-17.0.5\bin;C:\WINDOWS\SYSTEM32;C:\WINDOWS\WinSxS\amd64_microsoft.windows.common-controls_6595b64144ccf1df_6.0.19041.1110_none_60b5254171f9507e;C:\Program Files\Java\jdk-17.0.5\bin\server;C:\Program Files\JetBrains\IntelliJ IDEA 2023.2.1\bin

VM Arguments:
jvm_args: -XX:TieredStopAtLevel=1 -Dspring.output.ansi.enabled=always -Dcom.sun.management.jmxremote -Dspring.jmx.enabled=true -Dspring.liveBeansView.mbeanDomain -Dspring.application.admin.enabled=true -Dmanagement.endpoints.jmx.exposure.include=* -javaagent:C:\Program Files\JetBrains\IntelliJ IDEA 2023.2.1\lib\idea_rt.jar=50997:C:\Program Files\JetBrains\IntelliJ IDEA 2023.2.1\bin -Dfile.encoding=UTF-8 
java_command: com.shohab.CreateApi.CreateApiApplication
java_class_path (initial): E:\SpringBoot\CreateApi\target\classes;C:\Users\user\.m2\repository\org\springframework\boot\spring-boot-starter-data-jpa\3.2.2\spring-boot-starter-data-jpa-3.2.2.jar;C:\Users\user\.m2\repository\org\springframework\boot\spring-boot-starter-aop\3.2.2\spring-boot-starter-aop-3.2.2.jar;C:\Users\user\.m2\repository\org\springframework\spring-aop\6.1.3\spring-aop-6.1.3.jar;C:\Users\user\.m2\repository\org\aspectj\aspectjweaver\1.9.21\aspectjweaver-1.9.21.jar;C:\Users\user\.m2\repository\org\springframework\boot\spring-boot-starter-jdbc\3.2.2\spring-boot-starter-jdbc-3.2.2.jar;C:\Users\user\.m2\repository\com\zaxxer\HikariCP\5.0.1\HikariCP-5.0.1.jar;C:\Users\user\.m2\repository\org\springframework\spring-jdbc\6.1.3\spring-jdbc-6.1.3.jar;C:\Users\user\.m2\repository\org\hibernate\orm\hibernate-core\6.4.1.Final\hibernate-core-6.4.1.Final.jar;C:\Users\user\.m2\repository\jakarta\persistence\jakarta.persistence-api\3.1.0\jakarta.persistence-api-3.1.0.jar;C:\Users\user\.m2\repository\jakarta\transaction\jakarta.transaction-api\2.0.1\jakarta.transaction-api-2.0.1.jar;C:\Users\user\.m2\repository\org\jboss\logging\jboss-logging\3.5.3.Final\jboss-logging-3.5.3.Final.jar;C:\Users\user\.m2\repository\org\hibernate\common\hibernate-commons-annotations\6.0.6.Final\hibernate-commons-annotations-6.0.6.Final.jar;C:\Users\user\.m2\repository\io\smallrye\jandex\3.1.2\jandex-3.1.2.jar;C:\Users\user\.m2\repository\com\fasterxml\classmate\1.6.0\classmate-1.6.0.jar;C:\Users\user\.m2\repository\net\bytebuddy\byte-buddy\1.14.11\byte-buddy-1.14.11.jar;C:\Users\user\.m2\repository\org\glassfish\jaxb\jaxb-runtime\4.0.4\jaxb-runtime-4.0.4.jar;C:\Users\user\.m2\repository\org\glassfish\jaxb\jaxb-core\4.0.4\jaxb-core-4.0.4.jar;C:\Users\user\.m2\repository\org\eclipse\angus\angus-activation\2.0.1\angus-activation-2.0.1.jar;C:\Users\user\.m2\repository\org\glassfish\jaxb\txw2\4.0.4\txw2-4.0.4.jar;C:\Users\user\.m2\repository\com\sun\istack\istack-commons-runtime\4.1.2\ista
Launcher Type: SUN_STANDARD

[Global flags]
     intx CICompilerCount                          = 3                                         {product} {ergonomic}
     uint ConcGCThreads                            = 2                                         {product} {ergonomic}
     uint G1ConcRefinementThreads                  = 6                                         {product} {ergonomic}
   size_t G1HeapRegionSize                         = 1048576                                   {product} {ergonomic}
    uintx GCDrainStackTargetSize                   = 64                                        {product} {ergonomic}
   size_t InitialHeapSize                          = 134217728                                 {product} {ergonomic}
     bool ManagementServer                         = true                                      {product} {command line}
   size_t MarkStackSize                            = 4194304                                   {product} {ergonomic}
   size_t MaxHeapSize                              = 2116026368                                {product} {ergonomic}
   size_t MaxNewSize                               = 1268776960                                {product} {ergonomic}
   size_t MinHeapDeltaBytes                        = 1048576                                   {product} {ergonomic}
   size_t MinHeapSize                              = 8388608                                   {product} {ergonomic}
    uintx NonProfiledCodeHeapSize                  = 0                                      {pd product} {ergonomic}
     bool ProfileInterpreter                       = false                                  {pd product} {command line}
    uintx ProfiledCodeHeapSize                     = 0                                      {pd product} {ergonomic}
   size_t SoftMaxHeapSize                          = 2116026368                             {manageable} {ergonomic}
     intx TieredStopAtLevel                        = 1                                         {product} {command line}
     bool UseCompressedClassPointers               = true                           {product lp64_product} {ergonomic}
     bool UseCompressedOops                        = true                           {product lp64_product} {ergonomic}
     bool UseG1GC                                  = true                                      {product} {ergonomic}
     bool UseLargePagesIndividualAllocation        = false                                  {pd product} {ergonomic}

Logging:
Log output configuration:
 #0: stdout all=warning uptime,level,tags
 #1: stderr all=off uptime,level,tags

Environment Variables:
PATH=C:\Program Files\Common Files\Oracle\Java\javapath;C:\Program Files (x86)\Common Files\Oracle\Java\javapath;C:\App\db_home\bin;C:\WINDOWS\system32;C:\WINDOWS;C:\WINDOWS\System32\Wbem;C:\WINDOWS\System32\WindowsPowerShell\v1.0\;C:\WINDOWS\System32\OpenSSH\;C:\Program Files\Git\cmd;C:\Program Files\nodejs\;C:\Program Files\dotnet\;C:\Program Files\MySQL\MySQL Shell 8.0\bin\;C:\Users\user\AppData\Local\Microsoft\WindowsApps;C:\Users\user\AppData\Local\Programs\Microsoft VS Code\bin;C:\Users\user\AppData\Local\GitHubDesktop\bin;C:\Users\user\AppData\Roaming\npm;C:\Program Files\JetBrains\IntelliJ IDEA 2023.2.1\bin;
USERNAME=user
OS=Windows_NT
PROCESSOR_IDENTIFIER=Intel64 Family 6 Model 158 Stepping 10, GenuineIntel



---------------  S Y S T E M  ---------------

OS:
 Windows 10 , 64 bit Build 19041 (10.0.19041.3031)
OS uptime: 0 days 1:05 hours

CPU: total 6 (initial active 6) (6 cores per cpu, 1 threads per core) family 6 model 158 stepping 10 microcode 0xb4, cx8, cmov, fxsr, mmx, 3dnowpref, sse, sse2, sse3, ssse3, sse4.1, sse4.2, popcnt, lzcnt, tsc, tscinvbit, avx, avx2, aes, erms, clmul, bmi1, bmi2, adx, fma, vzeroupper, clflush, clflushopt

Memory: 4k page, system-wide physical 8064M (729M free)
TotalPageFile size 10112M (AvailPageFile size 4M)
current process WorkingSet (physical memory assigned to process): 215M, peak: 217M
current process commit charge ("private bytes"): 255M, peak: 262M

vm_info: Java HotSpot(TM) 64-Bit Server VM (17.0.5+9-LTS-191) for windows-amd64 JRE (17.0.5+9-LTS-191), built on Sep 13 2022 17:31:43 by "mach5one" with MS VC++ 16.8 / 16.9 (VS2019)

END.
