#
# There is insufficient memory for the Java Runtime Environment to continue.
# Native memory allocation (mmap) failed to map 65536 bytes for Failed to commit metaspace.
# Possible reasons:
#   The system is out of physical RAM or swap space
#   The process is running with CompressedOops enabled, and the Java Heap may be blocking the growth of the native heap
# Possible solutions:
#   Reduce memory load on the system
#   Increase physical memory or swap space
#   Check if swap backing store is full
#   Decrease Java heap size (-Xmx/-Xms)
#   Decrease number of Java threads
#   Decrease Java thread stack sizes (-Xss)
#   Set larger code cache with -XX:ReservedCodeCacheSize=
#   JVM is running with Unscaled Compressed Oops mode in which the Java heap is
#     placed in the first 4GB address space. The Java Heap base address is the
#     maximum limit for the native heap growth. Please use -XX:HeapBaseMinAddress
#     to set the Java Heap base and to place the Java Heap above 4GB virtual address.
# This output file may be truncated or incomplete.
#
#  Out of Memory Error (virtualSpaceNode.cpp:110), pid=7032, tid=8992
#
# JRE version: Java(TM) SE Runtime Environment (17.0.5+9) (build 17.0.5+9-LTS-191)
# Java VM: Java HotSpot(TM) 64-Bit Server VM (17.0.5+9-LTS-191, mixed mode, emulated-client, sharing, tiered, compressed oops, compressed class ptrs, g1 gc, windows-amd64)
# No core dump will be written. Minidumps are not enabled by default on client versions of Windows
#

---------------  S U M M A R Y ------------

Command Line: -XX:TieredStopAtLevel=1 -Dspring.output.ansi.enabled=always -Dcom.sun.management.jmxremote -Dspring.jmx.enabled=true -Dspring.liveBeansView.mbeanDomain -Dspring.application.admin.enabled=true -Dmanagement.endpoints.jmx.exposure.include=* -javaagent:C:\Program Files\JetBrains\IntelliJ IDEA 2023.2.1\lib\idea_rt.jar=51534:C:\Program Files\JetBrains\IntelliJ IDEA 2023.2.1\bin -Dfile.encoding=UTF-8 com.shohab.CreateApi.CreateApiApplication

Host: Intel(R) Core(TM) i5-9400 CPU @ 2.90GHz, 6 cores, 7G,  Windows 10 , 64 bit Build 19041 (10.0.19041.3031)
Time: Sat Feb 10 12:06:32 2024 Bangladesh Standard Time elapsed time: 5.332841 seconds (0d 0h 0m 5s)

---------------  T H R E A D  ---------------

Current thread (0x000001f4e0681980):  JavaThread "restartedMain" [_thread_in_vm, id=8992, stack(0x000000c8a5a00000,0x000000c8a5b00000)]

Stack: [0x000000c8a5a00000,0x000000c8a5b00000]
Native frames: (J=compiled Java code, j=interpreted, Vv=VM code, C=native code)
V  [jvm.dll+0x672eea]
V  [jvm.dll+0x7d2a04]
V  [jvm.dll+0x7d41ae]
V  [jvm.dll+0x7d4813]
V  [jvm.dll+0x242c15]
V  [jvm.dll+0x7ce9ab]
V  [jvm.dll+0x618bb6]
V  [jvm.dll+0x1be37e]
V  [jvm.dll+0x61b4f1]
V  [jvm.dll+0x619556]
V  [jvm.dll+0x23730f]
V  [jvm.dll+0x623275]
V  [jvm.dll+0x24afe6]
V  [jvm.dll+0x24c505]
V  [jvm.dll+0x1e05d5]
V  [jvm.dll+0x1dfb5d]
V  [jvm.dll+0x539409]
V  [jvm.dll+0x74d4f8]
V  [jvm.dll+0x74d5e4]
V  [jvm.dll+0x408fe5]
V  [jvm.dll+0x40f038]
C  [java.dll+0x17ec]

Java frames: (J=compiled Java code, j=interpreted, Vv=VM code)
J 1105  java.lang.ClassLoader.defineClass1(Ljava/lang/ClassLoader;Ljava/lang/String;[BIILjava/security/ProtectionDomain;Ljava/lang/String;)Ljava/lang/Class; java.base@17.0.5 (0 bytes) @ 0x000001f4d50ac4e3 [0x000001f4d50ac420+0x00000000000000c3]
J 1128 c1 java.lang.ClassLoader.defineClass(Ljava/lang/String;[BIILjava/security/ProtectionDomain;)Ljava/lang/Class; java.base@17.0.5 (43 bytes) @ 0x000001f4d50b62dc [0x000001f4d50b61e0+0x00000000000000fc]
J 1112 c1 jdk.internal.loader.BuiltinClassLoader.defineClass(Ljava/lang/String;Ljdk/internal/loader/Resource;)Ljava/lang/Class; java.base@17.0.5 (121 bytes) @ 0x000001f4d50b03e4 [0x000001f4d50aff20+0x00000000000004c4]
J 1107 c1 jdk.internal.loader.BuiltinClassLoader.findClassOnClassPathOrNull(Ljava/lang/String;)Ljava/lang/Class; java.base@17.0.5 (64 bytes) @ 0x000001f4d50ad434 [0x000001f4d50ad180+0x00000000000002b4]
J 882 c1 jdk.internal.loader.BuiltinClassLoader.loadClassOrNull(Ljava/lang/String;Z)Ljava/lang/Class; java.base@17.0.5 (143 bytes) @ 0x000001f4d50471dc [0x000001f4d5046d80+0x000000000000045c]
J 1002 c1 jdk.internal.loader.ClassLoaders$AppClassLoader.loadClass(Ljava/lang/String;Z)Ljava/lang/Class; java.base@17.0.5 (40 bytes) @ 0x000001f4d5080f24 [0x000001f4d5080de0+0x0000000000000144]
J 1001 c1 java.lang.ClassLoader.loadClass(Ljava/lang/String;)Ljava/lang/Class; java.base@17.0.5 (7 bytes) @ 0x000001f4d5080364 [0x000001f4d5080320+0x0000000000000044]
v  ~StubRoutines::call_stub
J 1105  java.lang.ClassLoader.defineClass1(Ljava/lang/ClassLoader;Ljava/lang/String;[BIILjava/security/ProtectionDomain;Ljava/lang/String;)Ljava/lang/Class; java.base@17.0.5 (0 bytes) @ 0x000001f4d50ac4e3 [0x000001f4d50ac420+0x00000000000000c3]
J 1128 c1 java.lang.ClassLoader.defineClass(Ljava/lang/String;[BIILjava/security/ProtectionDomain;)Ljava/lang/Class; java.base@17.0.5 (43 bytes) @ 0x000001f4d50b62dc [0x000001f4d50b61e0+0x00000000000000fc]
J 1112 c1 jdk.internal.loader.BuiltinClassLoader.defineClass(Ljava/lang/String;Ljdk/internal/loader/Resource;)Ljava/lang/Class; java.base@17.0.5 (121 bytes) @ 0x000001f4d50b03e4 [0x000001f4d50aff20+0x00000000000004c4]
J 1107 c1 jdk.internal.loader.BuiltinClassLoader.findClassOnClassPathOrNull(Ljava/lang/String;)Ljava/lang/Class; java.base@17.0.5 (64 bytes) @ 0x000001f4d50ad434 [0x000001f4d50ad180+0x00000000000002b4]
J 882 c1 jdk.internal.loader.BuiltinClassLoader.loadClassOrNull(Ljava/lang/String;Z)Ljava/lang/Class; java.base@17.0.5 (143 bytes) @ 0x000001f4d50471dc [0x000001f4d5046d80+0x000000000000045c]
J 1002 c1 jdk.internal.loader.ClassLoaders$AppClassLoader.loadClass(Ljava/lang/String;Z)Ljava/lang/Class; java.base@17.0.5 (40 bytes) @ 0x000001f4d5080f24 [0x000001f4d5080de0+0x0000000000000144]
J 1001 c1 java.lang.ClassLoader.loadClass(Ljava/lang/String;)Ljava/lang/Class; java.base@17.0.5 (7 bytes) @ 0x000001f4d5080364 [0x000001f4d5080320+0x0000000000000044]
v  ~StubRoutines::call_stub
J 1105  java.lang.ClassLoader.defineClass1(Ljava/lang/ClassLoader;Ljava/lang/String;[BIILjava/security/ProtectionDomain;Ljava/lang/String;)Ljava/lang/Class; java.base@17.0.5 (0 bytes) @ 0x000001f4d50ac4e3 [0x000001f4d50ac420+0x00000000000000c3]
J 1128 c1 java.lang.ClassLoader.defineClass(Ljava/lang/String;[BIILjava/security/ProtectionDomain;)Ljava/lang/Class; java.base@17.0.5 (43 bytes) @ 0x000001f4d50b62dc [0x000001f4d50b61e0+0x00000000000000fc]
J 1112 c1 jdk.internal.loader.BuiltinClassLoader.defineClass(Ljava/lang/String;Ljdk/internal/loader/Resource;)Ljava/lang/Class; java.base@17.0.5 (121 bytes) @ 0x000001f4d50b03e4 [0x000001f4d50aff20+0x00000000000004c4]
J 1107 c1 jdk.internal.loader.BuiltinClassLoader.findClassOnClassPathOrNull(Ljava/lang/String;)Ljava/lang/Class; java.base@17.0.5 (64 bytes) @ 0x000001f4d50ad434 [0x000001f4d50ad180+0x00000000000002b4]
J 882 c1 jdk.internal.loader.BuiltinClassLoader.loadClassOrNull(Ljava/lang/String;Z)Ljava/lang/Class; java.base@17.0.5 (143 bytes) @ 0x000001f4d50471dc [0x000001f4d5046d80+0x000000000000045c]
J 1002 c1 jdk.internal.loader.ClassLoaders$AppClassLoader.loadClass(Ljava/lang/String;Z)Ljava/lang/Class; java.base@17.0.5 (40 bytes) @ 0x000001f4d5080f24 [0x000001f4d5080de0+0x0000000000000144]
J 1001 c1 java.lang.ClassLoader.loadClass(Ljava/lang/String;)Ljava/lang/Class; java.base@17.0.5 (7 bytes) @ 0x000001f4d5080364 [0x000001f4d5080320+0x0000000000000044]
v  ~StubRoutines::call_stub
J 1105  java.lang.ClassLoader.defineClass1(Ljava/lang/ClassLoader;Ljava/lang/String;[BIILjava/security/ProtectionDomain;Ljava/lang/String;)Ljava/lang/Class; java.base@17.0.5 (0 bytes) @ 0x000001f4d50ac4e3 [0x000001f4d50ac420+0x00000000000000c3]
J 1128 c1 java.lang.ClassLoader.defineClass(Ljava/lang/String;[BIILjava/security/ProtectionDomain;)Ljava/lang/Class; java.base@17.0.5 (43 bytes) @ 0x000001f4d50b62dc [0x000001f4d50b61e0+0x00000000000000fc]
J 1112 c1 jdk.internal.loader.BuiltinClassLoader.defineClass(Ljava/lang/String;Ljdk/internal/loader/Resource;)Ljava/lang/Class; java.base@17.0.5 (121 bytes) @ 0x000001f4d50b03e4 [0x000001f4d50aff20+0x00000000000004c4]
J 1107 c1 jdk.internal.loader.BuiltinClassLoader.findClassOnClassPathOrNull(Ljava/lang/String;)Ljava/lang/Class; java.base@17.0.5 (64 bytes) @ 0x000001f4d50ad434 [0x000001f4d50ad180+0x00000000000002b4]
J 882 c1 jdk.internal.loader.BuiltinClassLoader.loadClassOrNull(Ljava/lang/String;Z)Ljava/lang/Class; java.base@17.0.5 (143 bytes) @ 0x000001f4d50471dc [0x000001f4d5046d80+0x000000000000045c]
J 1002 c1 jdk.internal.loader.ClassLoaders$AppClassLoader.loadClass(Ljava/lang/String;Z)Ljava/lang/Class; java.base@17.0.5 (40 bytes) @ 0x000001f4d5080f24 [0x000001f4d5080de0+0x0000000000000144]
J 1001 c1 java.lang.ClassLoader.loadClass(Ljava/lang/String;)Ljava/lang/Class; java.base@17.0.5 (7 bytes) @ 0x000001f4d5080364 [0x000001f4d5080320+0x0000000000000044]
v  ~StubRoutines::call_stub
j  org.hibernate.query.internal.QueryEngineImpl.<init>(Lorg/hibernate/engine/spi/SessionFactoryImplementor;Lorg/hibernate/type/spi/TypeConfiguration;Lorg/hibernate/query/hql/HqlTranslator;Lorg/hibernate/query/sqm/sql/SqmTranslatorFactory;Lorg/hibernate/query/sqm/function/SqmFunctionRegistry;Lorg/hibernate/query/named/NamedObjectRepository;Lorg/hibernate/query/spi/QueryInterpretationCache;Lorg/hibernate/engine/query/spi/NativeQueryInterpreter;)V+53
j  org.hibernate.query.internal.QueryEngineImpl.from(Lorg/hibernate/engine/spi/SessionFactoryImplementor;Lorg/hibernate/boot/spi/MetadataImplementor;)Lorg/hibernate/query/spi/QueryEngine;+99
j  org.hibernate.internal.SessionFactoryImpl.<init>(Lorg/hibernate/boot/spi/MetadataImplementor;Lorg/hibernate/boot/spi/SessionFactoryOptions;Lorg/hibernate/boot/spi/BootstrapContext;)V+450
j  org.hibernate.boot.internal.SessionFactoryBuilderImpl.build()Lorg/hibernate/SessionFactory;+16
j  org.hibernate.jpa.boot.internal.EntityManagerFactoryBuilderImpl.build()Ljakarta/persistence/EntityManagerFactory;+22
j  org.springframework.orm.jpa.vendor.SpringHibernateJpaPersistenceProvider.createContainerEntityManagerFactory(Ljakarta/persistence/spi/PersistenceUnitInfo;Ljava/util/Map;)Ljakarta/persistence/EntityManagerFactory;+59
j  org.springframework.orm.jpa.LocalContainerEntityManagerFactoryBean.createNativeEntityManagerFactory()Ljakarta/persistence/EntityManagerFactory;+111
j  org.springframework.orm.jpa.AbstractEntityManagerFactoryBean.buildNativeEntityManagerFactory()Ljakarta/persistence/EntityManagerFactory;+1
j  org.springframework.orm.jpa.AbstractEntityManagerFactoryBean.afterPropertiesSet()V+192
j  org.springframework.orm.jpa.LocalContainerEntityManagerFactoryBean.afterPropertiesSet()V+84
j  org.springframework.beans.factory.support.AbstractAutowireCapableBeanFactory.invokeInitMethods(Ljava/lang/String;Ljava/lang/Object;Lorg/springframework/beans/factory/support/RootBeanDefinition;)V+56
j  org.springframework.beans.factory.support.AbstractAutowireCapableBeanFactory.initializeBean(Ljava/lang/String;Ljava/lang/Object;Lorg/springframework/beans/factory/support/RootBeanDefinition;)Ljava/lang/Object;+34
j  org.springframework.beans.factory.support.AbstractAutowireCapableBeanFactory.doCreateBean(Ljava/lang/String;Lorg/springframework/beans/factory/support/RootBeanDefinition;[Ljava/lang/Object;)Ljava/lang/Object;+228
j  org.springframework.beans.factory.support.AbstractAutowireCapableBeanFactory.createBean(Ljava/lang/String;Lorg/springframework/beans/factory/support/RootBeanDefinition;[Ljava/lang/Object;)Ljava/lang/Object;+153
j  org.springframework.beans.factory.support.AbstractBeanFactory.lambda$doGetBean$0(Ljava/lang/String;Lorg/springframework/beans/factory/support/RootBeanDefinition;[Ljava/lang/Object;)Ljava/lang/Object;+4
j  org.springframework.beans.factory.support.AbstractBeanFactory$$Lambda$351+0x0000000800df2068.getObject()Ljava/lang/Object;+16
j  org.springframework.beans.factory.support.DefaultSingletonBeanRegistry.getSingleton(Ljava/lang/String;Lorg/springframework/beans/factory/ObjectFactory;)Ljava/lang/Object;+114
J 2638 c1 org.springframework.beans.factory.support.AbstractBeanFactory.doGetBean(Ljava/lang/String;Ljava/lang/Class;[Ljava/lang/Object;Z)Ljava/lang/Object; (740 bytes) @ 0x000001f4d5320fc4 [0x000001f4d5320a00+0x00000000000005c4]
j  org.springframework.beans.factory.support.AbstractBeanFactory.getBean(Ljava/lang/String;)Ljava/lang/Object;+5
j  org.springframework.context.support.AbstractApplicationContext.getBean(Ljava/lang/String;)Ljava/lang/Object;+9
j  org.springframework.context.support.AbstractApplicationContext.finishBeanFactoryInitialization(Lorg/springframework/beans/factory/config/ConfigurableListableBeanFactory;)V+106
j  org.springframework.context.support.AbstractApplicationContext.refresh()V+94
j  org.springframework.boot.web.servlet.context.ServletWebServerApplicationContext.refresh()V+1
j  org.springframework.boot.SpringApplication.refresh(Lorg/springframework/context/ConfigurableApplicationContext;)V+1
j  org.springframework.boot.SpringApplication.refreshContext(Lorg/springframework/context/ConfigurableApplicationContext;)V+16
j  org.springframework.boot.SpringApplication.run([Ljava/lang/String;)Lorg/springframework/context/ConfigurableApplicationContext;+110
j  org.springframework.boot.SpringApplication.run([Ljava/lang/Class;[Ljava/lang/String;)Lorg/springframework/context/ConfigurableApplicationContext;+9
j  org.springframework.boot.SpringApplication.run(Ljava/lang/Class;[Ljava/lang/String;)Lorg/springframework/context/ConfigurableApplicationContext;+9
j  com.shohab.CreateApi.CreateApiApplication.main([Ljava/lang/String;)V+3
v  ~StubRoutines::call_stub
j  jdk.internal.reflect.NativeMethodAccessorImpl.invoke0(Ljava/lang/reflect/Method;Ljava/lang/Object;[Ljava/lang/Object;)Ljava/lang/Object;+0 java.base@17.0.5
j  jdk.internal.reflect.NativeMethodAccessorImpl.invoke(Ljava/lang/Object;[Ljava/lang/Object;)Ljava/lang/Object;+133 java.base@17.0.5
j  jdk.internal.reflect.DelegatingMethodAccessorImpl.invoke(Ljava/lang/Object;[Ljava/lang/Object;)Ljava/lang/Object;+6 java.base@17.0.5
j  java.lang.reflect.Method.invoke(Ljava/lang/Object;[Ljava/lang/Object;)Ljava/lang/Object;+59 java.base@17.0.5
j  org.springframework.boot.devtools.restart.RestartLauncher.run()V+47
v  ~StubRoutines::call_stub

---------------  P R O C E S S  ---------------

Threads class SMR info:
_java_thread_list=0x000001f4e2a8a300, length=25, elements={
0x000001f4cbc6a290, 0x000001f4df7331e0, 0x000001f4df734050, 0x000001f4df746690,
0x000001f4df747500, 0x000001f4df74aed0, 0x000001f4df74b880, 0x000001f4df74c2e0,
0x000001f4df74ccd0, 0x000001f4df71d770, 0x000001f4df7cd930, 0x000001f4df7ce860,
0x000001f4e0511950, 0x000001f4e04fe380, 0x000001f4e0639c80, 0x000001f4e06814b0,
0x000001f4e0681980, 0x000001f4e0b70640, 0x000001f4e1ead060, 0x000001f4e256b980,
0x000001f4e25470e0, 0x000001f4e25475b0, 0x000001f4e1f44870, 0x000001f4e1f43060,
0x000001f4e1f43530
}

Java Threads: ( => current thread )
  0x000001f4cbc6a290 JavaThread "main" [_thread_blocked, id=6544, stack(0x000000c8a3d00000,0x000000c8a3e00000)]
  0x000001f4df7331e0 JavaThread "Reference Handler" daemon [_thread_blocked, id=8884, stack(0x000000c8a4400000,0x000000c8a4500000)]
  0x000001f4df734050 JavaThread "Finalizer" daemon [_thread_blocked, id=2064, stack(0x000000c8a4500000,0x000000c8a4600000)]
  0x000001f4df746690 JavaThread "Signal Dispatcher" daemon [_thread_blocked, id=6252, stack(0x000000c8a4600000,0x000000c8a4700000)]
  0x000001f4df747500 JavaThread "Attach Listener" daemon [_thread_blocked, id=6952, stack(0x000000c8a4700000,0x000000c8a4800000)]
  0x000001f4df74aed0 JavaThread "Service Thread" daemon [_thread_blocked, id=2648, stack(0x000000c8a4800000,0x000000c8a4900000)]
  0x000001f4df74b880 JavaThread "Monitor Deflation Thread" daemon [_thread_blocked, id=9876, stack(0x000000c8a4900000,0x000000c8a4a00000)]
  0x000001f4df74c2e0 JavaThread "C1 CompilerThread0" daemon [_thread_blocked, id=10808, stack(0x000000c8a4a00000,0x000000c8a4b00000)]
  0x000001f4df74ccd0 JavaThread "Sweeper thread" daemon [_thread_blocked, id=10292, stack(0x000000c8a4b00000,0x000000c8a4c00000)]
  0x000001f4df71d770 JavaThread "Common-Cleaner" daemon [_thread_blocked, id=10908, stack(0x000000c8a4c00000,0x000000c8a4d00000)]
  0x000001f4df7cd930 JavaThread "C1 CompilerThread1" daemon [_thread_blocked, id=9524, stack(0x000000c8a4d00000,0x000000c8a4e00000)]
  0x000001f4df7ce860 JavaThread "C1 CompilerThread2" daemon [_thread_blocked, id=7924, stack(0x000000c8a4e00000,0x000000c8a4f00000)]
  0x000001f4e0511950 JavaThread "Monitor Ctrl-Break" daemon [_thread_in_native, id=2396, stack(0x000000c8a4f00000,0x000000c8a5000000)]
  0x000001f4e04fe380 JavaThread "Notification Thread" daemon [_thread_blocked, id=5588, stack(0x000000c8a5000000,0x000000c8a5100000)]
  0x000001f4e0639c80 JavaThread "RMI TCP Accept-0" daemon [_thread_in_native, id=4160, stack(0x000000c8a5100000,0x000000c8a5200000)]
  0x000001f4e06814b0 JavaThread "Thread-0" [_thread_blocked, id=12088, stack(0x000000c8a5900000,0x000000c8a5a00000)]
=>0x000001f4e0681980 JavaThread "restartedMain" [_thread_in_vm, id=8992, stack(0x000000c8a5a00000,0x000000c8a5b00000)]
  0x000001f4e0b70640 JavaThread "RMI TCP Connection(1)-192.168.88.247" daemon [_thread_in_native, id=12120, stack(0x000000c8a5b00000,0x000000c8a5c00000)]
  0x000001f4e1ead060 JavaThread "RMI Scheduler(0)" daemon [_thread_blocked, id=2740, stack(0x000000c8a5c00000,0x000000c8a5d00000)]
  0x000001f4e256b980 JavaThread "Catalina-utility-1" [_thread_blocked, id=2500, stack(0x000000c8a5e00000,0x000000c8a5f00000)]
  0x000001f4e25470e0 JavaThread "Catalina-utility-2" [_thread_blocked, id=11892, stack(0x000000c8a5f00000,0x000000c8a6000000)]
  0x000001f4e25475b0 JavaThread "container-0" [_thread_blocked, id=6980, stack(0x000000c8a6000000,0x000000c8a6100000)]
  0x000001f4e1f44870 JavaThread "mysql-cj-abandoned-connection-cleanup" daemon [_thread_blocked, id=7196, stack(0x000000c8a6100000,0x000000c8a6200000)]
  0x000001f4e1f43060 JavaThread "HikariPool-1 housekeeper" daemon [_thread_blocked, id=2548, stack(0x000000c8a6300000,0x000000c8a6400000)]
  0x000001f4e1f43530 JavaThread "HikariPool-1 connection adder" daemon [_thread_blocked, id=6852, stack(0x000000c8a6400000,0x000000c8a6500000)]

Other Threads:
  0x000001f4df72bd70 VMThread "VM Thread" [stack: 0x000000c8a4300000,0x000000c8a4400000] [id=6888]
  0x000001f4e0665d20 WatcherThread [stack: 0x000000c8a5200000,0x000000c8a5300000] [id=1852]
  0x000001f4cbcc4100 GCTaskThread "GC Thread#0" [stack: 0x000000c8a3e00000,0x000000c8a3f00000] [id=9908]
  0x000001f4e099cc60 GCTaskThread "GC Thread#1" [stack: 0x000000c8a5300000,0x000000c8a5400000] [id=10828]
  0x000001f4e09b79b0 GCTaskThread "GC Thread#2" [stack: 0x000000c8a5400000,0x000000c8a5500000] [id=1964]
  0x000001f4e09df860 GCTaskThread "GC Thread#3" [stack: 0x000000c8a5500000,0x000000c8a5600000] [id=9404]
  0x000001f4e0a2c8d0 GCTaskThread "GC Thread#4" [stack: 0x000000c8a5600000,0x000000c8a5700000] [id=7156]
  0x000001f4e0a2cb80 GCTaskThread "GC Thread#5" [stack: 0x000000c8a5700000,0x000000c8a5800000] [id=2568]
  0x000001f4cbcd4c80 ConcurrentGCThread "G1 Main Marker" [stack: 0x000000c8a3f00000,0x000000c8a4000000] [id=5232]
  0x000001f4cbcd5690 ConcurrentGCThread "G1 Conc#0" [stack: 0x000000c8a4000000,0x000000c8a4100000] [id=1568]
  0x000001f4e1fc8120 ConcurrentGCThread "G1 Conc#1" [stack: 0x000000c8a5d00000,0x000000c8a5e00000] [id=11836]
  0x000001f4cbd34860 ConcurrentGCThread "G1 Refine#0" [stack: 0x000000c8a4100000,0x000000c8a4200000] [id=7776]
  0x000001f4e09b7c60 ConcurrentGCThread "G1 Refine#1" [stack: 0x000000c8a5800000,0x000000c8a5900000] [id=11728]
  0x000001f4cbd35a90 ConcurrentGCThread "G1 Service" [stack: 0x000000c8a4200000,0x000000c8a4300000] [id=2704]

Threads with active compile tasks:

VM state: not at safepoint (normal execution)

VM Mutex/Monitor currently owned by a thread:  ([mutex/lock_event])
[0x000001f4cbc65b20] Metaspace_lock - owner thread: 0x000001f4e0681980

Heap address: 0x0000000081e00000, size: 2018 MB, Compressed Oops mode: 32-bit

CDS archive(s) mapped at: [0x0000000800000000-0x0000000800bd0000-0x0000000800bd0000), size 12386304, SharedBaseAddress: 0x0000000800000000, ArchiveRelocationMode: 0.
Compressed class space mapped at: 0x0000000800c00000-0x0000000840c00000, reserved size: 1073741824
Narrow klass base: 0x0000000800000000, Narrow klass shift: 0, Narrow klass range: 0x100000000

GC Precious Log:
 CPUs: 6 total, 6 available
 Memory: 8064M
 Large Page Support: Disabled
 NUMA Support: Disabled
 Compressed Oops: Enabled (32-bit)
 Heap Region Size: 1M
 Heap Min Capacity: 8M
 Heap Initial Capacity: 128M
 Heap Max Capacity: 2018M
 Pre-touch: Disabled
 Parallel Workers: 6
 Concurrent Workers: 2
 Concurrent Refinement Workers: 6
 Periodic GC: Disabled

Heap:
 garbage-first heap   total 51200K, used 37966K [0x0000000081e00000, 0x0000000100000000)
  region size 1024K, 18 young (18432K), 1 survivors (1024K)
 Metaspace       used 47663K, committed 48192K, reserved 1097728K
  class space    used 6559K, committed 6848K, reserved 1048576K

Heap Regions: E=young(eden), S=young(survivor), O=old, HS=humongous(starts), HC=humongous(continues), CS=collection set, F=free, OA=open archive, CA=closed archive, TAMS=top-at-mark-start (previous, next)
|   0|0x0000000081e00000, 0x0000000081f00000, 0x0000000081f00000|100%|HS|  |TAMS 0x0000000081f00000, 0x0000000081e00000| Complete 
|   1|0x0000000081f00000, 0x0000000082000000, 0x0000000082000000|100%| O|  |TAMS 0x0000000082000000, 0x0000000081f00000| Untracked 
|   2|0x0000000082000000, 0x0000000082100000, 0x0000000082100000|100%| O|  |TAMS 0x0000000082100000, 0x0000000082000000| Untracked 
|   3|0x0000000082100000, 0x0000000082200000, 0x0000000082200000|100%| O|  |TAMS 0x0000000082200000, 0x0000000082100000| Untracked 
|   4|0x0000000082200000, 0x0000000082300000, 0x0000000082300000|100%| O|  |TAMS 0x0000000082300000, 0x0000000082200000| Untracked 
|   5|0x0000000082300000, 0x0000000082400000, 0x0000000082400000|100%| O|  |TAMS 0x0000000082400000, 0x0000000082300000| Untracked 
|   6|0x0000000082400000, 0x0000000082500000, 0x0000000082500000|100%| O|  |TAMS 0x0000000082500000, 0x0000000082400000| Untracked 
|   7|0x0000000082500000, 0x0000000082600000, 0x0000000082600000|100%| O|  |TAMS 0x0000000082600000, 0x0000000082500000| Untracked 
|   8|0x0000000082600000, 0x0000000082700000, 0x0000000082700000|100%| O|  |TAMS 0x0000000082700000, 0x0000000082600000| Untracked 
|   9|0x0000000082700000, 0x0000000082800000, 0x0000000082800000|100%| O|  |TAMS 0x0000000082800000, 0x0000000082700000| Untracked 
|  10|0x0000000082800000, 0x0000000082900000, 0x0000000082900000|100%| O|  |TAMS 0x0000000082900000, 0x0000000082800000| Untracked 
|  11|0x0000000082900000, 0x0000000082a00000, 0x0000000082a00000|100%| O|  |TAMS 0x0000000082a00000, 0x0000000082900000| Untracked 
|  12|0x0000000082a00000, 0x0000000082b00000, 0x0000000082b00000|100%| O|  |TAMS 0x0000000082b00000, 0x0000000082a00000| Untracked 
|  13|0x0000000082b00000, 0x0000000082c00000, 0x0000000082c00000|100%| O|  |TAMS 0x0000000082c00000, 0x0000000082b00000| Untracked 
|  14|0x0000000082c00000, 0x0000000082d00000, 0x0000000082d00000|100%| O|  |TAMS 0x0000000082d00000, 0x0000000082c00000| Untracked 
|  15|0x0000000082d00000, 0x0000000082d00000, 0x0000000082e00000|  0%| F|  |TAMS 0x0000000082d00000, 0x0000000082d00000| Untracked 
|  16|0x0000000082e00000, 0x0000000082f00000, 0x0000000082f00000|100%| O|  |TAMS 0x0000000082eb7c00, 0x0000000082e00000| Untracked 
|  17|0x0000000082f00000, 0x0000000083000000, 0x0000000083000000|100%| O|  |TAMS 0x0000000082f00000, 0x0000000082f00000| Untracked 
|  18|0x0000000083000000, 0x0000000083100000, 0x0000000083100000|100%| O|  |TAMS 0x0000000083000000, 0x0000000083000000| Untracked 
|  19|0x0000000083100000, 0x0000000083200000, 0x0000000083200000|100%| O|  |TAMS 0x0000000083100000, 0x0000000083100000| Untracked 
|  20|0x0000000083200000, 0x0000000083300000, 0x0000000083300000|100%| O|  |TAMS 0x0000000083200000, 0x0000000083200000| Untracked 
|  21|0x0000000083300000, 0x0000000083394200, 0x0000000083400000| 57%| O|  |TAMS 0x0000000083300000, 0x0000000083300000| Untracked 
|  22|0x0000000083400000, 0x0000000083400000, 0x0000000083500000|  0%| F|  |TAMS 0x0000000083400000, 0x0000000083400000| Untracked 
|  23|0x0000000083500000, 0x0000000083500000, 0x0000000083600000|  0%| F|  |TAMS 0x0000000083500000, 0x0000000083500000| Untracked 
|  24|0x0000000083600000, 0x0000000083600000, 0x0000000083700000|  0%| F|  |TAMS 0x0000000083600000, 0x0000000083600000| Untracked 
|  25|0x0000000083700000, 0x0000000083700000, 0x0000000083800000|  0%| F|  |TAMS 0x0000000083700000, 0x0000000083700000| Untracked 
|  26|0x0000000083800000, 0x0000000083800000, 0x0000000083900000|  0%| F|  |TAMS 0x0000000083800000, 0x0000000083800000| Untracked 
|  27|0x0000000083900000, 0x0000000083900000, 0x0000000083a00000|  0%| F|  |TAMS 0x0000000083900000, 0x0000000083900000| Untracked 
|  28|0x0000000083a00000, 0x0000000083a00000, 0x0000000083b00000|  0%| F|  |TAMS 0x0000000083a00000, 0x0000000083a00000| Untracked 
|  29|0x0000000083b00000, 0x0000000083b00000, 0x0000000083c00000|  0%| F|  |TAMS 0x0000000083b00000, 0x0000000083b00000| Untracked 
|  30|0x0000000083c00000, 0x0000000083c00000, 0x0000000083d00000|  0%| F|  |TAMS 0x0000000083c00000, 0x0000000083c00000| Untracked 
|  31|0x0000000083d00000, 0x0000000083d00000, 0x0000000083e00000|  0%| F|  |TAMS 0x0000000083d00000, 0x0000000083d00000| Untracked 
|  32|0x0000000083e00000, 0x0000000083e45bf0, 0x0000000083f00000| 27%| E|  |TAMS 0x0000000083e00000, 0x0000000083e00000| Complete 
|  33|0x0000000083f00000, 0x0000000084000000, 0x0000000084000000|100%| E|CS|TAMS 0x0000000083f00000, 0x0000000083f00000| Complete 
|  34|0x0000000084000000, 0x0000000084100000, 0x0000000084100000|100%| E|CS|TAMS 0x0000000084000000, 0x0000000084000000| Complete 
|  35|0x0000000084100000, 0x0000000084200000, 0x0000000084200000|100%| E|CS|TAMS 0x0000000084100000, 0x0000000084100000| Complete 
|  36|0x0000000084200000, 0x0000000084300000, 0x0000000084300000|100%| E|CS|TAMS 0x0000000084200000, 0x0000000084200000| Complete 
|  37|0x0000000084300000, 0x0000000084400000, 0x0000000084400000|100%| E|CS|TAMS 0x0000000084300000, 0x0000000084300000| Complete 
|  38|0x0000000084400000, 0x0000000084500000, 0x0000000084500000|100%| E|CS|TAMS 0x0000000084400000, 0x0000000084400000| Complete 
|  39|0x0000000084500000, 0x0000000084600000, 0x0000000084600000|100%| E|CS|TAMS 0x0000000084500000, 0x0000000084500000| Complete 
|  40|0x0000000084600000, 0x0000000084700000, 0x0000000084700000|100%| E|CS|TAMS 0x0000000084600000, 0x0000000084600000| Complete 
|  41|0x0000000084700000, 0x0000000084800000, 0x0000000084800000|100%| E|CS|TAMS 0x0000000084700000, 0x0000000084700000| Complete 
|  42|0x0000000084800000, 0x0000000084900000, 0x0000000084900000|100%| E|CS|TAMS 0x0000000084800000, 0x0000000084800000| Complete 
|  43|0x0000000084900000, 0x0000000084a00000, 0x0000000084a00000|100%| E|CS|TAMS 0x0000000084900000, 0x0000000084900000| Complete 
| 103|0x0000000088500000, 0x0000000088600000, 0x0000000088600000|100%| E|CS|TAMS 0x0000000088500000, 0x0000000088500000| Complete 
| 104|0x0000000088600000, 0x0000000088700000, 0x0000000088700000|100%| E|CS|TAMS 0x0000000088600000, 0x0000000088600000| Complete 
| 105|0x0000000088700000, 0x0000000088800000, 0x0000000088800000|100%| E|CS|TAMS 0x0000000088700000, 0x0000000088700000| Complete 
| 106|0x0000000088800000, 0x0000000088900000, 0x0000000088900000|100%| E|CS|TAMS 0x0000000088800000, 0x0000000088800000| Complete 
| 107|0x0000000088900000, 0x000000008897f8c0, 0x0000000088a00000| 49%| S|CS|TAMS 0x0000000088900000, 0x0000000088900000| Complete 
| 127|0x0000000089d00000, 0x0000000089e00000, 0x0000000089e00000|100%| E|CS|TAMS 0x0000000089d00000, 0x0000000089d00000| Complete 

Card table byte_map: [0x000001f4d87c0000,0x000001f4d8bc0000] _byte_map_base: 0x000001f4d83b1000

Marking Bits (Prev, Next): (CMBitMap*) 0x000001f4cbcc4710, (CMBitMap*) 0x000001f4cbcc4750
 Prev Bits: [0x000001f4d8fc0000, 0x000001f4daf48000)
 Next Bits: [0x000001f4daf50000, 0x000001f4dced8000)

Polling page: 0x000001f4cbd40000

Metaspace:

Usage:
  Non-class:     40.14 MB used.
      Class:      6.41 MB used.
       Both:     46.55 MB used.

Virtual space:
  Non-class space:       48.00 MB reserved,      40.38 MB ( 84%) committed,  6 nodes.
      Class space:        1.00 GB reserved,       6.69 MB ( <1%) committed,  1 nodes.
             Both:        1.05 GB reserved,      47.06 MB (  4%) committed. 

Chunk freelists:
   Non-Class:  2.92 MB
       Class:  1.30 MB
        Both:  4.22 MB

MaxMetaspaceSize: unlimited
CompressedClassSpaceSize: 1.00 GB
Initial GC threshold: 21.00 MB
Current GC threshold: 59.31 MB
CDS: on
MetaspaceReclaimPolicy: balanced
 - commit_granule_bytes: 65536.
 - commit_granule_words: 8192.
 - virtual_space_node_default_size: 1048576.
 - enlarge_chunks_in_place: 1.
 - new_chunks_are_fully_committed: 0.
 - uncommit_free_chunks: 1.
 - use_allocation_guard: 0.
 - handle_deallocations: 1.


Internal statistics:

num_allocs_failed_limit: 9.
num_arena_births: 646.
num_arena_deaths: 0.
num_vsnodes_births: 7.
num_vsnodes_deaths: 0.
num_space_committed: 753.
num_space_uncommitted: 0.
num_chunks_returned_to_freelist: 9.
num_chunks_taken_from_freelist: 2251.
num_chunk_merges: 9.
num_chunk_splits: 1620.
num_chunks_enlarged: 1242.
num_purges: 0.
num_inconsistent_stats: 0.

CodeCache: size=49152Kb used=9479Kb max_used=9479Kb free=39672Kb
 bounds [0x000001f4d4cf0000, 0x000001f4d5640000, 0x000001f4d7cf0000]
 total_blobs=5179 nmethods=4565 adapters=539
 compilation: enabled
              stopped_count=0, restarted_count=0
 full_count=0

Compilation events (20 events):
Event: 5.240 Thread 0x000001f4df7ce860 4555       1       java.util.Collections$UnmodifiableMap$UnmodifiableEntrySet$1::hasNext (10 bytes)
Event: 5.240 Thread 0x000001f4df7cd930 4556       1       java.util.Collections$UnmodifiableMap$UnmodifiableEntrySet$1::next (5 bytes)
Event: 5.240 Thread 0x000001f4df7ce860 nmethod 4555 0x000001f4d562d790 code [0x000001f4d562d920, 0x000001f4d562da08]
Event: 5.240 Thread 0x000001f4df7ce860 4558       1       java.util.Collections$UnmodifiableMap$UnmodifiableEntrySet$UnmodifiableEntry::<init> (16 bytes)
Event: 5.240 Thread 0x000001f4df74c2e0 4557       1       java.util.Collections$UnmodifiableMap$UnmodifiableEntrySet$1::next (20 bytes)
Event: 5.240 Thread 0x000001f4df7cd930 nmethod 4556 0x000001f4d562da90 code [0x000001f4d562dc40, 0x000001f4d562df38]
Event: 5.240 Thread 0x000001f4df7cd930 4559       1       java.util.Collections$UnmodifiableMap$UnmodifiableEntrySet$UnmodifiableEntry::getKey (10 bytes)
Event: 5.240 Thread 0x000001f4df7ce860 nmethod 4558 0x000001f4d562e090 code [0x000001f4d562e240, 0x000001f4d562e468]
Event: 5.240 Thread 0x000001f4df74c2e0 nmethod 4557 0x000001f4d562e590 code [0x000001f4d562e740, 0x000001f4d562ea38]
Event: 5.240 Thread 0x000001f4df7cd930 nmethod 4559 0x000001f4d562eb90 code [0x000001f4d562ed20, 0x000001f4d562ee08]
Event: 5.243 Thread 0x000001f4df7cd930 4560       1       java.lang.PublicMethods$Key::equals (50 bytes)
Event: 5.243 Thread 0x000001f4df7cd930 nmethod 4560 0x000001f4d562ee90 code [0x000001f4d562f040, 0x000001f4d562f228]
Event: 5.246 Thread 0x000001f4df7cd930 4561       1       java.lang.invoke.LambdaForm$DMH/0x0000000800d09000::newInvokeSpecial (30 bytes)
Event: 5.246 Thread 0x000001f4df7cd930 nmethod 4561 0x000001f4d562f310 code [0x000001f4d562f4c0, 0x000001f4d562f688]
Event: 5.306 Thread 0x000001f4df74c2e0 4563       1       org.hibernate.internal.util.collections.CaseInsensitiveDictionary::trueKey (8 bytes)
Event: 5.307 Thread 0x000001f4df74c2e0 nmethod 4563 0x000001f4d5630a10 code [0x000001f4d5630bc0, 0x000001f4d5630d18]
Event: 5.309 Thread 0x000001f4df7ce860 4564       1       java.lang.invoke.MethodHandles$Lookup::resolveOrNull (46 bytes)
Event: 5.310 Thread 0x000001f4df7ce860 nmethod 4564 0x000001f4d5630e10 code [0x000001f4d5631000, 0x000001f4d5631408]
Event: 5.317 Thread 0x000001f4df7cd930 4565       1       org.hibernate.service.spi.ServiceBinding::getService (5 bytes)
Event: 5.317 Thread 0x000001f4df7cd930 nmethod 4565 0x000001f4d5631c10 code [0x000001f4d5631da0, 0x000001f4d5631e78]

GC Heap History (20 events):
Event: 1.285 GC heap before
{Heap before GC invocations=1 (full 0):
 garbage-first heap   total 131072K, used 26736K [0x0000000081e00000, 0x0000000100000000)
  region size 1024K, 23 young (23552K), 3 survivors (3072K)
 Metaspace       used 10762K, committed 11072K, reserved 1064960K
  class space    used 1471K, committed 1600K, reserved 1048576K
}
Event: 1.289 GC heap after
{Heap after GC invocations=2 (full 0):
 garbage-first heap   total 131072K, used 8653K [0x0000000081e00000, 0x0000000100000000)
  region size 1024K, 2 young (2048K), 2 survivors (2048K)
 Metaspace       used 10762K, committed 11072K, reserved 1064960K
  class space    used 1471K, committed 1600K, reserved 1048576K
}
Event: 1.951 GC heap before
{Heap before GC invocations=2 (full 0):
 garbage-first heap   total 131072K, used 53709K [0x0000000081e00000, 0x0000000100000000)
  region size 1024K, 47 young (48128K), 2 survivors (2048K)
 Metaspace       used 19469K, committed 19776K, reserved 1073152K
  class space    used 2613K, committed 2816K, reserved 1048576K
}
Event: 1.957 GC heap after
{Heap after GC invocations=3 (full 0):
 garbage-first heap   total 131072K, used 12678K [0x0000000081e00000, 0x0000000100000000)
  region size 1024K, 6 young (6144K), 6 survivors (6144K)
 Metaspace       used 19469K, committed 19776K, reserved 1073152K
  class space    used 2613K, committed 2816K, reserved 1048576K
}
Event: 2.307 GC heap before
{Heap before GC invocations=3 (full 0):
 garbage-first heap   total 131072K, used 32134K [0x0000000081e00000, 0x0000000100000000)
  region size 1024K, 26 young (26624K), 6 survivors (6144K)
 Metaspace       used 21145K, committed 21504K, reserved 1073152K
  class space    used 2859K, committed 3008K, reserved 1048576K
}
Event: 2.313 GC heap after
{Heap after GC invocations=4 (full 0):
 garbage-first heap   total 131072K, used 13533K [0x0000000081e00000, 0x0000000100000000)
  region size 1024K, 5 young (5120K), 5 survivors (5120K)
 Metaspace       used 21145K, committed 21504K, reserved 1073152K
  class space    used 2859K, committed 3008K, reserved 1048576K
}
Event: 3.015 GC heap before
{Heap before GC invocations=5 (full 0):
 garbage-first heap   total 51200K, used 38109K [0x0000000081e00000, 0x0000000100000000)
  region size 1024K, 30 young (30720K), 5 survivors (5120K)
 Metaspace       used 24278K, committed 24704K, reserved 1073152K
  class space    used 3374K, committed 3584K, reserved 1048576K
}
Event: 3.021 GC heap after
{Heap after GC invocations=6 (full 0):
 garbage-first heap   total 51200K, used 15907K [0x0000000081e00000, 0x0000000100000000)
  region size 1024K, 4 young (4096K), 4 survivors (4096K)
 Metaspace       used 24278K, committed 24704K, reserved 1073152K
  class space    used 3374K, committed 3584K, reserved 1048576K
}
Event: 3.042 GC heap before
{Heap before GC invocations=6 (full 0):
 garbage-first heap   total 51200K, used 16931K [0x0000000081e00000, 0x0000000100000000)
  region size 1024K, 5 young (5120K), 4 survivors (4096K)
 Metaspace       used 24503K, committed 24960K, reserved 1073152K
  class space    used 3420K, committed 3648K, reserved 1048576K
}
Event: 3.046 GC heap after
{Heap after GC invocations=7 (full 0):
 garbage-first heap   total 51200K, used 15946K [0x0000000081e00000, 0x0000000100000000)
  region size 1024K, 1 young (1024K), 1 survivors (1024K)
 Metaspace       used 24503K, committed 24960K, reserved 1073152K
  class space    used 3420K, committed 3648K, reserved 1048576K
}
Event: 3.334 GC heap before
{Heap before GC invocations=7 (full 0):
 garbage-first heap   total 51200K, used 35402K [0x0000000081e00000, 0x0000000100000000)
  region size 1024K, 21 young (21504K), 1 survivors (1024K)
 Metaspace       used 27521K, committed 28032K, reserved 1081344K
  class space    used 3815K, committed 4032K, reserved 1048576K
}
Event: 3.337 GC heap after
{Heap after GC invocations=8 (full 0):
 garbage-first heap   total 51200K, used 17332K [0x0000000081e00000, 0x0000000100000000)
  region size 1024K, 2 young (2048K), 2 survivors (2048K)
 Metaspace       used 27521K, committed 28032K, reserved 1081344K
  class space    used 3815K, committed 4032K, reserved 1048576K
}
Event: 3.701 GC heap before
{Heap before GC invocations=8 (full 0):
 garbage-first heap   total 51200K, used 37812K [0x0000000081e00000, 0x0000000100000000)
  region size 1024K, 22 young (22528K), 2 survivors (2048K)
 Metaspace       used 31183K, committed 31680K, reserved 1081344K
  class space    used 4341K, committed 4608K, reserved 1048576K
}
Event: 3.704 GC heap after
{Heap after GC invocations=9 (full 0):
 garbage-first heap   total 51200K, used 18307K [0x0000000081e00000, 0x0000000100000000)
  region size 1024K, 2 young (2048K), 2 survivors (2048K)
 Metaspace       used 31183K, committed 31680K, reserved 1081344K
  class space    used 4341K, committed 4608K, reserved 1048576K
}
Event: 4.013 GC heap before
{Heap before GC invocations=9 (full 0):
 garbage-first heap   total 51200K, used 34691K [0x0000000081e00000, 0x0000000100000000)
  region size 1024K, 19 young (19456K), 2 survivors (2048K)
 Metaspace       used 35479K, committed 35968K, reserved 1081344K
  class space    used 4986K, committed 5248K, reserved 1048576K
}
Event: 4.016 GC heap after
{Heap after GC invocations=10 (full 0):
 garbage-first heap   total 51200K, used 19488K [0x0000000081e00000, 0x0000000100000000)
  region size 1024K, 3 young (3072K), 3 survivors (3072K)
 Metaspace       used 35479K, committed 35968K, reserved 1081344K
  class space    used 4986K, committed 5248K, reserved 1048576K
}
Event: 5.006 GC heap before
{Heap before GC invocations=11 (full 0):
 garbage-first heap   total 51200K, used 38944K [0x0000000081e00000, 0x0000000100000000)
  region size 1024K, 22 young (22528K), 3 survivors (3072K)
 Metaspace       used 43504K, committed 43904K, reserved 1089536K
  class space    used 6026K, committed 6208K, reserved 1048576K
}
Event: 5.012 GC heap after
{Heap after GC invocations=12 (full 0):
 garbage-first heap   total 51200K, used 21296K [0x0000000081e00000, 0x0000000100000000)
  region size 1024K, 3 young (3072K), 3 survivors (3072K)
 Metaspace       used 43504K, committed 43904K, reserved 1089536K
  class space    used 6026K, committed 6208K, reserved 1048576K
}
Event: 5.031 GC heap before
{Heap before GC invocations=12 (full 0):
 garbage-first heap   total 51200K, used 21296K [0x0000000081e00000, 0x0000000100000000)
  region size 1024K, 4 young (4096K), 3 survivors (3072K)
 Metaspace       used 43650K, committed 44160K, reserved 1089536K
  class space    used 6059K, committed 6272K, reserved 1048576K
}
Event: 5.037 GC heap after
{Heap after GC invocations=13 (full 0):
 garbage-first heap   total 51200K, used 21582K [0x0000000081e00000, 0x0000000100000000)
  region size 1024K, 1 young (1024K), 1 survivors (1024K)
 Metaspace       used 43650K, committed 44160K, reserved 1089536K
  class space    used 6059K, committed 6272K, reserved 1048576K
}

Deoptimization events (12 events):
Event: 1.432 Thread 0x000001f4e0681980 DEOPT PACKING pc=0x000001f4d51e2519 sp=0x000000c8a5afc930
Event: 1.432 Thread 0x000001f4e0681980 DEOPT UNPACKING pc=0x000001f4d4d42b43 sp=0x000000c8a5afbe10 mode 3
Event: 1.627 Thread 0x000001f4e0681980 DEOPT PACKING pc=0x000001f4d52443d5 sp=0x000000c8a5afcf40
Event: 1.627 Thread 0x000001f4e0681980 DEOPT UNPACKING pc=0x000001f4d4d42b43 sp=0x000000c8a5afc3e8 mode 3
Event: 2.994 Thread 0x000001f4e0681980 DEOPT PACKING pc=0x000001f4d53a87ec sp=0x000000c8a5afc750
Event: 2.994 Thread 0x000001f4e0681980 DEOPT UNPACKING pc=0x000001f4d4d42b43 sp=0x000000c8a5afbc08 mode 0
Event: 3.385 Thread 0x000001f4e0681980 DEOPT PACKING pc=0x000001f4d54bc99d sp=0x000000c8a5afbd20
Event: 3.385 Thread 0x000001f4e0681980 DEOPT UNPACKING pc=0x000001f4d4d42b43 sp=0x000000c8a5afb288 mode 3
Event: 3.403 Thread 0x000001f4e0681980 DEOPT PACKING pc=0x000001f4d5214201 sp=0x000000c8a5afddf0
Event: 3.403 Thread 0x000001f4e0681980 DEOPT UNPACKING pc=0x000001f4d4d42b43 sp=0x000000c8a5afd280 mode 3
Event: 3.403 Thread 0x000001f4e25470e0 DEOPT PACKING pc=0x000001f4d5195317 sp=0x000000c8a5fff050
Event: 3.403 Thread 0x000001f4e25470e0 DEOPT UNPACKING pc=0x000001f4d4d42b43 sp=0x000000c8a5ffe4a8 mode 3

Classes unloaded (0 events):
No events

Classes redefined (0 events):
No events

Internal exceptions (20 events):
Event: 3.282 Thread 0x000001f4e0681980 Exception <a 'sun/nio/fs/WindowsException'{0x0000000083d04128}> (0x0000000083d04128) 
thrown [s\open\src\hotspot\share\prims\jni.cpp, line 516]
Event: 3.282 Thread 0x000001f4e0681980 Exception <a 'sun/nio/fs/WindowsException'{0x0000000083d04478}> (0x0000000083d04478) 
thrown [s\open\src\hotspot\share\prims\jni.cpp, line 516]
Event: 3.302 Thread 0x000001f4e0681980 Exception <a 'java/lang/NoSuchMethodError'{0x0000000083c44a88}: 'java.lang.Object java.lang.invoke.DirectMethodHandle$Holder.invokeSpecial(java.lang.Object, java.lang.Object, long, java.lang.Object, java.lang.Object, java.lang.Object, java.lang.Object, java.lang.Object, java.lang.Object)'> (0x0000000083c44a88) 
thrown [s\open\src\hotspot\share\interpreter\linkResolver.cpp, line 759]
Event: 3.302 Thread 0x000001f4e0681980 Exception <a 'java/lang/NoSuchMethodError'{0x0000000083c495b0}: 'java.lang.Object java.lang.invoke.DelegatingMethodHandle$Holder.reinvoke_L(java.lang.Object, long, java.lang.Object, java.lang.Object, java.lang.Object, java.lang.Object, java.lang.Object, java.lang.Object)'> (0x0000000083c495b0) 
thrown [s\open\src\hotspot\share\interpreter\linkResolver.cpp, line 759]
Event: 3.332 Thread 0x000001f4e0681980 Exception <a 'java/io/FileNotFoundException'{0x0000000083b9fb50}> (0x0000000083b9fb50) 
thrown [s\open\src\hotspot\share\prims\jni.cpp, line 516]
Event: 3.354 Thread 0x000001f4e0681980 Exception <a 'java/lang/NoSuchMethodError'{0x0000000088940c48}: 'int java.lang.invoke.DirectMethodHandle$Holder.invokeInterface(java.lang.Object, java.lang.Object, java.lang.Object, java.lang.Object)'> (0x0000000088940c48) 
thrown [s\open\src\hotspot\share\interpreter\linkResolver.cpp, line 759]
Event: 3.390 Thread 0x000001f4e0681980 Exception <a 'java/lang/NoSuchMethodError'{0x000000008875a410}: 'long java.lang.invoke.DirectMethodHandle$Holder.invokeVirtual(java.lang.Object, java.lang.Object)'> (0x000000008875a410) 
thrown [s\open\src\hotspot\share\interpreter\linkResolver.cpp, line 759]
Event: 3.394 Thread 0x000001f4e0681980 Exception <a 'java/io/FileNotFoundException'{0x000000008878eab0}> (0x000000008878eab0) 
thrown [s\open\src\hotspot\share\prims\jni.cpp, line 516]
Event: 3.413 Thread 0x000001f4e0b70640 Exception <a 'java/lang/reflect/InvocationTargetException'{0x00000000885021a0}> (0x00000000885021a0) 
thrown [s\open\src\hotspot\share\runtime\reflection.cpp, line 1121]
Event: 3.478 Thread 0x000001f4e0681980 Exception <a 'sun/nio/fs/WindowsException'{0x00000000846fb208}> (0x00000000846fb208) 
thrown [s\open\src\hotspot\share\prims\jni.cpp, line 516]
Event: 3.918 Thread 0x000001f4e0b70640 Exception <a 'java/lang/reflect/InvocationTargetException'{0x00000000845cdb10}> (0x00000000845cdb10) 
thrown [s\open\src\hotspot\share\runtime\reflection.cpp, line 1121]
Event: 3.947 Thread 0x000001f4e0681980 Exception <a 'java/lang/NoSuchMethodError'{0x0000000084352ae8}: 'int java.lang.invoke.DirectMethodHandle$Holder.invokeStatic(java.lang.Object)'> (0x0000000084352ae8) 
thrown [s\open\src\hotspot\share\interpreter\linkResolver.cpp, line 759]
Event: 4.346 Thread 0x000001f4e0681980 Exception <a 'sun/nio/fs/WindowsException'{0x000000008860dd60}> (0x000000008860dd60) 
thrown [s\open\src\hotspot\share\prims\jni.cpp, line 516]
Event: 4.360 Thread 0x000001f4e0681980 Exception <a 'java/lang/NoSuchMethodError'{0x0000000088630bf8}: 'int java.lang.invoke.DirectMethodHandle$Holder.invokeStaticInit(java.lang.Object, java.lang.Object, java.lang.Object, java.lang.Object)'> (0x0000000088630bf8) 
thrown [s\open\src\hotspot\share\interpreter\linkResolver.cpp, line 759]
Event: 4.429 Thread 0x000001f4e0b70640 Exception <a 'java/lang/reflect/InvocationTargetException'{0x000000008851d718}> (0x000000008851d718) 
thrown [s\open\src\hotspot\share\runtime\reflection.cpp, line 1121]
Event: 4.899 Thread 0x000001f4e0681980 Exception <a 'java/lang/NoSuchMethodError'{0x0000000084341dd0}: 'java.lang.Object java.lang.invoke.DirectMethodHandle$Holder.invokeStaticInit(java.lang.Object, java.lang.Object, java.lang.Object, java.lang.Object)'> (0x0000000084341dd0) 
thrown [s\open\src\hotspot\share\interpreter\linkResolver.cpp, line 759]
Event: 4.934 Thread 0x000001f4e0b70640 Exception <a 'java/lang/reflect/InvocationTargetException'{0x000000008401a800}> (0x000000008401a800) 
thrown [s\open\src\hotspot\share\runtime\reflection.cpp, line 1121]
Event: 5.267 Thread 0x000001f4e0681980 Exception <a 'java/lang/IncompatibleClassChangeError'{0x000000008421ddb0}: Found class java.lang.Object, but interface was expected> (0x000000008421ddb0) 
thrown [s\open\src\hotspot\share\interpreter\linkResolver.cpp, line 826]
Event: 5.282 Thread 0x000001f4e0681980 Exception <a 'java/lang/NoSuchMethodError'{0x00000000842e5a58}: 'java.lang.Object java.lang.invoke.DirectMethodHandle$Holder.invokeStatic(java.lang.Object, java.lang.Object, int, java.lang.Object)'> (0x00000000842e5a58) 
thrown [s\open\src\hotspot\share\interpreter\linkResolver.cpp, line 759]
Event: 5.282 Thread 0x000001f4e0681980 Exception <a 'java/lang/NoSuchMethodError'{0x00000000842e94f0}: 'java.lang.Object java.lang.invoke.DirectMethodHandle$Holder.invokeStaticInit(java.lang.Object, java.lang.Object, int, java.lang.Object)'> (0x00000000842e94f0) 
thrown [s\open\src\hotspot\share\interpreter\linkResolver.cpp, line 759]

VM Operations (20 events):
Event: 3.425 Executing VM operation: HandshakeAllThreads
Event: 3.425 Executing VM operation: HandshakeAllThreads done
Event: 3.701 Executing VM operation: G1CollectForAllocation
Event: 3.704 Executing VM operation: G1CollectForAllocation done
Event: 4.013 Executing VM operation: CollectForMetadataAllocation
Event: 4.016 Executing VM operation: CollectForMetadataAllocation done
Event: 4.027 Executing VM operation: CollectForMetadataAllocation
Event: 4.027 Executing VM operation: CollectForMetadataAllocation done
Event: 4.035 Executing VM operation: G1Concurrent
Event: 4.037 Executing VM operation: G1Concurrent done
Event: 4.049 Executing VM operation: G1Concurrent
Event: 4.049 Executing VM operation: G1Concurrent done
Event: 4.353 Executing VM operation: HandshakeAllThreads
Event: 4.354 Executing VM operation: HandshakeAllThreads done
Event: 4.548 Executing VM operation: HandshakeAllThreads
Event: 4.548 Executing VM operation: HandshakeAllThreads done
Event: 5.006 Executing VM operation: G1CollectForAllocation
Event: 5.012 Executing VM operation: G1CollectForAllocation done
Event: 5.031 Executing VM operation: G1CollectForAllocation
Event: 5.037 Executing VM operation: G1CollectForAllocation done

Events (20 events):
Event: 5.134 loading class sun/security/provider/MD5
Event: 5.134 loading class sun/security/provider/MD5 done
Event: 5.134 loading class sun/security/provider/ByteArrayAccess$LE
Event: 5.134 loading class sun/security/provider/ByteArrayAccess$LE done
Event: 5.191 loading class javax/naming/RefAddr
Event: 5.192 loading class javax/naming/RefAddr done
Event: 5.192 loading class javax/naming/StringRefAddr
Event: 5.192 loading class javax/naming/StringRefAddr done
Event: 5.217 loading class java/util/concurrent/CompletionStage
Event: 5.217 loading class java/util/concurrent/CompletionStage done
Event: 5.218 loading class java/util/concurrent/CompletableFuture
Event: 5.218 loading class java/util/concurrent/CompletableFuture done
Event: 5.219 loading class java/util/concurrent/CompletableFuture$AltResult
Event: 5.219 loading class java/util/concurrent/CompletableFuture$AltResult done
Event: 5.219 loading class java/util/concurrent/CompletableFuture$Completion
Event: 5.219 loading class java/util/concurrent/CompletableFuture$AsynchronousCompletionTask
Event: 5.219 loading class java/util/concurrent/CompletableFuture$AsynchronousCompletionTask done
Event: 5.219 loading class java/util/concurrent/CompletableFuture$Completion done
Event: 5.259 loading class java/util/concurrent/CancellationException
Event: 5.259 loading class java/util/concurrent/CancellationException done


Dynamic libraries:
0x00007ff627390000 - 0x00007ff6273a0000 	C:\Program Files\Java\jdk-17.0.5\bin\java.exe
0x00007ff94b6b0000 - 0x00007ff94b8a8000 	C:\WINDOWS\SYSTEM32\ntdll.dll
0x00007ff949710000 - 0x00007ff9497cf000 	C:\WINDOWS\System32\KERNEL32.DLL
0x00007ff948e30000 - 0x00007ff949126000 	C:\WINDOWS\System32\KERNELBASE.dll
0x00007ff949130000 - 0x00007ff949230000 	C:\WINDOWS\System32\ucrtbase.dll
0x00007ff932090000 - 0x00007ff9320a8000 	C:\Program Files\Java\jdk-17.0.5\bin\jli.dll
0x00007ff94ae00000 - 0x00007ff94aeaf000 	C:\WINDOWS\System32\ADVAPI32.dll
0x00007ff949a00000 - 0x00007ff949a9e000 	C:\WINDOWS\System32\msvcrt.dll
0x00007ff949aa0000 - 0x00007ff949b3c000 	C:\WINDOWS\System32\sechost.dll
0x00007ff94acb0000 - 0x00007ff94add6000 	C:\WINDOWS\System32\RPCRT4.dll
0x00007ff9497d0000 - 0x00007ff94996d000 	C:\WINDOWS\System32\USER32.dll
0x00007ff949630000 - 0x00007ff949652000 	C:\WINDOWS\System32\win32u.dll
0x00007ff94ac70000 - 0x00007ff94ac9c000 	C:\WINDOWS\System32\GDI32.dll
0x00007ff949510000 - 0x00007ff949625000 	C:\WINDOWS\System32\gdi32full.dll
0x00007ff948d90000 - 0x00007ff948e2d000 	C:\WINDOWS\System32\msvcp_win.dll
0x00007ff931780000 - 0x00007ff93179a000 	C:\Program Files\Java\jdk-17.0.5\bin\VCRUNTIME140.dll
0x00007ff932d80000 - 0x00007ff93301a000 	C:\WINDOWS\WinSxS\amd64_microsoft.windows.common-controls_6595b64144ccf1df_6.0.19041.1110_none_60b5254171f9507e\COMCTL32.dll
0x00007ff9439b0000 - 0x00007ff9439ba000 	C:\WINDOWS\SYSTEM32\VERSION.dll
0x00007ff94b590000 - 0x00007ff94b5c0000 	C:\WINDOWS\System32\IMM32.DLL
0x00007ff932080000 - 0x00007ff93208c000 	C:\Program Files\Java\jdk-17.0.5\bin\vcruntime140_1.dll
0x00007ff922c10000 - 0x00007ff922c9d000 	C:\Program Files\Java\jdk-17.0.5\bin\msvcp140.dll
0x00007ff90ca90000 - 0x00007ff90d652000 	C:\Program Files\Java\jdk-17.0.5\bin\server\jvm.dll
0x00007ff94aca0000 - 0x00007ff94aca8000 	C:\WINDOWS\System32\PSAPI.DLL
0x00007ff931730000 - 0x00007ff931739000 	C:\WINDOWS\SYSTEM32\WSOCK32.dll
0x00007ff936220000 - 0x00007ff936247000 	C:\WINDOWS\SYSTEM32\WINMM.dll
0x00007ff94a660000 - 0x00007ff94a6cb000 	C:\WINDOWS\System32\WS2_32.dll
0x00007ff946c60000 - 0x00007ff946c72000 	C:\WINDOWS\SYSTEM32\kernel.appcore.dll
0x00007ff931770000 - 0x00007ff93177a000 	C:\Program Files\Java\jdk-17.0.5\bin\jimage.dll
0x00007ff936420000 - 0x00007ff936604000 	C:\WINDOWS\SYSTEM32\DBGHELP.DLL
0x00007ff933730000 - 0x00007ff933764000 	C:\WINDOWS\SYSTEM32\dbgcore.DLL
0x00007ff9493c0000 - 0x00007ff949442000 	C:\WINDOWS\System32\bcryptPrimitives.dll
0x00007ff9334d0000 - 0x00007ff9334de000 	C:\Program Files\Java\jdk-17.0.5\bin\instrument.dll
0x00007ff92cfb0000 - 0x00007ff92cfd5000 	C:\Program Files\Java\jdk-17.0.5\bin\java.dll
0x00007ff9183e0000 - 0x00007ff9184b6000 	C:\Program Files\Java\jdk-17.0.5\bin\jsvml.dll
0x00007ff949e40000 - 0x00007ff94a584000 	C:\WINDOWS\System32\SHELL32.dll
0x00007ff946e60000 - 0x00007ff9475f3000 	C:\WINDOWS\SYSTEM32\windows.storage.dll
0x00007ff94b230000 - 0x00007ff94b584000 	C:\WINDOWS\System32\combase.dll
0x00007ff948700000 - 0x00007ff94872e000 	C:\WINDOWS\SYSTEM32\Wldp.dll
0x00007ff94b5c0000 - 0x00007ff94b66d000 	C:\WINDOWS\System32\SHCORE.dll
0x00007ff949b40000 - 0x00007ff949b95000 	C:\WINDOWS\System32\shlwapi.dll
0x00007ff948cd0000 - 0x00007ff948cef000 	C:\WINDOWS\SYSTEM32\profapi.dll
0x00007ff9298d0000 - 0x00007ff9298e8000 	C:\Program Files\Java\jdk-17.0.5\bin\zip.dll
0x00007ff92cf90000 - 0x00007ff92cfa9000 	C:\Program Files\Java\jdk-17.0.5\bin\net.dll
0x00007ff9422e0000 - 0x00007ff9423ea000 	C:\WINDOWS\SYSTEM32\WINHTTP.dll
0x00007ff948460000 - 0x00007ff9484ca000 	C:\WINDOWS\system32\mswsock.dll
0x00007ff9298f0000 - 0x00007ff929906000 	C:\Program Files\Java\jdk-17.0.5\bin\nio.dll
0x00007ff931b40000 - 0x00007ff931b5a000 	C:\Program Files\JetBrains\IntelliJ IDEA 2023.2.1\bin\breakgen64.dll
0x00007ff948190000 - 0x00007ff94825a000 	C:\WINDOWS\SYSTEM32\DNSAPI.dll
0x00007ff948150000 - 0x00007ff94818c000 	C:\WINDOWS\SYSTEM32\IPHLPAPI.DLL
0x00007ff949e30000 - 0x00007ff949e38000 	C:\WINDOWS\System32\NSI.dll
0x00007ff940a70000 - 0x00007ff940a7a000 	C:\Windows\System32\rasadhlp.dll
0x00007ff93f000000 - 0x00007ff93f082000 	C:\WINDOWS\System32\fwpuclnt.dll
0x00007ff949230000 - 0x00007ff949257000 	C:\WINDOWS\System32\bcrypt.dll
0x00007ff9334c0000 - 0x00007ff9334c9000 	C:\Program Files\Java\jdk-17.0.5\bin\management.dll
0x00007ff931b60000 - 0x00007ff931b6b000 	C:\Program Files\Java\jdk-17.0.5\bin\management_ext.dll
0x00007ff948650000 - 0x00007ff948668000 	C:\WINDOWS\SYSTEM32\CRYPTSP.dll
0x00007ff947d80000 - 0x00007ff947db4000 	C:\WINDOWS\system32\rsaenh.dll
0x00007ff948c90000 - 0x00007ff948cbe000 	C:\WINDOWS\SYSTEM32\USERENV.dll
0x00007ff948670000 - 0x00007ff94867c000 	C:\WINDOWS\SYSTEM32\CRYPTBASE.dll
0x00007ff943850000 - 0x00007ff943867000 	C:\WINDOWS\SYSTEM32\dhcpcsvc6.DLL
0x00007ff943040000 - 0x00007ff94305d000 	C:\WINDOWS\SYSTEM32\dhcpcsvc.DLL
0x00007ff927230000 - 0x00007ff927247000 	C:\WINDOWS\system32\napinsp.dll
0x00007ff927210000 - 0x00007ff92722b000 	C:\WINDOWS\system32\pnrpnsp.dll
0x00007ff931860000 - 0x00007ff931875000 	C:\WINDOWS\system32\wshbth.dll
0x00007ff944700000 - 0x00007ff94471d000 	C:\WINDOWS\system32\NLAapi.dll
0x00007ff931830000 - 0x00007ff931842000 	C:\WINDOWS\System32\winrnr.dll
0x00007ff928510000 - 0x00007ff92851e000 	C:\Program Files\Java\jdk-17.0.5\bin\sunmscapi.dll
0x00007ff949260000 - 0x00007ff9493be000 	C:\WINDOWS\System32\CRYPT32.dll
0x00007ff948770000 - 0x00007ff948798000 	C:\WINDOWS\SYSTEM32\ncrypt.dll
0x00007ff948730000 - 0x00007ff94876b000 	C:\WINDOWS\SYSTEM32\NTASN1.dll
0x00007ff9285e0000 - 0x00007ff9285f0000 	C:\Program Files\Java\jdk-17.0.5\bin\verify.dll

dbghelp: loaded successfully - version: 4.0.5 - missing functions: none
symbol engine: initialized successfully - sym options: 0x614 - pdb path: .;C:\Program Files\Java\jdk-17.0.5\bin;C:\WINDOWS\SYSTEM32;C:\WINDOWS\WinSxS\amd64_microsoft.windows.common-controls_6595b64144ccf1df_6.0.19041.1110_none_60b5254171f9507e;C:\Program Files\Java\jdk-17.0.5\bin\server;C:\Program Files\JetBrains\IntelliJ IDEA 2023.2.1\bin

VM Arguments:
jvm_args: -XX:TieredStopAtLevel=1 -Dspring.output.ansi.enabled=always -Dcom.sun.management.jmxremote -Dspring.jmx.enabled=true -Dspring.liveBeansView.mbeanDomain -Dspring.application.admin.enabled=true -Dmanagement.endpoints.jmx.exposure.include=* -javaagent:C:\Program Files\JetBrains\IntelliJ IDEA 2023.2.1\lib\idea_rt.jar=51534:C:\Program Files\JetBrains\IntelliJ IDEA 2023.2.1\bin -Dfile.encoding=UTF-8 
java_command: com.shohab.CreateApi.CreateApiApplication
java_class_path (initial): F:\SpringBoot-main\CreateApi\target\classes;C:\Users\user\.m2\repository\org\springframework\boot\spring-boot-starter-data-jpa\3.2.2\spring-boot-starter-data-jpa-3.2.2.jar;C:\Users\user\.m2\repository\org\springframework\boot\spring-boot-starter-aop\3.2.2\spring-boot-starter-aop-3.2.2.jar;C:\Users\user\.m2\repository\org\springframework\spring-aop\6.1.3\spring-aop-6.1.3.jar;C:\Users\user\.m2\repository\org\aspectj\aspectjweaver\1.9.21\aspectjweaver-1.9.21.jar;C:\Users\user\.m2\repository\org\springframework\boot\spring-boot-starter-jdbc\3.2.2\spring-boot-starter-jdbc-3.2.2.jar;C:\Users\user\.m2\repository\com\zaxxer\HikariCP\5.0.1\HikariCP-5.0.1.jar;C:\Users\user\.m2\repository\org\springframework\spring-jdbc\6.1.3\spring-jdbc-6.1.3.jar;C:\Users\user\.m2\repository\org\hibernate\orm\hibernate-core\6.4.1.Final\hibernate-core-6.4.1.Final.jar;C:\Users\user\.m2\repository\jakarta\persistence\jakarta.persistence-api\3.1.0\jakarta.persistence-api-3.1.0.jar;C:\Users\user\.m2\repository\jakarta\transaction\jakarta.transaction-api\2.0.1\jakarta.transaction-api-2.0.1.jar;C:\Users\user\.m2\repository\org\jboss\logging\jboss-logging\3.5.3.Final\jboss-logging-3.5.3.Final.jar;C:\Users\user\.m2\repository\org\hibernate\common\hibernate-commons-annotations\6.0.6.Final\hibernate-commons-annotations-6.0.6.Final.jar;C:\Users\user\.m2\repository\io\smallrye\jandex\3.1.2\jandex-3.1.2.jar;C:\Users\user\.m2\repository\com\fasterxml\classmate\1.6.0\classmate-1.6.0.jar;C:\Users\user\.m2\repository\net\bytebuddy\byte-buddy\1.14.11\byte-buddy-1.14.11.jar;C:\Users\user\.m2\repository\org\glassfish\jaxb\jaxb-runtime\4.0.4\jaxb-runtime-4.0.4.jar;C:\Users\user\.m2\repository\org\glassfish\jaxb\jaxb-core\4.0.4\jaxb-core-4.0.4.jar;C:\Users\user\.m2\repository\org\eclipse\angus\angus-activation\2.0.1\angus-activation-2.0.1.jar;C:\Users\user\.m2\repository\org\glassfish\jaxb\txw2\4.0.4\txw2-4.0.4.jar;C:\Users\user\.m2\repository\com\sun\istack\istack-commons-runtime\4.1.2
Launcher Type: SUN_STANDARD

[Global flags]
     intx CICompilerCount                          = 3                                         {product} {ergonomic}
     uint ConcGCThreads                            = 2                                         {product} {ergonomic}
     uint G1ConcRefinementThreads                  = 6                                         {product} {ergonomic}
   size_t G1HeapRegionSize                         = 1048576                                   {product} {ergonomic}
    uintx GCDrainStackTargetSize                   = 64                                        {product} {ergonomic}
   size_t InitialHeapSize                          = 134217728                                 {product} {ergonomic}
     bool ManagementServer                         = true                                      {product} {command line}
   size_t MarkStackSize                            = 4194304                                   {product} {ergonomic}
   size_t MaxHeapSize                              = 2116026368                                {product} {ergonomic}
   size_t MaxNewSize                               = 1268776960                                {product} {ergonomic}
   size_t MinHeapDeltaBytes                        = 1048576                                   {product} {ergonomic}
   size_t MinHeapSize                              = 8388608                                   {product} {ergonomic}
    uintx NonProfiledCodeHeapSize                  = 0                                      {pd product} {ergonomic}
     bool ProfileInterpreter                       = false                                  {pd product} {command line}
    uintx ProfiledCodeHeapSize                     = 0                                      {pd product} {ergonomic}
   size_t SoftMaxHeapSize                          = 2116026368                             {manageable} {ergonomic}
     intx TieredStopAtLevel                        = 1                                         {product} {command line}
     bool UseCompressedClassPointers               = true                           {product lp64_product} {ergonomic}
     bool UseCompressedOops                        = true                           {product lp64_product} {ergonomic}
     bool UseG1GC                                  = true                                      {product} {ergonomic}
     bool UseLargePagesIndividualAllocation        = false                                  {pd product} {ergonomic}

Logging:
Log output configuration:
 #0: stdout all=warning uptime,level,tags
 #1: stderr all=off uptime,level,tags

Environment Variables:
PATH=C:\Program Files\Common Files\Oracle\Java\javapath;C:\Program Files (x86)\Common Files\Oracle\Java\javapath;C:\App\db_home\bin;C:\WINDOWS\system32;C:\WINDOWS;C:\WINDOWS\System32\Wbem;C:\WINDOWS\System32\WindowsPowerShell\v1.0\;C:\WINDOWS\System32\OpenSSH\;C:\Program Files\Git\cmd;C:\Program Files\nodejs\;C:\Program Files\dotnet\;C:\Program Files\MySQL\MySQL Shell 8.0\bin\;C:\Users\user\AppData\Local\Microsoft\WindowsApps;C:\Users\user\AppData\Local\Programs\Microsoft VS Code\bin;C:\Users\user\AppData\Local\GitHubDesktop\bin;C:\Users\user\AppData\Roaming\npm;C:\Program Files\JetBrains\IntelliJ IDEA 2023.2.1\bin;
USERNAME=user
OS=Windows_NT
PROCESSOR_IDENTIFIER=Intel64 Family 6 Model 158 Stepping 10, GenuineIntel



---------------  S Y S T E M  ---------------

OS:
 Windows 10 , 64 bit Build 19041 (10.0.19041.3031)
OS uptime: 0 days 2:47 hours

CPU: total 6 (initial active 6) (6 cores per cpu, 1 threads per core) family 6 model 158 stepping 10 microcode 0xb4, cx8, cmov, fxsr, mmx, 3dnowpref, sse, sse2, sse3, ssse3, sse4.1, sse4.2, popcnt, lzcnt, tsc, tscinvbit, avx, avx2, aes, erms, clmul, bmi1, bmi2, adx, fma, vzeroupper, clflush, clflushopt

Memory: 4k page, system-wide physical 8064M (685M free)
TotalPageFile size 10112M (AvailPageFile size 38M)
current process WorkingSet (physical memory assigned to process): 166M, peak: 166M
current process commit charge ("private bytes"): 203M, peak: 242M

vm_info: Java HotSpot(TM) 64-Bit Server VM (17.0.5+9-LTS-191) for windows-amd64 JRE (17.0.5+9-LTS-191), built on Sep 13 2022 17:31:43 by "mach5one" with MS VC++ 16.8 / 16.9 (VS2019)

END.
